Log file open, 05/08/20 17:50:47
LogWindows: Failed to load 'aqProf.dll' (GetLastError=126)
LogWindows: File 'aqProf.dll' does not exist
LogWindows: Failed to load 'VtuneApi.dll' (GetLastError=126)
LogWindows: File 'VtuneApi.dll' does not exist
LogWindows: Failed to load 'VtuneApi32e.dll' (GetLastError=126)
LogWindows: File 'VtuneApi32e.dll' does not exist
LogConsoleResponse: Display: Failed to find resolution value strings in scalability ini. Falling back to default.
LogInit: Display: Running engine for game: CrossyRoads
LogPlatformFile: Not using cached read wrapper
LogTaskGraph: Started task graph with 5 named threads and 23 total threads with 3 sets of task threads.
LogStats: Stats thread started at 5.477730
LogD3D11RHI: Loaded GFSDK_Aftermath_Lib.x64.dll
LogICUInternationalization: ICU TimeZone Detection - Raw Offset: -8:00, Platform Override: ''
LogPluginManager: Mounting plugin Paper2D
LogPluginManager: Mounting plugin AISupport
LogPluginManager: Mounting plugin LightPropagationVolume
LogPluginManager: Mounting plugin ActorLayerUtilities
LogPluginManager: Mounting plugin AnimationSharing
LogPluginManager: Mounting plugin CLionSourceCodeAccess
LogPluginManager: Mounting plugin CodeLiteSourceCodeAccess
LogPluginManager: Mounting plugin GitSourceControl
LogPluginManager: Mounting plugin KDevelopSourceCodeAccess
LogPluginManager: Mounting plugin NullSourceCodeAccess
LogPluginManager: Mounting plugin PerforceSourceControl
LogPluginManager: Mounting plugin PlasticSourceControl
LogPluginManager: Mounting plugin SubversionSourceControl
LogPluginManager: Mounting plugin UObjectPlugin
LogPluginManager: Mounting plugin VisualStudioCodeSourceCodeAccess
LogPluginManager: Mounting plugin VisualStudioSourceCodeAccess
LogPluginManager: Mounting plugin XCodeSourceCodeAccess
LogPluginManager: Mounting plugin AssetManagerEditor
LogPluginManager: Mounting plugin CryptoKeys
LogPluginManager: Mounting plugin CurveEditorTools
LogPluginManager: Mounting plugin DataValidation
LogPluginManager: Mounting plugin FacialAnimation
LogPluginManager: Mounting plugin GameplayTagsEditor
LogPluginManager: Mounting plugin MacGraphicsSwitching
LogPluginManager: Mounting plugin MaterialAnalyzer
LogPluginManager: Mounting plugin MobileLauncherProfileWizard
LogPluginManager: Mounting plugin PluginBrowser
LogPluginManager: Mounting plugin SpeedTreeImporter
LogPluginManager: Mounting plugin DatasmithContent
LogPluginManager: Mounting plugin VariantManagerContent
LogPluginManager: Mounting plugin AlembicImporter
LogPluginManager: Mounting plugin AutomationUtils
LogPluginManager: Mounting plugin BackChannel
LogPluginManager: Mounting plugin CharacterAI
LogPluginManager: Mounting plugin GeometryCache
LogPluginManager: Mounting plugin PlatformCrypto
LogPluginManager: Mounting plugin ProxyLODPlugin
LogPluginManager: Mounting plugin SkeletalReduction
LogPluginManager: Mounting plugin MagicLeap
LogPluginManager: Mounting plugin MagicLeapMedia
LogPluginManager: Mounting plugin MLSDK
LogPluginManager: Mounting plugin AndroidMedia
LogPluginManager: Mounting plugin AvfMedia
LogPluginManager: Mounting plugin ImgMedia
LogPluginManager: Mounting plugin MediaCompositing
LogPluginManager: Mounting plugin MediaPlayerEditor
LogPluginManager: Mounting plugin WebMMedia
LogPluginManager: Mounting plugin WmfMedia
LogPluginManager: Mounting plugin TcpMessaging
LogPluginManager: Mounting plugin UdpMessaging
LogPluginManager: Mounting plugin ActorSequence
LogPluginManager: Mounting plugin LevelSequenceEditor
LogPluginManager: Mounting plugin MatineeToLevelSequence
LogPluginManager: Mounting plugin NetcodeUnitTest
LogPluginManager: Mounting plugin NUTUnrealEngine4
LogPluginManager: Mounting plugin OnlineSubsystemGooglePlay
LogPluginManager: Mounting plugin OnlineSubsystemIOS
LogPluginManager: Mounting plugin OnlineSubsystem
LogPluginManager: Mounting plugin OnlineSubsystemNull
LogPluginManager: Mounting plugin OnlineSubsystemUtils
LogPluginManager: Mounting plugin LauncherChunkInstaller
LogPluginManager: Mounting plugin AndroidDeviceProfileSelector
LogPluginManager: Mounting plugin AndroidMoviePlayer
LogPluginManager: Mounting plugin AndroidPermission
LogPluginManager: Mounting plugin AppleImageUtils
LogPluginManager: Mounting plugin AppleMoviePlayer
LogPluginManager: Mounting plugin ArchVisCharacter
LogPluginManager: Mounting plugin AssetTags
LogPluginManager: Mounting plugin AudioCapture
LogPluginManager: Mounting plugin CableComponent
LogPluginManager: Mounting plugin CustomMeshComponent
LogPluginManager: Mounting plugin EditableMesh
LogPluginManager: Mounting plugin ExampleDeviceProfileSelector
LogPluginManager: Mounting plugin GoogleCloudMessaging
LogPluginManager: Mounting plugin IOSDeviceProfileSelector
LogPluginManager: Mounting plugin LinuxDeviceProfileSelector
LogPluginManager: Mounting plugin LocationServicesBPLibrary
LogPluginManager: Mounting plugin MobilePatchingUtils
LogPluginManager: Mounting plugin OculusVR
LogPluginManager: Mounting plugin PhysXVehicles
LogPluginManager: Mounting plugin PostSplashScreen
LogPluginManager: Mounting plugin ProceduralMeshComponent
LogPluginManager: Mounting plugin RuntimePhysXCooking
LogPluginManager: Mounting plugin SignificanceManager
LogPluginManager: Mounting plugin SteamVR
LogPluginManager: Mounting plugin WebMMoviePlayer
LogPluginManager: Mounting plugin WindowsMoviePlayer
LogPluginManager: Mounting plugin ScreenshotTools
LogInit: Using libcurl 7.55.1-DEV
LogInit:  - built for x86_64-pc-win32
LogInit:  - supports SSL with OpenSSL/1.1.1
LogInit:  - supports HTTP deflate (compression) using libz 1.2.8
LogInit:  - other features:
LogInit:      CURL_VERSION_SSL
LogInit:      CURL_VERSION_LIBZ
LogInit:      CURL_VERSION_IPV6
LogInit:      CURL_VERSION_ASYNCHDNS
LogInit:      CURL_VERSION_LARGEFILE
LogInit:      CURL_VERSION_IDN
LogInit:  CurlRequestOptions (configurable via config and command line):
LogInit:  - bVerifyPeer = true  - Libcurl will verify peer certificate
LogInit:  - bUseHttpProxy = false  - Libcurl will NOT use HTTP proxy
LogInit:  - bDontReuseConnections = false  - Libcurl will reuse connections
LogInit:  - MaxHostConnections = 16  - Libcurl will limit the number of connections to a host
LogInit:  - LocalHostAddr = Default
LogInit:  - BufferSize = 65536
LogOnline: OSS: Creating online subsystem instance for: NULL
LogInit: WinSock: version 1.1 (2.2), MaxSocks=32767, MaxUdp=65467
LogOnline: OSS: TryLoadSubsystemAndSetDefault: Loaded subsystem for module [NULL]
LogInit: Build: ++UE4+Release-4.24-CL-11590370
LogInit: Engine Version: 4.24.3-11590370+++UE4+Release-4.24
LogInit: Compatible Engine Version: 4.24.0-10570792+++UE4+Release-4.24
LogInit: Net CL: 10570792
LogInit: OS: Windows 10 (Release 1903) (), CPU:        Intel(R) Core(TM) i7-3770K CPU @ 3.50GHz, GPU: NVIDIA GeForce GTX 780
LogInit: Compiled (64-bit): Feb 24 2020 15:39:18
LogInit: Compiled with Visual C++: 19.16.27032.01
LogInit: Build Configuration: Development
LogInit: Branch Name: ++UE4+Release-4.24
LogInit: Command Line: 
LogInit: Base Directory: D:/UE_4.24/Engine/Binaries/Win64/
LogInit: Installed Engine Build: 1
LogDevObjectVersion: Number of dev versions registered: 25
LogDevObjectVersion:   Dev-Blueprints (B0D832E4-1F89-4F0D-ACCF-7EB736FD4AA2): 10
LogDevObjectVersion:   Dev-Build (E1C64328-A22C-4D53-A36C-8E866417BD8C): 0
LogDevObjectVersion:   Dev-Core (375EC13C-06E4-48FB-B500-84F0262A717E): 3
LogDevObjectVersion:   Dev-Editor (E4B068ED-F494-42E9-A231-DA0B2E46BB41): 37
LogDevObjectVersion:   Dev-Framework (CFFC743F-43B0-4480-9391-14DF171D2073): 36
LogDevObjectVersion:   Dev-Mobile (B02B49B5-BB20-44E9-A304-32B752E40360): 2
LogDevObjectVersion:   Dev-Networking (A4E4105C-59A1-49B5-A7C5-40C4547EDFEE): 0
LogDevObjectVersion:   Dev-Online (39C831C9-5AE6-47DC-9A44-9C173E1C8E7C): 0
LogDevObjectVersion:   Dev-Physics (78F01B33-EBEA-4F98-B9B4-84EACCB95AA2): 2
LogDevObjectVersion:   Dev-Platform (6631380F-2D4D-43E0-8009-CF276956A95A): 0
LogDevObjectVersion:   Dev-Rendering (12F88B9F-8875-4AFC-A67C-D90C383ABD29): 36
LogDevObjectVersion:   Dev-Sequencer (7B5AE74C-D270-4C10-A958-57980B212A5A): 11
LogDevObjectVersion:   Dev-VR (D7296918-1DD6-4BDD-9DE2-64A83CC13884): 2
LogDevObjectVersion:   Dev-LoadTimes (C2A15278-BFE7-4AFE-6C17-90FF531DF755): 1
LogDevObjectVersion:   Private-Geometry (6EACA3D4-40EC-4CC1-B786-8BED09428FC5): 3
LogDevObjectVersion:   Dev-AnimPhys (29E575DD-E0A3-4627-9D10-D276232CDCEA): 17
LogDevObjectVersion:   Dev-Anim (AF43A65D-7FD3-4947-9873-3E8ED9C1BB05): 2
LogDevObjectVersion:   Dev-ReflectionCapture (6B266CEC-1EC7-4B8F-A30B-E4D90942FC07): 1
LogDevObjectVersion:   Dev-Automation (0DF73D61-A23F-47EA-B727-89E90C41499A): 1
LogDevObjectVersion:   FortniteMain (601D1886-AC64-4F84-AA16-D3DE0DEAC7D6): 31
LogDevObjectVersion:   Dev-Enterprise (9DFFBCD6-494F-0158-E221-12823C92A888): 8
LogDevObjectVersion:   Dev-Niagara (F2AED0AC-9AFE-416F-8664-AA7FFA26D6FC): 1
LogDevObjectVersion:   Dev-Destruction (174F1F0B-B4C6-45A5-B13F-2EE8D0FB917D): 9
LogDevObjectVersion:   Dev-Physics-Ext (35F94A83-E258-406C-A318-09F59610247C): 8
LogDevObjectVersion:   Dev-CineCamera (B2E18506-4273-CFC2-A54E-F4BB758BBA07): 1
LogInit: Presizing for max 25165824 objects, including 0 objects not considered by GC, pre-allocating 0 bytes for permanent pool.
LogInit: Object subsystem initialized
LogConfig: Setting CVar [[con.DebugEarlyDefault:1]]
LogConfig: Setting CVar [[r.setres:1280x720]]
[2020.05.09-00.50.50:609][  0]LogConfig: Setting CVar [[r.VSync:0]]
[2020.05.09-00.50.50:609][  0]LogConfig: Setting CVar [[r.RHICmdBypass:0]]
[2020.05.09-00.50.50:620][  0]LogConfig: Applying CVar settings from Section [/Script/Engine.RendererSettings] File [C:/Users/adinh/source/repos/Crossyroad/Saved/Config/Windows/Engine.ini]
[2020.05.09-00.50.50:620][  0]LogConfig: Setting CVar [[r.GPUCrashDebugging:0]]
[2020.05.09-00.50.50:620][  0]LogConfig: Setting CVar [[r.DefaultFeature.AutoExposure.ExtendDefaultLuminanceRange:1]]
[2020.05.09-00.50.50:620][  0]LogConfig: Applying CVar settings from Section [/Script/Engine.RendererOverrideSettings] File [C:/Users/adinh/source/repos/Crossyroad/Saved/Config/Windows/Engine.ini]
[2020.05.09-00.50.50:620][  0]LogConfig: Applying CVar settings from Section [/Script/Engine.StreamingSettings] File [C:/Users/adinh/source/repos/Crossyroad/Saved/Config/Windows/Engine.ini]
[2020.05.09-00.50.50:620][  0]LogConfig: Setting CVar [[s.MinBulkDataSizeForAsyncLoading:131072]]
[2020.05.09-00.50.50:620][  0]LogConfig: Setting CVar [[s.AsyncLoadingThreadEnabled:0]]
[2020.05.09-00.50.50:620][  0]LogConfig: Setting CVar [[s.EventDrivenLoaderEnabled:1]]
[2020.05.09-00.50.50:620][  0]LogConfig: Setting CVar [[s.WarnIfTimeLimitExceeded:0]]
[2020.05.09-00.50.50:620][  0]LogConfig: Setting CVar [[s.TimeLimitExceededMultiplier:1.5]]
[2020.05.09-00.50.50:620][  0]LogConfig: Setting CVar [[s.TimeLimitExceededMinTime:0.005]]
[2020.05.09-00.50.50:620][  0]LogConfig: Setting CVar [[s.UseBackgroundLevelStreaming:1]]
[2020.05.09-00.50.50:620][  0]LogConfig: Setting CVar [[s.PriorityAsyncLoadingExtraTime:15.0]]
[2020.05.09-00.50.50:621][  0]LogConfig: Setting CVar [[s.LevelStreamingActorsUpdateTimeLimit:5.0]]
[2020.05.09-00.50.50:621][  0]LogConfig: Setting CVar [[s.PriorityLevelStreamingActorsUpdateExtraTime:5.0]]
[2020.05.09-00.50.50:621][  0]LogConfig: Setting CVar [[s.LevelStreamingComponentsRegistrationGranularity:10]]
[2020.05.09-00.50.50:621][  0]LogConfig: Setting CVar [[s.UnregisterComponentsTimeLimit:1.0]]
[2020.05.09-00.50.50:621][  0]LogConfig: Setting CVar [[s.LevelStreamingComponentsUnregistrationGranularity:5]]
[2020.05.09-00.50.50:621][  0]LogConfig: Setting CVar [[s.FlushStreamingOnExit:1]]
[2020.05.09-00.50.50:621][  0]LogConfig: Applying CVar settings from Section [/Script/Engine.GarbageCollectionSettings] File [C:/Users/adinh/source/repos/Crossyroad/Saved/Config/Windows/Engine.ini]
[2020.05.09-00.50.50:621][  0]LogConfig: Setting CVar [[gc.MaxObjectsNotConsideredByGC:1]]
[2020.05.09-00.50.50:621][  0]LogConfig: Setting CVar [[gc.SizeOfPermanentObjectPool:0]]
[2020.05.09-00.50.50:621][  0]LogConfig: Setting CVar [[gc.FlushStreamingOnGC:0]]
[2020.05.09-00.50.50:621][  0]LogConfig: Setting CVar [[gc.NumRetriesBeforeForcingGC:10]]
[2020.05.09-00.50.50:621][  0]LogConfig: Setting CVar [[gc.AllowParallelGC:1]]
[2020.05.09-00.50.50:621][  0]LogConfig: Setting CVar [[gc.TimeBetweenPurgingPendingKillObjects:61.1]]
[2020.05.09-00.50.50:621][  0]LogConfig: Setting CVar [[gc.MaxObjectsInEditor:25165824]]
[2020.05.09-00.50.50:621][  0]LogConfig: Setting CVar [[gc.IncrementalBeginDestroyEnabled:1]]
[2020.05.09-00.50.50:621][  0]LogConfig: Setting CVar [[gc.CreateGCClusters:1]]
[2020.05.09-00.50.50:621][  0]LogConfig: Setting CVar [[gc.MinGCClusterSize:5]]
[2020.05.09-00.50.50:621][  0]LogConfig: Setting CVar [[gc.ActorClusteringEnabled:0]]
[2020.05.09-00.50.50:621][  0]LogConfig: Setting CVar [[gc.BlueprintClusteringEnabled:0]]
[2020.05.09-00.50.50:621][  0]LogConfig: Setting CVar [[gc.UseDisregardForGCOnDedicatedServers:0]]
[2020.05.09-00.50.50:621][  0]LogConfig: Applying CVar settings from Section [/Script/Engine.NetworkSettings] File [C:/Users/adinh/source/repos/Crossyroad/Saved/Config/Windows/Engine.ini]
[2020.05.09-00.50.50:621][  0]LogConfig: Applying CVar settings from Section [/Script/UnrealEd.CookerSettings] File [C:/Users/adinh/source/repos/Crossyroad/Saved/Config/Windows/Engine.ini]
[2020.05.09-00.50.50:663][  0]LogConfig: Applying CVar settings from Section [ViewDistanceQuality@3] File [C:/Users/adinh/source/repos/Crossyroad/Saved/Config/Windows/Scalability.ini]
[2020.05.09-00.50.50:663][  0]LogConfig: Setting CVar [[r.SkeletalMeshLODBias:0]]
[2020.05.09-00.50.50:663][  0]LogConfig: Setting CVar [[r.ViewDistanceScale:1.0]]
[2020.05.09-00.50.50:663][  0]LogConfig: Applying CVar settings from Section [AntiAliasingQuality@3] File [C:/Users/adinh/source/repos/Crossyroad/Saved/Config/Windows/Scalability.ini]
[2020.05.09-00.50.50:663][  0]LogConfig: Setting CVar [[r.PostProcessAAQuality:4]]
[2020.05.09-00.50.50:663][  0]LogConfig: Applying CVar settings from Section [ShadowQuality@3] File [C:/Users/adinh/source/repos/Crossyroad/Saved/Config/Windows/Scalability.ini]
[2020.05.09-00.50.50:663][  0]LogConfig: Setting CVar [[r.LightFunctionQuality:1]]
[2020.05.09-00.50.50:663][  0]LogConfig: Setting CVar [[r.ShadowQuality:5]]
[2020.05.09-00.50.50:663][  0]LogConfig: Setting CVar [[r.Shadow.CSM.MaxCascades:10]]
[2020.05.09-00.50.50:663][  0]LogConfig: Setting CVar [[r.Shadow.MaxResolution:2048]]
[2020.05.09-00.50.50:663][  0]LogConfig: Setting CVar [[r.Shadow.MaxCSMResolution:2048]]
[2020.05.09-00.50.50:663][  0]LogConfig: Setting CVar [[r.Shadow.RadiusThreshold:0.01]]
[2020.05.09-00.50.50:663][  0]LogConfig: Setting CVar [[r.Shadow.DistanceScale:1.0]]
[2020.05.09-00.50.50:663][  0]LogConfig: Setting CVar [[r.Shadow.CSM.TransitionScale:1.0]]
[2020.05.09-00.50.50:663][  0]LogConfig: Setting CVar [[r.Shadow.PreShadowResolutionFactor:1.0]]
[2020.05.09-00.50.50:663][  0]LogConfig: Setting CVar [[r.DistanceFieldShadowing:1]]
[2020.05.09-00.50.50:663][  0]LogConfig: Setting CVar [[r.DistanceFieldAO:1]]
[2020.05.09-00.50.50:663][  0]LogConfig: Setting CVar [[r.AOQuality:2]]
[2020.05.09-00.50.50:663][  0]LogConfig: Setting CVar [[r.VolumetricFog:1]]
[2020.05.09-00.50.50:663][  0]LogConfig: Setting CVar [[r.VolumetricFog.GridPixelSize:8]]
[2020.05.09-00.50.50:663][  0]LogConfig: Setting CVar [[r.VolumetricFog.GridSizeZ:128]]
[2020.05.09-00.50.50:663][  0]LogConfig: Setting CVar [[r.VolumetricFog.HistoryMissSupersampleCount:4]]
[2020.05.09-00.50.50:663][  0]LogConfig: Setting CVar [[r.LightMaxDrawDistanceScale:1]]
[2020.05.09-00.50.50:663][  0]LogConfig: Setting CVar [[r.CapsuleShadows:1]]
[2020.05.09-00.50.50:663][  0]LogConfig: Applying CVar settings from Section [PostProcessQuality@3] File [C:/Users/adinh/source/repos/Crossyroad/Saved/Config/Windows/Scalability.ini]
[2020.05.09-00.50.50:663][  0]LogConfig: Setting CVar [[r.MotionBlurQuality:4]]
[2020.05.09-00.50.50:663][  0]LogConfig: Setting CVar [[r.AmbientOcclusionMipLevelFactor:0.4]]
[2020.05.09-00.50.50:663][  0]LogConfig: Setting CVar [[r.AmbientOcclusionMaxQuality:100]]
[2020.05.09-00.50.50:663][  0]LogConfig: Setting CVar [[r.AmbientOcclusionLevels:-1]]
[2020.05.09-00.50.50:663][  0]LogConfig: Setting CVar [[r.AmbientOcclusionRadiusScale:1.0]]
[2020.05.09-00.50.50:663][  0]LogConfig: Setting CVar [[r.DepthOfFieldQuality:2]]
[2020.05.09-00.50.50:663][  0]LogConfig: Setting CVar [[r.RenderTargetPoolMin:400]]
[2020.05.09-00.50.50:663][  0]LogConfig: Setting CVar [[r.LensFlareQuality:2]]
[2020.05.09-00.50.50:663][  0]LogConfig: Setting CVar [[r.SceneColorFringeQuality:1]]
[2020.05.09-00.50.50:663][  0]LogConfig: Setting CVar [[r.EyeAdaptationQuality:2]]
[2020.05.09-00.50.50:663][  0]LogConfig: Setting CVar [[r.BloomQuality:5]]
[2020.05.09-00.50.50:663][  0]LogConfig: Setting CVar [[r.FastBlurThreshold:100]]
[2020.05.09-00.50.50:663][  0]LogConfig: Setting CVar [[r.Upscale.Quality:3]]
[2020.05.09-00.50.50:663][  0]LogConfig: Setting CVar [[r.Tonemapper.GrainQuantization:1]]
[2020.05.09-00.50.50:663][  0]LogConfig: Setting CVar [[r.LightShaftQuality:1]]
[2020.05.09-00.50.50:663][  0]LogConfig: Setting CVar [[r.Filter.SizeScale:1]]
[2020.05.09-00.50.50:663][  0]LogConfig: Setting CVar [[r.Tonemapper.Quality:5]]
[2020.05.09-00.50.50:663][  0]LogConfig: Setting CVar [[r.DOF.Gather.AccumulatorQuality:1        ; higher gathering accumulator quality]]
[2020.05.09-00.50.50:663][  0]LogConfig: Setting CVar [[r.DOF.Gather.PostfilterMethod:1          ; Median3x3 postfilering method]]
[2020.05.09-00.50.50:663][  0]LogConfig: Setting CVar [[r.DOF.Gather.EnableBokehSettings:0       ; no bokeh simulation when gathering]]
[2020.05.09-00.50.50:663][  0]LogConfig: Setting CVar [[r.DOF.Gather.RingCount:4                 ; medium number of samples when gathering]]
[2020.05.09-00.50.50:663][  0]LogConfig: Setting CVar [[r.DOF.Scatter.ForegroundCompositing:1    ; additive foreground scattering]]
[2020.05.09-00.50.50:663][  0]LogConfig: Setting CVar [[r.DOF.Scatter.BackgroundCompositing:2    ; additive background scattering]]
[2020.05.09-00.50.50:663][  0]LogConfig: Setting CVar [[r.DOF.Scatter.EnableBokehSettings:1      ; bokeh simulation when scattering]]
[2020.05.09-00.50.50:663][  0]LogConfig: Setting CVar [[r.DOF.Scatter.MaxSpriteRatio:0.1         ; only a maximum of 10% of scattered bokeh]]
[2020.05.09-00.50.50:663][  0]LogConfig: Setting CVar [[r.DOF.Recombine.Quality:1                ; cheap slight out of focus]]
[2020.05.09-00.50.50:663][  0]LogConfig: Setting CVar [[r.DOF.Recombine.EnableBokehSettings:0    ; no bokeh simulation on slight out of focus]]
[2020.05.09-00.50.50:663][  0]LogConfig: Setting CVar [[r.DOF.TemporalAAQuality:1                ; more stable temporal accumulation]]
[2020.05.09-00.50.50:663][  0]LogConfig: Setting CVar [[r.DOF.Kernel.MaxForegroundRadius:0.025]]
[2020.05.09-00.50.50:663][  0]LogConfig: Setting CVar [[r.DOF.Kernel.MaxBackgroundRadius:0.025]]
[2020.05.09-00.50.50:663][  0]LogConfig: Applying CVar settings from Section [TextureQuality@3] File [C:/Users/adinh/source/repos/Crossyroad/Saved/Config/Windows/Scalability.ini]
[2020.05.09-00.50.50:663][  0]LogConfig: Setting CVar [[r.Streaming.MipBias:0]]
[2020.05.09-00.50.50:663][  0]LogConfig: Setting CVar [[r.Streaming.AmortizeCPUToGPUCopy:0]]
[2020.05.09-00.50.50:663][  0]LogConfig: Setting CVar [[r.Streaming.MaxNumTexturesToStreamPerFrame:0]]
[2020.05.09-00.50.50:663][  0]LogConfig: Setting CVar [[r.Streaming.Boost:1]]
[2020.05.09-00.50.50:663][  0]LogConfig: Setting CVar [[r.MaxAnisotropy:8]]
[2020.05.09-00.50.50:663][  0]LogConfig: Setting CVar [[r.VT.MaxAnisotropy:8]]
[2020.05.09-00.50.50:663][  0]LogConfig: Setting CVar [[r.Streaming.LimitPoolSizeToVRAM:0]]
[2020.05.09-00.50.50:663][  0]LogConfig: Setting CVar [[r.Streaming.PoolSize:1000]]
[2020.05.09-00.50.50:663][  0]LogConfig: Setting CVar [[r.Streaming.MaxEffectiveScreenSize:0]]
[2020.05.09-00.50.50:663][  0]LogConfig: Applying CVar settings from Section [EffectsQuality@3] File [C:/Users/adinh/source/repos/Crossyroad/Saved/Config/Windows/Scalability.ini]
[2020.05.09-00.50.50:663][  0]LogConfig: Setting CVar [[r.TranslucencyLightingVolumeDim:64]]
[2020.05.09-00.50.50:663][  0]LogConfig: Setting CVar [[r.RefractionQuality:2]]
[2020.05.09-00.50.50:663][  0]LogConfig: Setting CVar [[r.SSR.Quality:3]]
[2020.05.09-00.50.50:663][  0]LogConfig: Setting CVar [[r.SSR.HalfResSceneColor:0]]
[2020.05.09-00.50.50:663][  0]LogConfig: Setting CVar [[r.SceneColorFormat:4]]
[2020.05.09-00.50.50:663][  0]LogConfig: Setting CVar [[r.DetailMode:2]]
[2020.05.09-00.50.50:664][  0]LogConfig: Setting CVar [[r.TranslucencyVolumeBlur:1]]
[2020.05.09-00.50.50:664][  0]LogConfig: Setting CVar [[r.MaterialQualityLevel:1 ; High quality]]
[2020.05.09-00.50.50:664][  0]LogConfig: Setting CVar [[r.SSS.Scale:1]]
[2020.05.09-00.50.50:664][  0]LogConfig: Setting CVar [[r.SSS.SampleSet:2]]
[2020.05.09-00.50.50:664][  0]LogConfig: Setting CVar [[r.SSS.Quality:1]]
[2020.05.09-00.50.50:664][  0]LogConfig: Setting CVar [[r.SSS.HalfRes:1]]
[2020.05.09-00.50.50:664][  0]LogConfig: Setting CVar [[r.SSGI.Quality:3]]
[2020.05.09-00.50.50:664][  0]LogConfig: Setting CVar [[r.EmitterSpawnRateScale:1.0]]
[2020.05.09-00.50.50:664][  0]LogConfig: Setting CVar [[r.ParticleLightQuality:2]]
[2020.05.09-00.50.50:664][  0]LogConfig: Setting CVar [[r.SkyAtmosphere.AerialPerspectiveLUT.FastApplyOnOpaque:1 ; Always have FastSkyLUT 1 in this case to avoid wrong sky]]
[2020.05.09-00.50.50:664][  0]LogConfig: Setting CVar [[r.SkyAtmosphere.AerialPerspectiveLUT.SampleCountPerSlice:1]]
[2020.05.09-00.50.50:664][  0]LogConfig: Setting CVar [[r.SkyAtmosphere.AerialPerspectiveLUT.DepthResolution:16.0]]
[2020.05.09-00.50.50:664][  0]LogConfig: Setting CVar [[r.SkyAtmosphere.FastSkyLUT:1]]
[2020.05.09-00.50.50:664][  0]LogConfig: Setting CVar [[r.SkyAtmosphere.FastSkyLUT.SampleCountMin:4.0]]
[2020.05.09-00.50.50:664][  0]LogConfig: Setting CVar [[r.SkyAtmosphere.FastSkyLUT.SampleCountMax:32.0]]
[2020.05.09-00.50.50:664][  0]LogConfig: Setting CVar [[r.SkyAtmosphere.SampleCountMin:4.0]]
[2020.05.09-00.50.50:664][  0]LogConfig: Setting CVar [[r.SkyAtmosphere.SampleCountMax:32.0]]
[2020.05.09-00.50.50:664][  0]LogConfig: Setting CVar [[r.SkyAtmosphere.TransmittanceLUT.UseSmallFormat:0]]
[2020.05.09-00.50.50:664][  0]LogConfig: Setting CVar [[r.SkyAtmosphere.TransmittanceLUT.SampleCount:10.0]]
[2020.05.09-00.50.50:664][  0]LogConfig: Setting CVar [[r.SkyAtmosphere.MultiScatteringLUT.SampleCount:15.0]]
[2020.05.09-00.50.50:664][  0]LogConfig: Applying CVar settings from Section [FoliageQuality@3] File [C:/Users/adinh/source/repos/Crossyroad/Saved/Config/Windows/Scalability.ini]
[2020.05.09-00.50.50:664][  0]LogConfig: Setting CVar [[foliage.DensityScale:1.0]]
[2020.05.09-00.50.50:664][  0]LogConfig: Setting CVar [[grass.DensityScale:1.0]]
[2020.05.09-00.50.50:664][  0]LogConfig: Applying CVar settings from Section [ShadingQuality@3] File [C:/Users/adinh/source/repos/Crossyroad/Saved/Config/Windows/Scalability.ini]
[2020.05.09-00.50.50:664][  0]LogConfig: Setting CVar [[r.HairStrands.SkyLighting.SampleCount:16]]
[2020.05.09-00.50.50:664][  0]LogConfig: Setting CVar [[r.HairStrands.SkyLighting.JitterIntegration:0]]
[2020.05.09-00.50.50:664][  0]LogConfig: Setting CVar [[r.HairStrands.SkyAO.SampleCount:16]]
[2020.05.09-00.50.50:667][  0]LogInit: Selected Device Profile: [Windows]
[2020.05.09-00.50.50:667][  0]LogInit: Applying CVar settings loaded from the selected device profile: [Windows]
[2020.05.09-00.50.50:715][  0]LogHAL: Display: Platform has ~ 16 GB [17145421824 / 17179869184 / 16], which maps to Larger [LargestMinGB=32, LargerMinGB=12, DefaultMinGB=8, SmallerMinGB=6, SmallestMinGB=0)
[2020.05.09-00.50.50:716][  0]LogInit: Going up to parent DeviceProfile []
[2020.05.09-00.50.50:716][  0]LogConfig: Applying CVar settings from Section [ViewDistanceQuality@3] File [C:/Users/adinh/source/repos/Crossyroad/Saved/Config/Windows/Scalability.ini]
[2020.05.09-00.50.50:716][  0]LogConfig: Setting CVar [[r.SkeletalMeshLODBias:0]]
[2020.05.09-00.50.50:716][  0]LogConfig: Setting CVar [[r.ViewDistanceScale:1.0]]
[2020.05.09-00.50.50:716][  0]LogConfig: Applying CVar settings from Section [AntiAliasingQuality@3] File [C:/Users/adinh/source/repos/Crossyroad/Saved/Config/Windows/Scalability.ini]
[2020.05.09-00.50.50:716][  0]LogConfig: Setting CVar [[r.PostProcessAAQuality:4]]
[2020.05.09-00.50.50:716][  0]LogConfig: Applying CVar settings from Section [ShadowQuality@3] File [C:/Users/adinh/source/repos/Crossyroad/Saved/Config/Windows/Scalability.ini]
[2020.05.09-00.50.50:716][  0]LogConfig: Setting CVar [[r.LightFunctionQuality:1]]
[2020.05.09-00.50.50:716][  0]LogConfig: Setting CVar [[r.ShadowQuality:5]]
[2020.05.09-00.50.50:716][  0]LogConfig: Setting CVar [[r.Shadow.CSM.MaxCascades:10]]
[2020.05.09-00.50.50:716][  0]LogConfig: Setting CVar [[r.Shadow.MaxResolution:2048]]
[2020.05.09-00.50.50:716][  0]LogConfig: Setting CVar [[r.Shadow.MaxCSMResolution:2048]]
[2020.05.09-00.50.50:716][  0]LogConfig: Setting CVar [[r.Shadow.RadiusThreshold:0.01]]
[2020.05.09-00.50.50:716][  0]LogConfig: Setting CVar [[r.Shadow.DistanceScale:1.0]]
[2020.05.09-00.50.50:716][  0]LogConfig: Setting CVar [[r.Shadow.CSM.TransitionScale:1.0]]
[2020.05.09-00.50.50:716][  0]LogConfig: Setting CVar [[r.Shadow.PreShadowResolutionFactor:1.0]]
[2020.05.09-00.50.50:716][  0]LogConfig: Setting CVar [[r.DistanceFieldShadowing:1]]
[2020.05.09-00.50.50:716][  0]LogConfig: Setting CVar [[r.DistanceFieldAO:1]]
[2020.05.09-00.50.50:716][  0]LogConfig: Setting CVar [[r.AOQuality:2]]
[2020.05.09-00.50.50:716][  0]LogConfig: Setting CVar [[r.VolumetricFog:1]]
[2020.05.09-00.50.50:716][  0]LogConfig: Setting CVar [[r.VolumetricFog.GridPixelSize:8]]
[2020.05.09-00.50.50:716][  0]LogConfig: Setting CVar [[r.VolumetricFog.GridSizeZ:128]]
[2020.05.09-00.50.50:716][  0]LogConfig: Setting CVar [[r.VolumetricFog.HistoryMissSupersampleCount:4]]
[2020.05.09-00.50.50:716][  0]LogConfig: Setting CVar [[r.LightMaxDrawDistanceScale:1]]
[2020.05.09-00.50.50:716][  0]LogConfig: Setting CVar [[r.CapsuleShadows:1]]
[2020.05.09-00.50.50:716][  0]LogConfig: Applying CVar settings from Section [PostProcessQuality@3] File [C:/Users/adinh/source/repos/Crossyroad/Saved/Config/Windows/Scalability.ini]
[2020.05.09-00.50.50:716][  0]LogConfig: Setting CVar [[r.MotionBlurQuality:4]]
[2020.05.09-00.50.50:716][  0]LogConfig: Setting CVar [[r.AmbientOcclusionMipLevelFactor:0.4]]
[2020.05.09-00.50.50:716][  0]LogConfig: Setting CVar [[r.AmbientOcclusionMaxQuality:100]]
[2020.05.09-00.50.50:716][  0]LogConfig: Setting CVar [[r.AmbientOcclusionLevels:-1]]
[2020.05.09-00.50.50:716][  0]LogConfig: Setting CVar [[r.AmbientOcclusionRadiusScale:1.0]]
[2020.05.09-00.50.50:716][  0]LogConfig: Setting CVar [[r.DepthOfFieldQuality:2]]
[2020.05.09-00.50.50:716][  0]LogConfig: Setting CVar [[r.RenderTargetPoolMin:400]]
[2020.05.09-00.50.50:716][  0]LogConfig: Setting CVar [[r.LensFlareQuality:2]]
[2020.05.09-00.50.50:716][  0]LogConfig: Setting CVar [[r.SceneColorFringeQuality:1]]
[2020.05.09-00.50.50:716][  0]LogConfig: Setting CVar [[r.EyeAdaptationQuality:2]]
[2020.05.09-00.50.50:716][  0]LogConfig: Setting CVar [[r.BloomQuality:5]]
[2020.05.09-00.50.50:716][  0]LogConfig: Setting CVar [[r.FastBlurThreshold:100]]
[2020.05.09-00.50.50:716][  0]LogConfig: Setting CVar [[r.Upscale.Quality:3]]
[2020.05.09-00.50.50:716][  0]LogConfig: Setting CVar [[r.Tonemapper.GrainQuantization:1]]
[2020.05.09-00.50.50:716][  0]LogConfig: Setting CVar [[r.LightShaftQuality:1]]
[2020.05.09-00.50.50:716][  0]LogConfig: Setting CVar [[r.Filter.SizeScale:1]]
[2020.05.09-00.50.50:716][  0]LogConfig: Setting CVar [[r.Tonemapper.Quality:5]]
[2020.05.09-00.50.50:716][  0]LogConfig: Setting CVar [[r.DOF.Gather.AccumulatorQuality:1        ; higher gathering accumulator quality]]
[2020.05.09-00.50.50:716][  0]LogConfig: Setting CVar [[r.DOF.Gather.PostfilterMethod:1          ; Median3x3 postfilering method]]
[2020.05.09-00.50.50:716][  0]LogConfig: Setting CVar [[r.DOF.Gather.EnableBokehSettings:0       ; no bokeh simulation when gathering]]
[2020.05.09-00.50.50:716][  0]LogConfig: Setting CVar [[r.DOF.Gather.RingCount:4                 ; medium number of samples when gathering]]
[2020.05.09-00.50.50:716][  0]LogConfig: Setting CVar [[r.DOF.Scatter.ForegroundCompositing:1    ; additive foreground scattering]]
[2020.05.09-00.50.50:716][  0]LogConfig: Setting CVar [[r.DOF.Scatter.BackgroundCompositing:2    ; additive background scattering]]
[2020.05.09-00.50.50:716][  0]LogConfig: Setting CVar [[r.DOF.Scatter.EnableBokehSettings:1      ; bokeh simulation when scattering]]
[2020.05.09-00.50.50:716][  0]LogConfig: Setting CVar [[r.DOF.Scatter.MaxSpriteRatio:0.1         ; only a maximum of 10% of scattered bokeh]]
[2020.05.09-00.50.50:716][  0]LogConfig: Setting CVar [[r.DOF.Recombine.Quality:1                ; cheap slight out of focus]]
[2020.05.09-00.50.50:716][  0]LogConfig: Setting CVar [[r.DOF.Recombine.EnableBokehSettings:0    ; no bokeh simulation on slight out of focus]]
[2020.05.09-00.50.50:716][  0]LogConfig: Setting CVar [[r.DOF.TemporalAAQuality:1                ; more stable temporal accumulation]]
[2020.05.09-00.50.50:716][  0]LogConfig: Setting CVar [[r.DOF.Kernel.MaxForegroundRadius:0.025]]
[2020.05.09-00.50.50:716][  0]LogConfig: Setting CVar [[r.DOF.Kernel.MaxBackgroundRadius:0.025]]
[2020.05.09-00.50.50:716][  0]LogConfig: Applying CVar settings from Section [TextureQuality@3] File [C:/Users/adinh/source/repos/Crossyroad/Saved/Config/Windows/Scalability.ini]
[2020.05.09-00.50.50:716][  0]LogConfig: Setting CVar [[r.Streaming.MipBias:0]]
[2020.05.09-00.50.50:716][  0]LogConfig: Setting CVar [[r.Streaming.AmortizeCPUToGPUCopy:0]]
[2020.05.09-00.50.50:716][  0]LogConfig: Setting CVar [[r.Streaming.MaxNumTexturesToStreamPerFrame:0]]
[2020.05.09-00.50.50:716][  0]LogConfig: Setting CVar [[r.Streaming.Boost:1]]
[2020.05.09-00.50.50:716][  0]LogConfig: Setting CVar [[r.MaxAnisotropy:8]]
[2020.05.09-00.50.50:716][  0]LogConfig: Setting CVar [[r.VT.MaxAnisotropy:8]]
[2020.05.09-00.50.50:716][  0]LogConfig: Setting CVar [[r.Streaming.LimitPoolSizeToVRAM:0]]
[2020.05.09-00.50.50:716][  0]LogConfig: Setting CVar [[r.Streaming.PoolSize:1000]]
[2020.05.09-00.50.50:717][  0]LogConfig: Setting CVar [[r.Streaming.MaxEffectiveScreenSize:0]]
[2020.05.09-00.50.50:717][  0]LogConfig: Applying CVar settings from Section [EffectsQuality@3] File [C:/Users/adinh/source/repos/Crossyroad/Saved/Config/Windows/Scalability.ini]
[2020.05.09-00.50.50:717][  0]LogConfig: Setting CVar [[r.TranslucencyLightingVolumeDim:64]]
[2020.05.09-00.50.50:717][  0]LogConfig: Setting CVar [[r.RefractionQuality:2]]
[2020.05.09-00.50.50:717][  0]LogConfig: Setting CVar [[r.SSR.Quality:3]]
[2020.05.09-00.50.50:717][  0]LogConfig: Setting CVar [[r.SSR.HalfResSceneColor:0]]
[2020.05.09-00.50.50:717][  0]LogConfig: Setting CVar [[r.SceneColorFormat:4]]
[2020.05.09-00.50.50:717][  0]LogConfig: Setting CVar [[r.DetailMode:2]]
[2020.05.09-00.50.50:717][  0]LogConfig: Setting CVar [[r.TranslucencyVolumeBlur:1]]
[2020.05.09-00.50.50:717][  0]LogConfig: Setting CVar [[r.MaterialQualityLevel:1 ; High quality]]
[2020.05.09-00.50.50:717][  0]LogConfig: Setting CVar [[r.SSS.Scale:1]]
[2020.05.09-00.50.50:717][  0]LogConfig: Setting CVar [[r.SSS.SampleSet:2]]
[2020.05.09-00.50.50:717][  0]LogConfig: Setting CVar [[r.SSS.Quality:1]]
[2020.05.09-00.50.50:717][  0]LogConfig: Setting CVar [[r.SSS.HalfRes:1]]
[2020.05.09-00.50.50:717][  0]LogConfig: Setting CVar [[r.SSGI.Quality:3]]
[2020.05.09-00.50.50:717][  0]LogConfig: Setting CVar [[r.EmitterSpawnRateScale:1.0]]
[2020.05.09-00.50.50:717][  0]LogConfig: Setting CVar [[r.ParticleLightQuality:2]]
[2020.05.09-00.50.50:717][  0]LogConfig: Setting CVar [[r.SkyAtmosphere.AerialPerspectiveLUT.FastApplyOnOpaque:1 ; Always have FastSkyLUT 1 in this case to avoid wrong sky]]
[2020.05.09-00.50.50:717][  0]LogConfig: Setting CVar [[r.SkyAtmosphere.AerialPerspectiveLUT.SampleCountPerSlice:1]]
[2020.05.09-00.50.50:717][  0]LogConfig: Setting CVar [[r.SkyAtmosphere.AerialPerspectiveLUT.DepthResolution:16.0]]
[2020.05.09-00.50.50:717][  0]LogConfig: Setting CVar [[r.SkyAtmosphere.FastSkyLUT:1]]
[2020.05.09-00.50.50:717][  0]LogConfig: Setting CVar [[r.SkyAtmosphere.FastSkyLUT.SampleCountMin:4.0]]
[2020.05.09-00.50.50:717][  0]LogConfig: Setting CVar [[r.SkyAtmosphere.FastSkyLUT.SampleCountMax:32.0]]
[2020.05.09-00.50.50:717][  0]LogConfig: Setting CVar [[r.SkyAtmosphere.SampleCountMin:4.0]]
[2020.05.09-00.50.50:717][  0]LogConfig: Setting CVar [[r.SkyAtmosphere.SampleCountMax:32.0]]
[2020.05.09-00.50.50:717][  0]LogConfig: Setting CVar [[r.SkyAtmosphere.TransmittanceLUT.UseSmallFormat:0]]
[2020.05.09-00.50.50:717][  0]LogConfig: Setting CVar [[r.SkyAtmosphere.TransmittanceLUT.SampleCount:10.0]]
[2020.05.09-00.50.50:717][  0]LogConfig: Setting CVar [[r.SkyAtmosphere.MultiScatteringLUT.SampleCount:15.0]]
[2020.05.09-00.50.50:717][  0]LogConfig: Applying CVar settings from Section [FoliageQuality@3] File [C:/Users/adinh/source/repos/Crossyroad/Saved/Config/Windows/Scalability.ini]
[2020.05.09-00.50.50:717][  0]LogConfig: Setting CVar [[foliage.DensityScale:1.0]]
[2020.05.09-00.50.50:717][  0]LogConfig: Setting CVar [[grass.DensityScale:1.0]]
[2020.05.09-00.50.50:717][  0]LogConfig: Applying CVar settings from Section [ShadingQuality@3] File [C:/Users/adinh/source/repos/Crossyroad/Saved/Config/Windows/Scalability.ini]
[2020.05.09-00.50.50:717][  0]LogConfig: Setting CVar [[r.HairStrands.SkyLighting.SampleCount:16]]
[2020.05.09-00.50.50:717][  0]LogConfig: Setting CVar [[r.HairStrands.SkyLighting.JitterIntegration:0]]
[2020.05.09-00.50.50:717][  0]LogConfig: Setting CVar [[r.HairStrands.SkyAO.SampleCount:16]]
[2020.05.09-00.50.50:717][  0]LogConfig: Applying CVar settings from Section [Startup] File [../../../Engine/Config/ConsoleVariables.ini]
[2020.05.09-00.50.50:735][  0]LogConfig: Setting CVar [[net.UseAdaptiveNetUpdateFrequency:0]]
[2020.05.09-00.50.50:735][  0]LogConfig: Setting CVar [[p.chaos.AllowCreatePhysxBodies:1]]
[2020.05.09-00.50.50:735][  0]LogConfig: Applying CVar settings from Section [ConsoleVariables] File [C:/Users/adinh/source/repos/Crossyroad/Saved/Config/Windows/Engine.ini]
[2020.05.09-00.50.50:743][  0]LogInit: Computer: WAR-MACHINE
[2020.05.09-00.50.50:743][  0]LogInit: User: AndrewDinh
[2020.05.09-00.50.50:743][  0]LogInit: CPU Page size=4096, Cores=4
[2020.05.09-00.50.50:743][  0]LogInit: High frequency timer resolution =10.000000 MHz
[2020.05.09-00.50.50:743][  0]LogMemory: Memory total: Physical=16.0GB (16GB approx)
[2020.05.09-00.50.50:743][  0]LogMemory: Platform Memory Stats for Windows
[2020.05.09-00.50.50:743][  0]LogMemory: Process Physical Memory: 108.76 MB used, 108.77 MB peak
[2020.05.09-00.50.50:743][  0]LogMemory: Process Virtual Memory: 100.45 MB used, 100.45 MB peak
[2020.05.09-00.50.50:743][  0]LogMemory: Physical Memory: 8241.02 MB used,  8110.13 MB free, 16351.15 MB total
[2020.05.09-00.50.50:743][  0]LogMemory: Virtual Memory: 5138.20 MB used,  134212592.00 MB free, 134217728.00 MB total
[2020.05.09-00.50.50:806][  0]LogWindows: WindowsPlatformFeatures enabled
[2020.05.09-00.50.51:742][  0]LogInit: Using OS detected language (en-US).
[2020.05.09-00.50.51:742][  0]LogInit: Using OS detected locale (en-US).
[2020.05.09-00.50.51:771][  0]LogTextLocalizationManager: No specific localization for 'en-US' exists, so the 'en' localization will be used.
[2020.05.09-00.50.52:398][  0]LogInit: Setting process to per monitor DPI aware
[2020.05.09-00.50.52:985][  0]LogSlate: New Slate User Created.  User Index 0, Is Virtual User: 0
[2020.05.09-00.50.52:986][  0]LogSlate: Slate User Registered.  User Index 0, Is Virtual User: 0
[2020.05.09-00.50.55:885][  0]LogHMD: Failed to initialize OpenVR with code 110
[2020.05.09-00.50.55:885][  0]LogD3D11RHI: D3D11 min allowed feature level: 11_0
[2020.05.09-00.50.55:885][  0]LogD3D11RHI: D3D11 max allowed feature level: 11_0
[2020.05.09-00.50.55:885][  0]LogD3D11RHI: D3D11 adapters:
[2020.05.09-00.50.55:975][  0]LogD3D11RHI:    0. 'NVIDIA GeForce GTX 780' (Feature Level 11_0)
[2020.05.09-00.50.55:975][  0]LogD3D11RHI:       3029/0/8175 MB DedicatedVideo/DedicatedSystem/SharedSystem, Outputs:1, VendorId:0x10de
[2020.05.09-00.50.55:980][  0]LogD3D11RHI:    1. 'Microsoft Basic Render Driver' (Feature Level 11_0)
[2020.05.09-00.50.55:980][  0]LogD3D11RHI:       0/0/8175 MB DedicatedVideo/DedicatedSystem/SharedSystem, Outputs:0, VendorId:0x1414
[2020.05.09-00.50.55:980][  0]LogD3D11RHI: Chosen D3D11 Adapter: 0
[2020.05.09-00.50.55:999][  0]LogD3D11RHI: Creating new Direct3DDevice
[2020.05.09-00.50.55:999][  0]LogD3D11RHI:     GPU DeviceId: 0x1004 (for the marketing name, search the web for "GPU Device Id")
[2020.05.09-00.50.55:999][  0]LogWindows: EnumDisplayDevices:
[2020.05.09-00.50.56:000][  0]LogWindows:    0. 'NVIDIA GeForce GTX 780' (P:1 D:1)
[2020.05.09-00.50.56:000][  0]LogWindows:    1. 'NVIDIA GeForce GTX 780' (P:0 D:0)
[2020.05.09-00.50.56:000][  0]LogWindows:    2. 'NVIDIA GeForce GTX 780' (P:0 D:0)
[2020.05.09-00.50.56:001][  0]LogWindows:    3. 'NVIDIA GeForce GTX 780' (P:0 D:0)
[2020.05.09-00.50.56:001][  0]LogWindows: DebugString: FoundDriverCount:4 
[2020.05.09-00.50.56:001][  0]LogD3D11RHI:     Adapter Name: NVIDIA GeForce GTX 780
[2020.05.09-00.50.56:001][  0]LogD3D11RHI:   Driver Version: 445.75 (internal:26.21.14.4575, unified:445.75)
[2020.05.09-00.50.56:001][  0]LogD3D11RHI:      Driver Date: 3-17-2020
[2020.05.09-00.50.56:001][  0]LogRHI: Texture pool is 2120 MB (70% of 3029 MB)
[2020.05.09-00.50.56:055][  0]LogD3D11RHI: RHI does not have support for 64 bit atomics
[2020.05.09-00.50.56:055][  0]LogD3D11RHI: Async texture creation enabled
[2020.05.09-00.50.56:207][  0]LogD3D11RHI: GPU Timing Frequency: 1000.000000 (Debug: 2 2)
[2020.05.09-00.50.57:200][  0]LogTargetPlatformManager: Display: Loaded TargetPlatform 'AllDesktop'
[2020.05.09-00.50.57:301][  0]LogTargetPlatformManager: Display: Loaded TargetPlatform 'Android'
[2020.05.09-00.50.57:301][  0]LogTargetPlatformManager: Display: Loaded TargetPlatform 'Android_ASTC'
[2020.05.09-00.50.57:301][  0]LogTargetPlatformManager: Display: Loaded TargetPlatform 'Android_ATC'
[2020.05.09-00.50.57:301][  0]LogTargetPlatformManager: Display: Loaded TargetPlatform 'Android_DXT'
[2020.05.09-00.50.57:301][  0]LogTargetPlatformManager: Display: Loaded TargetPlatform 'Android_ETC1'
[2020.05.09-00.50.57:301][  0]LogTargetPlatformManager: Display: Loaded TargetPlatform 'Android_ETC1a'
[2020.05.09-00.50.57:301][  0]LogTargetPlatformManager: Display: Loaded TargetPlatform 'Android_ETC2'
[2020.05.09-00.50.57:301][  0]LogTargetPlatformManager: Display: Loaded TargetPlatform 'Android_PVRTC'
[2020.05.09-00.50.57:301][  0]LogTargetPlatformManager: Display: Loaded TargetPlatform 'AndroidClient'
[2020.05.09-00.50.57:301][  0]LogTargetPlatformManager: Display: Loaded TargetPlatform 'Android_ASTCClient'
[2020.05.09-00.50.57:302][  0]LogTargetPlatformManager: Display: Loaded TargetPlatform 'Android_ATCClient'
[2020.05.09-00.50.57:302][  0]LogTargetPlatformManager: Display: Loaded TargetPlatform 'Android_DXTClient'
[2020.05.09-00.50.57:302][  0]LogTargetPlatformManager: Display: Loaded TargetPlatform 'Android_ETC1Client'
[2020.05.09-00.50.57:302][  0]LogTargetPlatformManager: Display: Loaded TargetPlatform 'Android_ETC1aClient'
[2020.05.09-00.50.57:302][  0]LogTargetPlatformManager: Display: Loaded TargetPlatform 'Android_ETC2Client'
[2020.05.09-00.50.57:302][  0]LogTargetPlatformManager: Display: Loaded TargetPlatform 'Android_PVRTCClient'
[2020.05.09-00.50.57:302][  0]LogTargetPlatformManager: Display: Loaded TargetPlatform 'Android_Multi'
[2020.05.09-00.50.57:302][  0]LogTargetPlatformManager: Display: Loaded TargetPlatform 'Android_MultiClient'
[2020.05.09-00.50.57:426][  0]LogTargetPlatformManager: Display: Loaded TargetPlatform 'IOSClient'
[2020.05.09-00.50.57:426][  0]LogTargetPlatformManager: Display: Loaded TargetPlatform 'IOS'
[2020.05.09-00.50.57:460][  0]LogTargetPlatformManager: Display: Loaded TargetPlatform 'LinuxNoEditor'
[2020.05.09-00.50.57:492][  0]LogTargetPlatformManager: Display: Loaded TargetPlatform 'LinuxClient'
[2020.05.09-00.50.57:522][  0]LogTargetPlatformManager: Display: Loaded TargetPlatform 'LinuxServer'
[2020.05.09-00.50.57:550][  0]LogTargetPlatformManager: Display: Loaded TargetPlatform 'LinuxAArch64NoEditor'
[2020.05.09-00.50.57:580][  0]LogTargetPlatformManager: Display: Loaded TargetPlatform 'LinuxAArch64Client'
[2020.05.09-00.50.57:611][  0]LogTargetPlatformManager: Display: Loaded TargetPlatform 'LinuxAArch64Server'
[2020.05.09-00.50.57:654][  0]LogTargetPlatformManager: Display: Loaded TargetPlatform 'Lumin'
[2020.05.09-00.50.57:654][  0]LogTargetPlatformManager: Display: Loaded TargetPlatform 'LuminClient'
[2020.05.09-00.50.57:708][  0]LogTargetPlatformManager: Display: Loaded TargetPlatform 'TVOSClient'
[2020.05.09-00.50.57:708][  0]LogTargetPlatformManager: Display: Loaded TargetPlatform 'TVOS'
[2020.05.09-00.50.57:750][  0]LogTargetPlatformManager: Display: Loaded TargetPlatform 'WindowsNoEditor'
[2020.05.09-00.50.57:790][  0]LogTargetPlatformManager: Display: Loaded TargetPlatform 'Windows'
[2020.05.09-00.50.57:820][  0]LogTargetPlatformManager: Display: Loaded TargetPlatform 'WindowsClient'
[2020.05.09-00.50.57:842][  0]LogTargetPlatformManager: Display: Loaded TargetPlatform 'WindowsServer'
[2020.05.09-00.50.57:843][  0]LogTargetPlatformManager: Display: Building Assets For Windows
[2020.05.09-00.50.58:039][  0]LogAudioDebug: Display: Lib vorbis DLL was dynamically loaded.
[2020.05.09-00.50.58:719][  0]LogShaderCompilers: Guid format shader working directory is 8 characters bigger than the processId version (C:/Users/adinh/source/repos/Crossyroad/Intermediate/Shaders/WorkingDirectory/6528/).
[2020.05.09-00.50.58:719][  0]LogShaderCompilers: Cleaned the shader compiler working directory 'C:/Users/adinh/AppData/Local/Temp/UnrealShaderWorkingDir/D38E9B604EA5E7AD158D9AB9526D6184/'.
[2020.05.09-00.50.58:746][  0]LogXGEController: Cleaning working directory: C:/Users/adinh/AppData/Local/Temp/UnrealXGEWorkingDir/
[2020.05.09-00.50.58:746][  0]LogXGEController: Cannot use XGE Controller as Incredibuild is not installed on this machine.
[2020.05.09-00.50.58:747][  0]LogShaderCompilers: Cannot use XGE Shader Compiler as Incredibuild is not installed on this machine.
[2020.05.09-00.50.58:747][  0]LogShaderCompilers: Display: Using Local Shader Compiler.
[2020.05.09-00.51.02:858][  0]LogDerivedDataCache: Display: Max Cache Size: 512 MB
[2020.05.09-00.51.03:192][  0]LogDerivedDataCache: Loaded boot cache 0.33s 78MB C:/Users/adinh/AppData/Local/UnrealEngine/4.24/DerivedDataCache/Boot.ddc.
[2020.05.09-00.51.03:192][  0]LogDerivedDataCache: Display: Loaded Boot cache: C:/Users/adinh/AppData/Local/UnrealEngine/4.24/DerivedDataCache/Boot.ddc
[2020.05.09-00.51.03:192][  0]LogDerivedDataCache: FDerivedDataBackendGraph:  Pak pak cache file C:/Users/adinh/source/repos/Crossyroad/DerivedDataCache/DDC.ddp not found, will not use a pak cache.
[2020.05.09-00.51.03:192][  0]LogDerivedDataCache: Unable to find inner node Pak for hierarchical cache Hierarchy.
[2020.05.09-00.51.03:192][  0]LogDerivedDataCache: FDerivedDataBackendGraph:  CompressedPak pak cache file C:/Users/adinh/source/repos/Crossyroad/DerivedDataCache/Compressed.ddp not found, will not use a pak cache.
[2020.05.09-00.51.03:192][  0]LogDerivedDataCache: Unable to find inner node CompressedPak for hierarchical cache Hierarchy.
[2020.05.09-00.51.03:279][  0]LogDerivedDataCache: Display: Pak cache opened for reading ../../../Engine/DerivedDataCache/Compressed.ddp.
[2020.05.09-00.51.03:279][  0]LogDerivedDataCache: FDerivedDataBackendGraph:  EnterprisePak pak cache file ../../../Enterprise/DerivedDataCache/Compressed.ddp not found, will not use a pak cache.
[2020.05.09-00.51.03:279][  0]LogDerivedDataCache: Unable to find inner node EnterprisePak for hierarchical cache Hierarchy.
[2020.05.09-00.51.03:281][  0]LogDerivedDataCache: Using Local data cache path C:/Users/adinh/AppData/Local/UnrealEngine/Common/DerivedDataCache: Writable
[2020.05.09-00.51.03:281][  0]LogDerivedDataCache: Shared data cache path not found in *engine.ini, will not use an Shared cache.
[2020.05.09-00.51.03:281][  0]LogDerivedDataCache: Unable to find inner node Shared for hierarchical cache Hierarchy.
[2020.05.09-00.51.03:356][  0]LogMaterial: Verifying Global Shaders for PCD3D_SM5
[2020.05.09-00.51.03:442][  0]LogSlate: Using FreeType 2.10.0
[2020.05.09-00.51.03:542][  0]LogSlate: SlateFontServices - WITH_FREETYPE: 1, WITH_HARFBUZZ: 1
[2020.05.09-00.51.04:223][  0]LogAssetRegistry: FAssetRegistry took 0.0059 seconds to start up
[2020.05.09-00.51.10:318][  0]LogInit: Selected Device Profile: [Windows]
[2020.05.09-00.51.12:383][  0]LogMeshReduction: Using QuadricMeshReduction for automatic static mesh reduction
[2020.05.09-00.51.12:383][  0]LogMeshReduction: Using SimplygonMeshReduction for automatic skeletal mesh reduction
[2020.05.09-00.51.12:383][  0]LogMeshReduction: Using ProxyLODMeshReduction for automatic mesh merging
[2020.05.09-00.51.12:383][  0]LogMeshReduction: No distributed automatic mesh merging module available
[2020.05.09-00.51.12:383][  0]LogMeshMerging: No distributed automatic mesh merging module available
[2020.05.09-00.51.12:892][  0]LogNetVersion: CrossyRoads 1.0.0, NetCL: 10570792, EngineNetVer: 13, GameNetVer: 0 (Checksum: 947931348)
[2020.05.09-00.51.30:772][  0]LogPackageLocalizationCache: Processed 10 localized package path(s) for 1 prioritized culture(s) in 0.065948 seconds
[2020.05.09-00.51.30:797][  0]LogUObjectArray: 46746 objects as part of root set at end of initial load.
[2020.05.09-00.51.30:797][  0]LogUObjectAllocator: 8135816 out of 0 bytes used by permanent object pool.
[2020.05.09-00.51.30:797][  0]LogUObjectArray: CloseDisregardForGC: 0/0 objects in disregard for GC pool
[2020.05.09-00.51.35:817][  0]LogTcpMessaging: Initializing TcpMessaging bridge
[2020.05.09-00.51.35:875][  0]LogUdpMessaging: Initializing bridge on interface 0.0.0.0:0 to multicast group 230.0.0.1:6666.
[2020.05.09-00.51.36:722][  0]SourceControl: Source control is disabled
[2020.05.09-00.51.36:728][  0]SourceControl: Source control is disabled
[2020.05.09-00.51.36:876][  0]SourceControl: Source control is disabled
[2020.05.09-00.51.36:939][  0]SourceControl: Source control is disabled
[2020.05.09-00.51.36:995][  0]SourceControl: Source control is disabled
[2020.05.09-00.51.38:886][  0]LogAndroidPermission: UAndroidPermissionCallbackProxy::GetInstance
[2020.05.09-00.51.39:143][  0]LogAudioCaptureCore: Display: No Audio Capture implementations found. Audio input will be silent.
[2020.05.09-00.51.39:143][  0]LogAudioCaptureCore: Display: No Audio Capture implementations found. Audio input will be silent.
[2020.05.09-00.51.39:687][  0]LogOcInput: OculusInput pre-init called
[2020.05.09-00.51.39:752][  0]LogWindows: Failed to load 'OVRPlugin.dll' (GetLastError=126)
[2020.05.09-00.51.39:752][  0]LogWindows: File 'OVRPlugin.dll' does not exist
[2020.05.09-00.51.40:858][  0]LogEngine: Initializing Engine...
[2020.05.09-00.51.40:909][  0]LogHMD: Failed to initialize OpenVR with code 110
[2020.05.09-00.51.40:973][  0]LogStats: UGameplayTagsManager::InitializeManager -  0.017 s
[2020.05.09-00.51.41:344][  0]LogInit: Initializing FReadOnlyCVARCache
[2020.05.09-00.51.41:838][  0]LogAIModule: Creating AISystem for world Untitled
[2020.05.09-00.51.42:170][  0]LogAudioMixer: Display: Audio Mixer Platform Settings:
[2020.05.09-00.51.42:170][  0]LogAudioMixer: Display: 	Sample Rate:						  48000
[2020.05.09-00.51.42:170][  0]LogAudioMixer: Display: 	Callback Buffer Frame Size Requested: 256
[2020.05.09-00.51.42:170][  0]LogAudioMixer: Display: 	Callback Buffer Frame Size To Use:	  256
[2020.05.09-00.51.42:170][  0]LogAudioMixer: Display: 	Number of buffers to queue:			  7
[2020.05.09-00.51.42:170][  0]LogAudioMixer: Display: 	Max Channels (voices):				  32
[2020.05.09-00.51.42:170][  0]LogAudioMixer: Display: 	Number of Async Source Workers:		  0
[2020.05.09-00.51.42:170][  0]LogAudio: Display: AudioDevice MaxSources: 32
[2020.05.09-00.51.42:192][  0]LogAudio: Display: Using built-in audio occlusion.
[2020.05.09-00.51.42:192][  0]LogAudioMixer: Display: Initializing audio mixer.
[2020.05.09-00.51.42:251][  0]LogAudioMixer: Display: Audio Device Output Speaker Info:
[2020.05.09-00.51.42:251][  0]LogAudioMixer: Display: Name: Speakers (3- USB PnP Sound Device)
[2020.05.09-00.51.42:251][  0]LogAudioMixer: Display: Is Default: Yes
[2020.05.09-00.51.42:251][  0]LogAudioMixer: Display: Sample Rate: 48000
[2020.05.09-00.51.42:251][  0]LogAudioMixer: Display: Channel Count Used: 2
[2020.05.09-00.51.42:251][  0]LogAudioMixer: Display: Device Channel Count: 2
[2020.05.09-00.51.42:251][  0]LogAudioMixer: Display: Channel Order:
[2020.05.09-00.51.42:251][  0]LogAudioMixer: Display: 0: FrontLeft
[2020.05.09-00.51.42:251][  0]LogAudioMixer: Display: 1: FrontRight
[2020.05.09-00.51.42:293][  0]LogAudioMixer: Display: Using Audio Device Speakers (3- USB PnP Sound Device)
[2020.05.09-00.51.42:335][  0]LogInit: FAudioDevice initialized.
[2020.05.09-00.51.42:335][  0]LogNetVersion: Set ProjectVersion to 1.0.0.0. Version Checksum will be recalculated on next use.
[2020.05.09-00.51.42:438][  0]LogDerivedDataCache: Saved boot cache 0.10s 78MB C:/Users/adinh/AppData/Local/UnrealEngine/4.24/DerivedDataCache/Boot.ddc.
[2020.05.09-00.51.42:443][  0]LogInit: Texture streaming: Enabled
[2020.05.09-00.51.42:689][  0]LogEngineSessionManager: EngineSessionManager initialized
[2020.05.09-00.51.42:689][  0]LogEditorSessionSummary: Verbose: Initializing EditorSessionSummaryWriter for editor session tracking
[2020.05.09-00.51.42:692][  0]LogEditorSessionSummary: EditorSessionSummaryWriter initialized
[2020.05.09-00.51.43:069][  0]LogInit: Transaction tracking system initialized
[2020.05.09-00.51.43:393][  0]BlueprintLog: New page: Editor Load
[2020.05.09-00.51.44:444][  0]LocalizationService: Localization service is disabled
[2020.05.09-00.51.46:157][  0]LogFileCache: Scanning file cache for directory 'C:/Users/adinh/source/repos/Crossyroad/Content/' took 0.01s
[2020.05.09-00.51.46:157][  0]LogCook: Display: Max memory allowance for cook 16384mb min free memory 0mb
[2020.05.09-00.51.46:158][  0]LogCook: Display: Mobile HDR setting 1
[2020.05.09-00.51.49:030][  0]SourceControl: Source control is disabled
[2020.05.09-00.51.49:077][  0]Cmd: MAP LOAD FILE="C:/Users/adinh/source/repos/Crossyroad/Content/Maps/CrossyRoads.umap" TEMPLATE=0 SHOWPROGRESS=1 FEATURELEVEL=3
[2020.05.09-00.51.49:092][  0]LightingResults: New page: Lighting Build
[2020.05.09-00.51.49:204][  0]LogWorld: UWorld::CleanupWorld for Untitled, bSessionEnded=true, bCleanupResources=true
[2020.05.09-00.51.49:230][  0]LogSlate: InvalidateAllWidgets triggered.  All widgets were invalidated
[2020.05.09-00.51.49:231][  0]MapCheck: New page: Map Check
[2020.05.09-00.51.49:231][  0]LightingResults: New page: Lighting Build
[2020.05.09-00.51.49:416][  0]LogUObjectHash: Compacting FUObjectHashTables data took   1.79ms
[2020.05.09-00.51.50:153][  0]LogStaticMesh: Building static mesh crossyroadsign...
[2020.05.09-00.51.50:255][  0]LogStaticMesh: Built static mesh [0.10s] /Game/Blueprints/Environment/sign_assets/crossyroadsign.crossyroadsign
[2020.05.09-00.51.50:314][  0]LogAudioDerivedData: Display: Building compressed audio format OGG hash OGG10025600-1-1-1-1-1 wave ChickenSound...
[2020.05.09-00.51.50:314][  0]LogAudioDerivedData: Display: Compression Quality for SoundWave /Game/Blueprints/Audio/ChickenSound.ChickenSound will be modified from 40 to 40.
[2020.05.09-00.51.50:397][  0]LogAudioDerivedData: Display: Updated SoundWave->RawPCMDataSize from 0 to 18432 while cooking SoundWave /Game/Blueprints/Audio/ChickenSound.ChickenSound.
[2020.05.09-00.51.50:462][  0]LogAIModule: Creating AISystem for world CrossyRoads
[2020.05.09-00.51.50:879][  0]LogEditorServer: Finished looking for orphan Actors (0.000 secs)
[2020.05.09-00.51.51:008][  0]LogUObjectHash: Compacting FUObjectHashTables data took   2.33ms
[2020.05.09-00.51.51:009][  0]Cmd: MAP CHECKDEP NOCLEARLOG
[2020.05.09-00.51.51:016][  0]MapCheck: Map check complete: 0 Error(s), 0 Warning(s), took 7ms to complete.
[2020.05.09-00.51.51:016][  0]LogFileHelpers: Loading map 'CrossyRoads' took 1.965
[2020.05.09-00.51.52:261][  0]LogSlate: Updating window title bar state: overlay mode, drag disabled, window buttons hidden, title bar hidden
[2020.05.09-00.51.52:283][  0]LogSlate: Updating window title bar state: overlay mode, drag disabled, window buttons hidden, title bar hidden
[2020.05.09-00.51.52:290][  0]LogSlate: Updating window title bar state: overlay mode, drag disabled, window buttons hidden, title bar hidden
[2020.05.09-00.51.52:297][  0]LogSlate: Updating window title bar state: overlay mode, drag disabled, window buttons hidden, title bar hidden
[2020.05.09-00.51.52:407][  0]LogCollectionManager: Loaded 0 collections in 0.001148 seconds
[2020.05.09-00.51.52:509][  0]LogFileCache: Scanning file cache for directory 'C:/Users/adinh/source/repos/Crossyroad/Saved/Collections/' took 0.00s
[2020.05.09-00.51.52:509][  0]LogFileCache: Scanning file cache for directory 'C:/Users/adinh/source/repos/Crossyroad/Content/Developers/AndrewDinh/Collections/' took 0.00s
[2020.05.09-00.51.52:509][  0]LogFileCache: Scanning file cache for directory 'C:/Users/adinh/source/repos/Crossyroad/Content/Collections/' took 0.00s
[2020.05.09-00.51.52:509][  0]LogContentBrowser: Native class hierarchy populated in 0.0085 seconds. Added 3015 classes and 717 folders.
[2020.05.09-00.51.52:571][  0]LogContentBrowser: Native class hierarchy updated for 'WidgetCarousel' in 0.0003 seconds. Added 0 classes and 0 folders.
[2020.05.09-00.51.53:638][  0]LogContentBrowser: Native class hierarchy updated for 'AddContentDialog' in 0.0002 seconds. Added 0 classes and 0 folders.
[2020.05.09-00.51.53:698][  0]LogContentBrowser: Native class hierarchy updated for 'SceneOutliner' in 0.0003 seconds. Added 2 classes and 3 folders.
[2020.05.09-00.51.54:237][  0]LogContentBrowser: Native class hierarchy updated for 'HierarchicalLODOutliner' in 0.0003 seconds. Added 0 classes and 0 folders.
[2020.05.09-00.51.54:237][  0]LogLoad: (Engine Initialization) Total time: 81.57 seconds
[2020.05.09-00.51.54:237][  0]LogLoad: (Engine Initialization) Total Blueprint compile time: 0.00 seconds
[2020.05.09-00.51.54:408][  0]LogContentStreaming: Texture pool size now 1000 MB
[2020.05.09-00.51.54:460][  0]LogSlate: Took 0.032517 seconds to synchronously load lazily loaded font '../../../Engine/Content/Slate/Fonts/Roboto-Regular.ttf' (155K)
[2020.05.09-00.51.54:480][  0]LogSlate: Took 0.012257 seconds to synchronously load lazily loaded font '../../../Engine/Content/Slate/Fonts/Roboto-Bold.ttf' (160K)
[2020.05.09-00.51.54:515][  0]LogSlate: Took 0.020140 seconds to synchronously load lazily loaded font '../../../Engine/Content/Editor/Slate/Fonts/FontAwesome.ttf' (139K)
[2020.05.09-00.51.54:896][  0]LogRenderer: Reallocating scene render targets to support 816x468 Format 10 NumSamples 1 (Frame:1).
[2020.05.09-00.51.54:896][  0]LogSlate: Took 0.021480 seconds to synchronously load lazily loaded font '../../../Engine/Content/Slate/Fonts/Roboto-Light.ttf' (167K)
[2020.05.09-00.51.55:264][  1]LogAssetRegistry: Asset discovery search completed in 51.0415 seconds
[2020.05.09-00.51.55:279][  1]LogCollectionManager: Fixed up redirectors for 0 collections in 0.000029 seconds (updated 0 objects)
[2020.05.09-00.52.02:718][ 24]LogEditorViewport: Clicking on Actor (LMB): BP_Sky_Sphere_C (Sky Sphere)
[2020.05.09-00.52.05:819][259]LogTemp: Repeating last play command: Selected Viewport
[2020.05.09-00.52.05:854][259]LogPlayLevel: PlayLevel: No blueprints needed recompiling
[2020.05.09-00.52.05:889][259]PIE: New page: PIE session: CrossyRoads (May 8, 2020, 10:52:05 AM)
[2020.05.09-00.52.05:925][259]LogOnline: OSS: Creating online subsystem instance for: NULL
[2020.05.09-00.52.05:927][259]LogOnline: OSS: TryLoadSubsystemAndSetDefault: Loaded subsystem for module [NULL]
[2020.05.09-00.52.05:927][259]LogPlayLevel: Creating play world package: /Game/Maps/UEDPIE_0_CrossyRoads
[2020.05.09-00.52.05:943][259]LogPlayLevel: PIE: StaticDuplicateObject took: (0.015790s)
[2020.05.09-00.52.05:943][259]LogAIModule: Creating AISystem for world CrossyRoads
[2020.05.09-00.52.05:944][259]LogPlayLevel: PIE: World Init took: (0.001009s)
[2020.05.09-00.52.05:944][259]LogPlayLevel: PIE: Created PIE world by copying editor world from /Game/Maps/CrossyRoads.CrossyRoads to /Game/Maps/UEDPIE_0_CrossyRoads.CrossyRoads (0.017051s)
[2020.05.09-00.52.05:964][259]LogUObjectHash: Compacting FUObjectHashTables data took   1.37ms
[2020.05.09-00.52.05:965][259]LogAudioMixer: Display: Audio Mixer Platform Settings:
[2020.05.09-00.52.05:965][259]LogAudioMixer: Display: 	Sample Rate:						  48000
[2020.05.09-00.52.05:965][259]LogAudioMixer: Display: 	Callback Buffer Frame Size Requested: 256
[2020.05.09-00.52.05:965][259]LogAudioMixer: Display: 	Callback Buffer Frame Size To Use:	  256
[2020.05.09-00.52.05:965][259]LogAudioMixer: Display: 	Number of buffers to queue:			  7
[2020.05.09-00.52.05:965][259]LogAudioMixer: Display: 	Max Channels (voices):				  32
[2020.05.09-00.52.05:965][259]LogAudioMixer: Display: 	Number of Async Source Workers:		  0
[2020.05.09-00.52.05:965][259]LogAudio: Display: AudioDevice MaxSources: 32
[2020.05.09-00.52.05:966][259]LogAudio: Display: Using built-in audio occlusion.
[2020.05.09-00.52.05:966][259]LogAudioMixer: Display: Initializing audio mixer.
[2020.05.09-00.52.06:015][259]LogAudioMixer: Display: Audio Device Output Speaker Info:
[2020.05.09-00.52.06:015][259]LogAudioMixer: Display: Name: Speakers (3- USB PnP Sound Device)
[2020.05.09-00.52.06:015][259]LogAudioMixer: Display: Is Default: Yes
[2020.05.09-00.52.06:015][259]LogAudioMixer: Display: Sample Rate: 48000
[2020.05.09-00.52.06:015][259]LogAudioMixer: Display: Channel Count Used: 2
[2020.05.09-00.52.06:015][259]LogAudioMixer: Display: Device Channel Count: 2
[2020.05.09-00.52.06:015][259]LogAudioMixer: Display: Channel Order:
[2020.05.09-00.52.06:015][259]LogAudioMixer: Display: 0: FrontLeft
[2020.05.09-00.52.06:015][259]LogAudioMixer: Display: 1: FrontRight
[2020.05.09-00.52.06:047][259]LogAudioMixer: Display: Using Audio Device Speakers (3- USB PnP Sound Device)
[2020.05.09-00.52.06:049][259]LogInit: FAudioDevice initialized.
[2020.05.09-00.52.06:074][259]LogLoad: Game class is 'GM_CrossyRoad_C'
[2020.05.09-00.52.06:099][259]LogWorld: Bringing World /Game/Maps/UEDPIE_0_CrossyRoads.CrossyRoads up for play (max tick rate 0) at 2020.05.08-17.52.06
[2020.05.09-00.52.06:107][259]LogWorld: Bringing up level for play took: 0.011422
[2020.05.09-00.52.06:107][259]LogOnline: OSS: Creating online subsystem instance for: :Context_2
[2020.05.09-00.52.06:262][259]LogContentBrowser: Native class hierarchy updated for 'MovieSceneCapture' in 0.0004 seconds. Added 20 classes and 0 folders.
[2020.05.09-00.52.06:416][259]PIE: Play in editor start time for /Game/Maps/UEDPIE_0_CrossyRoads 1.108
[2020.05.09-00.52.20:991][713]LogAudioMixer: Display: No commands were queued while flushing the source manager.
[2020.05.09-00.52.20:991][713]LogAudioMixer: Display: Flush succeeded in the source manager command queue (1).
[2020.05.09-00.52.21:001][713]LogAudioMixer: Display: Flush succeeded the source manager command queue (2).
[2020.05.09-00.52.21:006][713]LogSlate: Updating window title bar state: overlay mode, drag disabled, window buttons hidden, title bar hidden
[2020.05.09-00.52.21:006][713]LogWorld: BeginTearingDown for /Game/Maps/UEDPIE_0_CrossyRoads
[2020.05.09-00.52.21:006][713]LogAudioMixer: Display: No commands were queued while flushing the source manager.
[2020.05.09-00.52.21:016][713]LogWorld: UWorld::CleanupWorld for CrossyRoads, bSessionEnded=true, bCleanupResources=true
[2020.05.09-00.52.21:017][713]LogSlate: InvalidateAllWidgets triggered.  All widgets were invalidated
[2020.05.09-00.52.21:025][713]LogPlayLevel: Display: Shutting down PIE online subsystems
[2020.05.09-00.52.21:035][713]LogSlate: InvalidateAllWidgets triggered.  All widgets were invalidated
[2020.05.09-00.52.21:055][713]LogAudioMixer: Display: No commands were queued while flushing the source manager.
[2020.05.09-00.52.21:058][713]LogSlate: Updating window title bar state: overlay mode, drag disabled, window buttons hidden, title bar hidden
[2020.05.09-00.52.21:082][713]LogUObjectHash: Compacting FUObjectHashTables data took   1.65ms
[2020.05.09-00.52.21:106][714]LogPlayLevel: Display: Destroying online subsystem :Context_2
[2020.05.09-00.52.21:680][772]MapCheck: New page: Map Check
[2020.05.09-00.52.21:704][772]Cmd: MAP REBUILD ALLVISIBLE
[2020.05.09-00.52.21:704][772]LogEditorServer: Rebuildmap Clear paths rebuilt
[2020.05.09-00.52.21:712][772]LogWorld: UWorld::CleanupWorld for CrossyRoads, bSessionEnded=true, bCleanupResources=false
[2020.05.09-00.52.21:824][772]LogUObjectHash: Compacting FUObjectHashTables data took   1.58ms
[2020.05.09-00.52.21:845][772]LogMaterial: Display: Missing cached shader map for material DebugViewMode MaterialTexCoordScale, compiling. 
[2020.05.09-00.52.21:864][772]LogMaterial: Display: Missing cached shader map for material DebugViewMode MaterialTexCoordScale, compiling. 
[2020.05.09-00.52.23:245][772]LogShaderCompilers: Display: Worker (1/5): shaders left to compile 2
[2020.05.09-00.52.23:245][772]LogShaderCompilers: Display: Worker (2/5): shaders left to compile 1
[2020.05.09-00.52.23:245][772]LogShaderCompilers: Display: Worker (3/5): shaders left to compile 2
[2020.05.09-00.52.23:245][772]LogShaderCompilers: Display: Worker (4/5): shaders left to compile 1
[2020.05.09-00.52.23:245][772]TextureStreamingBuild: Display: Compiling optional shaders took 1.420 seconds.
[2020.05.09-00.52.23:271][772]LogLevel: Display: Export Material TexCoord Scales took 0.026 seconds.
[2020.05.09-00.52.23:273][772]TextureStreamingBuild: Display: Build Texture Streaming took 0.003 seconds.
[2020.05.09-00.52.23:293][772]LogUObjectHash: Compacting FUObjectHashTables data took   0.71ms
[2020.05.09-00.52.23:315][772]LightingResults: New page: Lighting Build - May 8, 2020, 10:52:23 AM
[2020.05.09-00.52.23:455][772]LogSwarmInterface: [OpenConnection] Registering TCP channel ...
[2020.05.09-00.52.23:658][772]LogSwarmInterface: [OpenConnection] Connecting to agent ...
[2020.05.09-00.52.23:671][772]LogSwarmInterface: [TryOpenConnection] Testing the Agent
[2020.05.09-00.52.24:698][772]LogSwarmInterface: [TryOpenConnection] Opening Connection to Agent
[2020.05.09-00.52.24:698][772]LogSwarmInterface: [TryOpenConnection] Local Process ID is 6528
[2020.05.09-00.52.31:093][772]LogStaticLightingSystem: Warning: No importance volume found, so the scene bounding box was used.  You can optimize your scene's quality and lighting build times by adding importance volumes.
[2020.05.09-00.52.31:111][772]LogStaticLightingSystem: Running Lightmass w/ ImmediateImport mode ENABLED
[2020.05.09-00.52.31:111][772]LogStaticLightingSystem: Running Lightmass w/ ImmediateProcess mode ENABLED
[2020.05.09-00.52.31:111][772]LogStaticLightingSystem: Running Lightmass w/ Sorting mode ENABLED
[2020.05.09-00.52.31:111][772]LogStaticLightingSystem: Running Lightmass w/ Mapping paddings ENABLED
[2020.05.09-00.52.31:112][772]LogStaticLightingSystem: Running Lightmass w/ Mapping debug paddings DISABLED
[2020.05.09-00.52.31:227][772]Cmd: MAP CHECK DONTDISPLAYDIALOG
[2020.05.09-00.52.31:227][772]MapCheck: New page: CrossyRoads - May 8, 2020, 10:52:31 AM
[2020.05.09-00.52.31:227][772]MapCheck: Error: WorldSettings_1 Maps need lighting rebuilt 
[2020.05.09-00.52.31:240][772]MapCheck: Map check complete: 1 Error(s), 0 Warning(s), took 13.309ms to complete.
[2020.05.09-00.52.31:242][772]LogEditorBuildUtils: Build time 0:09
[2020.05.09-00.52.31:485][773]LogMaterial: Display: Missing cached shader map for material FLightmassMaterialRenderer palette, compiling. 
[2020.05.09-00.52.31:516][773]LogShaderCompilers: Display: Worker (1/5): shaders left to compile 2
[2020.05.09-00.52.31:516][773]LogShaderCompilers: Display: Worker (2/5): shaders left to compile 1
[2020.05.09-00.52.31:516][773]LogMaterial: Display: Missing cached shader map for material FLightmassMaterialRenderer palette, compiling. 
[2020.05.09-00.52.31:578][773]LogShaderCompilers: Display: Worker (3/5): shaders left to compile 2
[2020.05.09-00.52.31:578][773]LogShaderCompilers: Display: Worker (4/5): shaders left to compile 1
[2020.05.09-00.52.32:519][778]LogUObjectHash: Compacting FUObjectHashTables data took   0.65ms
[2020.05.09-00.52.33:714][781]Job is a success!
[2020.05.09-00.52.34:071][782]LogSlate: Took 0.000152 seconds to synchronously load lazily loaded font '../../../Engine/Content/Slate/Fonts/Roboto-Light.ttf' (167K)
[2020.05.09-00.52.34:173][782]LogVolumetricLightmapImport: Imported Volumetric Lightmap in 0.008s
[2020.05.09-00.52.34:174][782]LogVolumetricLightmapImport:      Indirection Texture 16x16x16 = 0.0Mb
[2020.05.09-00.52.34:174][782]LogVolumetricLightmapImport:      BrickData (all levels) 0.0Mb
[2020.05.09-00.52.34:174][782]LogVolumetricLightmapImport:      Bricks at depth
[2020.05.09-00.52.34:174][782]LogVolumetricLightmapImport:          0: 100.0% covering 100.0% of volume
[2020.05.09-00.52.34:174][782]LogVolumetricLightmapImport:          1: 0.0% covering 0.0% of volume
[2020.05.09-00.52.34:174][782]LogVolumetricLightmapImport:          2: 0.0% covering 0.0% of volume
[2020.05.09-00.52.34:174][782]LogVolumetricLightmapImport:      Bricks in each level
[2020.05.09-00.52.34:174][782]LogVolumetricLightmapImport:          CrossyRoads 			 1 bricks 	 100.0% (Persistent Level)
[2020.05.09-00.52.34:326][782]LogTexture: Display: Building textures: HQ_Lightmap1_2 (AutoDXT, 64X64)
[2020.05.09-00.52.34:327][782]LogTexture: Display: Building textures: LQ_Lightmap_0_1 (DXT1, 128X128)
[2020.05.09-00.52.34:327][782]LogTexture: Display: Building textures: HQ_Lightmap0_1 (AutoDXT, 128X128)
[2020.05.09-00.52.34:327][782]LogTexture: Display: Building textures: LQ_Lightmap_1_2 (DXT1, 64X64)
[2020.05.09-00.52.34:327][782]LogTexture: Display: Building textures: ShadowMapTexture2D_0 (G8, 32X32)
[2020.05.09-00.52.34:327][782]Lightmass on WAR-MACHINE: 1.12 sec total, 125 ms importing, 24 ms setup, 53 ms photons, 877 ms processing, 0 ms extra exporting [3/3 mappings]. Threads: 6.14 sec total, 69 ms processing.
[2020.05.09-00.52.34:327][782]LogStaticLightingSystem: CrossyRoads_BuiltData storing lightmap data for 3 meshes in 2 LightmapResourceClusters (1.5 Meshes per cluster).
[2020.05.09-00.52.34:357][782]LogUObjectHash: Compacting FUObjectHashTables data took   3.83ms
[2020.05.09-00.52.34:395][782]LogStaticLightingSystem: Illumination: 10.7 sec (69 ms encoding lightmaps, 8 ms encoding shadowmaps)
[2020.05.09-00.52.34:395][782]LogStaticLightingSystem: Lightmap texture memory:  0.0 MB (0.0 MB streaming, 0.0 MB non-streaming), 4 textures
[2020.05.09-00.52.34:395][782]LogStaticLightingSystem: Shadowmap texture memory: 0.0 MB (0.0 MB streaming, 0.0 MB non-streaming), 1 textures
[2020.05.09-00.52.39:093][782]DumpUnbuiltLightIteractions
[2020.05.09-00.52.39:093][782]Lights with unbuilt interactions: 0
[2020.05.09-00.52.39:093][782]
[2020.05.09-00.52.39:093][782]Primitives with unbuilt interactions: 0
[2020.05.09-00.52.39:138][783]Cmd: MAP CHECK NOTIFYRESULTS
[2020.05.09-00.52.39:139][783]MapCheck: New page: CrossyRoads - May 8, 2020, 10:52:39 AM
[2020.05.09-00.52.39:139][783]MapCheck: Map check complete: 0 Error(s), 0 Warning(s), took 0.429ms to complete.
[2020.05.09-01.02.14:896][508]LogUObjectHash: Compacting FUObjectHashTables data took   1.70ms
[2020.05.09-01.02.14:918][508]Cmd: OBJ SAVEPACKAGE PACKAGE="/Game/Maps/CrossyRoads" FILE="C:/Users/adinh/source/repos/Crossyroad/Saved/Autosaves/Game/Maps/CrossyRoads_Auto1.umap" SILENT=true AUTOSAVING=true KEEPDIRTY=false
[2020.05.09-01.02.15:022][508]LogSavePackage: Moving 'C:/Users/adinh/source/repos/Crossyroad/Saved/CrossyRoads_Auto1221A3B404BC96FE45C8FD78BF9F960A9.tmp' to 'C:/Users/adinh/source/repos/Crossyroad/Saved/Autosaves/Game/Maps/CrossyRoads_Auto1.umap'
[2020.05.09-01.02.15:031][508]LogFileHelpers: Editor autosave (incl. sublevels) for '/Game/Maps/CrossyRoads' took 0.156
[2020.05.09-01.02.15:031][508]LogFileHelpers: Editor autosave (incl. sublevels) for all levels took 0.156
[2020.05.09-01.12.15:327][307]LogUObjectHash: Compacting FUObjectHashTables data took   0.75ms
[2020.05.09-01.12.15:327][307]LogFileHelpers: Editor autosave (incl. sublevels) for '/Game/Maps/CrossyRoads' took 0.020
[2020.05.09-01.22.15:919][106]LogUObjectHash: Compacting FUObjectHashTables data took   0.75ms
[2020.05.09-01.22.15:920][106]LogFileHelpers: Editor autosave (incl. sublevels) for '/Game/Maps/CrossyRoads' took 0.021
[2020.05.09-01.32.16:278][905]LogUObjectHash: Compacting FUObjectHashTables data took   0.76ms
[2020.05.09-01.32.16:278][905]LogFileHelpers: Editor autosave (incl. sublevels) for '/Game/Maps/CrossyRoads' took 0.021
[2020.05.09-01.42.16:703][704]LogUObjectHash: Compacting FUObjectHashTables data took   0.95ms
[2020.05.09-01.42.16:703][704]LogFileHelpers: Editor autosave (incl. sublevels) for '/Game/Maps/CrossyRoads' took 0.020
[2020.05.09-01.52.17:312][505]LogUObjectHash: Compacting FUObjectHashTables data took   0.75ms
[2020.05.09-01.52.17:313][505]LogFileHelpers: Editor autosave (incl. sublevels) for '/Game/Maps/CrossyRoads' took 0.020
[2020.05.09-01.58.59:251][711]LogHttp: Warning: 000001E64F5DE200: invalid HTTP response code received. URL: https://datarouter.ol.epicgames.com/datarouter/api/v1/public/data?SessionID=%7B918E8B47-4C38-1909-0763-A6BE090BC793%7D&AppID=UEEditor.Rocket.Release&AppVersion=4.24.3-11590370%2B%2B%2BUE4%2BRelease-4.24&UserID=9cc4ce0f4b49dddefdb110b65ed6bcf5%7C25dfc2579958478d9f51ea94986c1e3a%7C96af0a64-a2ff-42d7-b14f-e299d60c777d&AppEnvironment=datacollector-binary&UploadType=eteventstream, HTTP code: 0, content length: 0, actual payload size: 0
[2020.05.09-01.58.59:251][711]LogHttp: Warning: 000001E64F5DE200: request failed, libcurl error: 0 (No error)
[2020.05.09-01.58.59:251][711]LogHttp: Warning: 000001E64F5DE200: libcurl info message cache 0 (Found bundle for host datarouter.ol.epicgames.com: 0x1e6309a7f70 [can pipeline])
[2020.05.09-01.58.59:251][711]LogHttp: Warning: 000001E64F5DE200: libcurl info message cache 1 (Re-using existing connection! (#13) with host datarouter.ol.epicgames.com)
[2020.05.09-01.58.59:251][711]LogHttp: Warning: 000001E64F5DE200: libcurl info message cache 2 (Connected to datarouter.ol.epicgames.com (35.171.73.202) port 443 (#13))
[2020.05.09-01.58.59:251][711]LogHttp: Warning: 000001E64F5DE200: libcurl info message cache 3 (We are completely uploaded and fine)
[2020.05.09-01.58.59:251][711]LogHttp: Warning: 000001E64F5DE200: libcurl info message cache 4 (TLSv1.2 (IN), TLS alert, Client hello (1):)
[2020.05.09-01.58.59:251][711]LogHttp: Warning: 000001E64F5DE200: libcurl info message cache 5 (Connection died, retrying a fresh connect)
[2020.05.09-01.58.59:251][711]LogHttp: Warning: 000001E64F5DE200: libcurl info message cache 6 (necessary data rewind wasn't possible)
[2020.05.09-01.58.59:251][711]LogHttp: Warning: 000001E64F5DE200: libcurl info message cache 7 (Closing connection 13)
[2020.05.09-01.58.59:251][711]LogHttp: Warning: 000001E64F5DE200: libcurl info message cache 8 (TLSv1.2 (OUT), TLS alert, Client hello (1):)
[2020.05.09-01.58.59:591][712]LogHttp: Warning: Retry exhausted on https://datarouter.ol.epicgames.com/datarouter/api/v1/public/data?SessionID=%7B918E8B47-4C38-1909-0763-A6BE090BC793%7D&AppID=UEEditor.Rocket.Release&AppVersion=4.24.3-11590370%2B%2B%2BUE4%2BRelease-4.24&UserID=9cc4ce0f4b49dddefdb110b65ed6bcf5%7C25dfc2579958478d9f51ea94986c1e3a%7C96af0a64-a2ff-42d7-b14f-e299d60c777d&AppEnvironment=datacollector-binary&UploadType=eteventstream
[2020.05.09-02.02.17:860][305]LogUObjectHash: Compacting FUObjectHashTables data took   0.62ms
[2020.05.09-02.02.17:861][305]LogFileHelpers: Editor autosave (incl. sublevels) for '/Game/Maps/CrossyRoads' took 0.020
[2020.05.09-02.12.18:196][104]LogUObjectHash: Compacting FUObjectHashTables data took   0.62ms
[2020.05.09-02.12.18:197][104]LogFileHelpers: Editor autosave (incl. sublevels) for '/Game/Maps/CrossyRoads' took 0.020
[2020.05.09-02.21.54:106][830]LogSlate: Window 'Message Log' being destroyed
[2020.05.09-02.21.54:116][830]LogSlate: Window 'Message Log' being destroyed
[2020.05.09-02.21.54:137][830]LogUObjectHash: Compacting FUObjectHashTables data took   0.69ms
[2020.05.09-02.21.56:319][830]LogSlate: Window 'Save Content' being destroyed
[2020.05.09-02.21.57:326][833]LogUObjectHash: Compacting FUObjectHashTables data took   0.62ms
[2020.05.09-02.21.58:998][833]LogSlate: Window 'Save Content' being destroyed
[2020.05.09-02.21.59:038][833]Cmd: OBJ SAVEPACKAGE PACKAGE="/Game/Maps/CrossyRoads" FILE="C:/Users/adinh/source/repos/Crossyroad/Content/Maps/CrossyRoads.umap" SILENT=true AUTOSAVING=false KEEPDIRTY=false
[2020.05.09-02.21.59:056][833]LogUObjectHash: Compacting FUObjectHashTables data took   0.67ms
[2020.05.09-02.21.59:115][833]LogSavePackage: Moving 'C:/Users/adinh/source/repos/Crossyroad/Saved/CrossyRoads302BACBC4AE3575FF74908811C0FB4F8.tmp' to 'C:/Users/adinh/source/repos/Crossyroad/Content/Maps/CrossyRoads.umap'
[2020.05.09-02.21.59:152][833]LogFileHelpers: Saving map 'CrossyRoads' took 0.114
[2020.05.09-02.21.59:152][833]Cmd: OBJ SAVEPACKAGE PACKAGE="/Game/Maps/CrossyRoads_BuiltData" FILE="C:/Users/adinh/source/repos/Crossyroad/Content/Maps/CrossyRoads_BuiltData.uasset" SILENT=true
[2020.05.09-02.21.59:192][833]LogSavePackage: Moving 'C:/Users/adinh/source/repos/Crossyroad/Saved/CrossyRoads_BuiltData34AEF3464B2BB4EEAF4B78B87FEA69E7.tmp' to 'C:/Users/adinh/source/repos/Crossyroad/Content/Maps/CrossyRoads_BuiltData.uasset'
[2020.05.09-02.21.59:194][833]Cmd: OBJ SAVEPACKAGE PACKAGE="/Game/Maps/CrossyRoads_BuiltData" FILE="C:/Users/adinh/source/repos/Crossyroad/Content/Maps/CrossyRoads_BuiltData.uasset" SILENT=true
[2020.05.09-02.21.59:228][833]LogSavePackage: Moving 'C:/Users/adinh/source/repos/Crossyroad/Saved/CrossyRoads_BuiltData4A9EA798425A98045D4408AAEFFFED81.tmp' to 'C:/Users/adinh/source/repos/Crossyroad/Content/Maps/CrossyRoads_BuiltData.uasset'
[2020.05.09-02.21.59:322][833]LogSlate: Window 'CrossyRoads - Unreal Editor' being destroyed
[2020.05.09-02.21.59:325][833]LogWindowsTextInputMethodSystem: Display: IME system now activated using TSF (Microsoft IME).
[2020.05.09-02.21.59:519][833]AssetCheck: New page: Asset Save: multiple assets
[2020.05.09-02.21.59:519][833]LogContentValidation: Display: Validating World /Game/Maps/CrossyRoads.CrossyRoads
[2020.05.09-02.21.59:520][833]LogContentValidation: Display: Validating MapBuildDataRegistry /Game/Maps/CrossyRoads_BuiltData.CrossyRoads_BuiltData
[2020.05.09-02.21.59:528][834]Cmd: QUIT_EDITOR
[2020.05.09-02.21.59:528][834]LogCore: Engine exit requested (reason: UUnrealEdEngine::CloseEditor())
[2020.05.09-02.21.59:546][834]LogCore: Engine exit requested (reason: EngineExit() was called; note: exit was already requested)
[2020.05.09-02.21.59:546][834]LogAudioMixer: Display: No commands were queued while flushing the source manager.
