Log file open, 05/16/20 18:15:20
LogWindows: Failed to load 'aqProf.dll' (GetLastError=126)
LogWindows: File 'aqProf.dll' does not exist
LogWindows: Failed to load 'VtuneApi.dll' (GetLastError=126)
LogWindows: File 'VtuneApi.dll' does not exist
LogWindows: Failed to load 'VtuneApi32e.dll' (GetLastError=126)
LogWindows: File 'VtuneApi32e.dll' does not exist
LogConsoleResponse: Display: Failed to find resolution value strings in scalability ini. Falling back to default.
LogInit: Display: Running engine for game: CrossyRoads
LogPlatformFile: Not using cached read wrapper
LogTaskGraph: Started task graph with 5 named threads and 23 total threads with 3 sets of task threads.
LogStats: Stats thread started at 8.057332
LogD3D11RHI: Loaded GFSDK_Aftermath_Lib.x64.dll
LogICUInternationalization: ICU TimeZone Detection - Raw Offset: -8:00, Platform Override: ''
LogPluginManager: Mounting plugin Paper2D
LogPluginManager: Mounting plugin AISupport
LogPluginManager: Mounting plugin LightPropagationVolume
LogPluginManager: Mounting plugin ActorLayerUtilities
LogPluginManager: Mounting plugin AnimationSharing
LogPluginManager: Mounting plugin CLionSourceCodeAccess
LogPluginManager: Mounting plugin CodeLiteSourceCodeAccess
LogPluginManager: Mounting plugin GitSourceControl
LogPluginManager: Mounting plugin KDevelopSourceCodeAccess
LogPluginManager: Mounting plugin NullSourceCodeAccess
LogPluginManager: Mounting plugin PerforceSourceControl
LogPluginManager: Mounting plugin PlasticSourceControl
LogPluginManager: Mounting plugin SubversionSourceControl
LogPluginManager: Mounting plugin UObjectPlugin
LogPluginManager: Mounting plugin VisualStudioCodeSourceCodeAccess
LogPluginManager: Mounting plugin VisualStudioSourceCodeAccess
LogPluginManager: Mounting plugin XCodeSourceCodeAccess
LogPluginManager: Mounting plugin AssetManagerEditor
LogPluginManager: Mounting plugin CryptoKeys
LogPluginManager: Mounting plugin CurveEditorTools
LogPluginManager: Mounting plugin DataValidation
LogPluginManager: Mounting plugin FacialAnimation
LogPluginManager: Mounting plugin GameplayTagsEditor
LogPluginManager: Mounting plugin MacGraphicsSwitching
LogPluginManager: Mounting plugin MaterialAnalyzer
LogPluginManager: Mounting plugin MobileLauncherProfileWizard
LogPluginManager: Mounting plugin PluginBrowser
LogPluginManager: Mounting plugin SpeedTreeImporter
LogPluginManager: Mounting plugin DatasmithContent
LogPluginManager: Mounting plugin VariantManagerContent
LogPluginManager: Mounting plugin AlembicImporter
LogPluginManager: Mounting plugin AutomationUtils
LogPluginManager: Mounting plugin BackChannel
LogPluginManager: Mounting plugin CharacterAI
LogPluginManager: Mounting plugin GeometryCache
LogPluginManager: Mounting plugin PlatformCrypto
LogPluginManager: Mounting plugin ProxyLODPlugin
LogPluginManager: Mounting plugin SkeletalReduction
LogPluginManager: Mounting plugin MagicLeap
LogPluginManager: Mounting plugin MagicLeapMedia
LogPluginManager: Mounting plugin MLSDK
LogPluginManager: Mounting plugin AndroidMedia
LogPluginManager: Mounting plugin AvfMedia
LogPluginManager: Mounting plugin ImgMedia
LogPluginManager: Mounting plugin MediaCompositing
LogPluginManager: Mounting plugin MediaPlayerEditor
LogPluginManager: Mounting plugin WebMMedia
LogPluginManager: Mounting plugin WmfMedia
LogPluginManager: Mounting plugin TcpMessaging
LogPluginManager: Mounting plugin UdpMessaging
LogPluginManager: Mounting plugin ActorSequence
LogPluginManager: Mounting plugin LevelSequenceEditor
LogPluginManager: Mounting plugin MatineeToLevelSequence
LogPluginManager: Mounting plugin NetcodeUnitTest
LogPluginManager: Mounting plugin NUTUnrealEngine4
LogPluginManager: Mounting plugin OnlineSubsystemGooglePlay
LogPluginManager: Mounting plugin OnlineSubsystemIOS
LogPluginManager: Mounting plugin OnlineSubsystem
LogPluginManager: Mounting plugin OnlineSubsystemNull
LogPluginManager: Mounting plugin OnlineSubsystemUtils
LogPluginManager: Mounting plugin LauncherChunkInstaller
LogPluginManager: Mounting plugin AndroidDeviceProfileSelector
LogPluginManager: Mounting plugin AndroidMoviePlayer
LogPluginManager: Mounting plugin AndroidPermission
LogPluginManager: Mounting plugin AppleImageUtils
LogPluginManager: Mounting plugin AppleMoviePlayer
LogPluginManager: Mounting plugin ArchVisCharacter
LogPluginManager: Mounting plugin AssetTags
LogPluginManager: Mounting plugin AudioCapture
LogPluginManager: Mounting plugin CableComponent
LogPluginManager: Mounting plugin CustomMeshComponent
LogPluginManager: Mounting plugin EditableMesh
LogPluginManager: Mounting plugin ExampleDeviceProfileSelector
LogPluginManager: Mounting plugin GoogleCloudMessaging
LogPluginManager: Mounting plugin IOSDeviceProfileSelector
LogPluginManager: Mounting plugin LinuxDeviceProfileSelector
LogPluginManager: Mounting plugin LocationServicesBPLibrary
LogPluginManager: Mounting plugin MobilePatchingUtils
LogPluginManager: Mounting plugin OculusVR
LogPluginManager: Mounting plugin PhysXVehicles
LogPluginManager: Mounting plugin PostSplashScreen
LogPluginManager: Mounting plugin ProceduralMeshComponent
LogPluginManager: Mounting plugin RuntimePhysXCooking
LogPluginManager: Mounting plugin SignificanceManager
LogPluginManager: Mounting plugin SteamVR
LogPluginManager: Mounting plugin WebMMoviePlayer
LogPluginManager: Mounting plugin WindowsMoviePlayer
LogPluginManager: Mounting plugin ScreenshotTools
LogInit: Using libcurl 7.55.1-DEV
LogInit:  - built for x86_64-pc-win32
LogInit:  - supports SSL with OpenSSL/1.1.1
LogInit:  - supports HTTP deflate (compression) using libz 1.2.8
LogInit:  - other features:
LogInit:      CURL_VERSION_SSL
LogInit:      CURL_VERSION_LIBZ
LogInit:      CURL_VERSION_IPV6
LogInit:      CURL_VERSION_ASYNCHDNS
LogInit:      CURL_VERSION_LARGEFILE
LogInit:      CURL_VERSION_IDN
LogInit:  CurlRequestOptions (configurable via config and command line):
LogInit:  - bVerifyPeer = true  - Libcurl will verify peer certificate
LogInit:  - bUseHttpProxy = false  - Libcurl will NOT use HTTP proxy
LogInit:  - bDontReuseConnections = false  - Libcurl will reuse connections
LogInit:  - MaxHostConnections = 16  - Libcurl will limit the number of connections to a host
LogInit:  - LocalHostAddr = Default
LogInit:  - BufferSize = 65536
LogOnline: OSS: Creating online subsystem instance for: NULL
LogInit: WinSock: version 1.1 (2.2), MaxSocks=32767, MaxUdp=65467
LogOnline: OSS: TryLoadSubsystemAndSetDefault: Loaded subsystem for module [NULL]
LogInit: Build: ++UE4+Release-4.24-CL-11590370
LogInit: Engine Version: 4.24.3-11590370+++UE4+Release-4.24
LogInit: Compatible Engine Version: 4.24.0-10570792+++UE4+Release-4.24
LogInit: Net CL: 10570792
LogInit: OS: Windows 10 (Release 1903) (), CPU:        Intel(R) Core(TM) i7-3770K CPU @ 3.50GHz, GPU: NVIDIA GeForce GTX 780
LogInit: Compiled (64-bit): Feb 24 2020 15:39:18
LogInit: Compiled with Visual C++: 19.16.27032.01
LogInit: Build Configuration: Development
LogInit: Branch Name: ++UE4+Release-4.24
LogInit: Command Line: 
LogInit: Base Directory: D:/UE_4.24/Engine/Binaries/Win64/
LogInit: Installed Engine Build: 1
LogDevObjectVersion: Number of dev versions registered: 25
LogDevObjectVersion:   Dev-Blueprints (B0D832E4-1F89-4F0D-ACCF-7EB736FD4AA2): 10
LogDevObjectVersion:   Dev-Build (E1C64328-A22C-4D53-A36C-8E866417BD8C): 0
LogDevObjectVersion:   Dev-Core (375EC13C-06E4-48FB-B500-84F0262A717E): 3
LogDevObjectVersion:   Dev-Editor (E4B068ED-F494-42E9-A231-DA0B2E46BB41): 37
LogDevObjectVersion:   Dev-Framework (CFFC743F-43B0-4480-9391-14DF171D2073): 36
LogDevObjectVersion:   Dev-Mobile (B02B49B5-BB20-44E9-A304-32B752E40360): 2
LogDevObjectVersion:   Dev-Networking (A4E4105C-59A1-49B5-A7C5-40C4547EDFEE): 0
LogDevObjectVersion:   Dev-Online (39C831C9-5AE6-47DC-9A44-9C173E1C8E7C): 0
LogDevObjectVersion:   Dev-Physics (78F01B33-EBEA-4F98-B9B4-84EACCB95AA2): 2
LogDevObjectVersion:   Dev-Platform (6631380F-2D4D-43E0-8009-CF276956A95A): 0
LogDevObjectVersion:   Dev-Rendering (12F88B9F-8875-4AFC-A67C-D90C383ABD29): 36
LogDevObjectVersion:   Dev-Sequencer (7B5AE74C-D270-4C10-A958-57980B212A5A): 11
LogDevObjectVersion:   Dev-VR (D7296918-1DD6-4BDD-9DE2-64A83CC13884): 2
LogDevObjectVersion:   Dev-LoadTimes (C2A15278-BFE7-4AFE-6C17-90FF531DF755): 1
LogDevObjectVersion:   Private-Geometry (6EACA3D4-40EC-4CC1-B786-8BED09428FC5): 3
LogDevObjectVersion:   Dev-AnimPhys (29E575DD-E0A3-4627-9D10-D276232CDCEA): 17
LogDevObjectVersion:   Dev-Anim (AF43A65D-7FD3-4947-9873-3E8ED9C1BB05): 2
LogDevObjectVersion:   Dev-ReflectionCapture (6B266CEC-1EC7-4B8F-A30B-E4D90942FC07): 1
LogDevObjectVersion:   Dev-Automation (0DF73D61-A23F-47EA-B727-89E90C41499A): 1
LogDevObjectVersion:   FortniteMain (601D1886-AC64-4F84-AA16-D3DE0DEAC7D6): 31
LogDevObjectVersion:   Dev-Enterprise (9DFFBCD6-494F-0158-E221-12823C92A888): 8
LogDevObjectVersion:   Dev-Niagara (F2AED0AC-9AFE-416F-8664-AA7FFA26D6FC): 1
LogDevObjectVersion:   Dev-Destruction (174F1F0B-B4C6-45A5-B13F-2EE8D0FB917D): 9
LogDevObjectVersion:   Dev-Physics-Ext (35F94A83-E258-406C-A318-09F59610247C): 8
LogDevObjectVersion:   Dev-CineCamera (B2E18506-4273-CFC2-A54E-F4BB758BBA07): 1
LogInit: Presizing for max 25165824 objects, including 0 objects not considered by GC, pre-allocating 0 bytes for permanent pool.
LogInit: Object subsystem initialized
LogConfig: Setting CVar [[con.DebugEarlyDefault:1]]
LogConfig: Setting CVar [[r.setres:1280x720]]
[2020.05.17-01.15.23:258][  0]LogConfig: Setting CVar [[r.VSync:0]]
[2020.05.17-01.15.23:258][  0]LogConfig: Setting CVar [[r.RHICmdBypass:0]]
[2020.05.17-01.15.23:269][  0]LogConfig: Applying CVar settings from Section [/Script/Engine.RendererSettings] File [C:/Users/adinh/source/repos/Crossyroad/Crossyroad/Saved/Config/Windows/Engine.ini]
[2020.05.17-01.15.23:269][  0]LogConfig: Setting CVar [[r.GPUCrashDebugging:0]]
[2020.05.17-01.15.23:269][  0]LogConfig: Setting CVar [[r.DefaultFeature.AutoExposure.ExtendDefaultLuminanceRange:1]]
[2020.05.17-01.15.23:269][  0]LogConfig: Applying CVar settings from Section [/Script/Engine.RendererOverrideSettings] File [C:/Users/adinh/source/repos/Crossyroad/Crossyroad/Saved/Config/Windows/Engine.ini]
[2020.05.17-01.15.23:269][  0]LogConfig: Applying CVar settings from Section [/Script/Engine.StreamingSettings] File [C:/Users/adinh/source/repos/Crossyroad/Crossyroad/Saved/Config/Windows/Engine.ini]
[2020.05.17-01.15.23:269][  0]LogConfig: Setting CVar [[s.MinBulkDataSizeForAsyncLoading:131072]]
[2020.05.17-01.15.23:269][  0]LogConfig: Setting CVar [[s.AsyncLoadingThreadEnabled:0]]
[2020.05.17-01.15.23:269][  0]LogConfig: Setting CVar [[s.EventDrivenLoaderEnabled:1]]
[2020.05.17-01.15.23:269][  0]LogConfig: Setting CVar [[s.WarnIfTimeLimitExceeded:0]]
[2020.05.17-01.15.23:269][  0]LogConfig: Setting CVar [[s.TimeLimitExceededMultiplier:1.5]]
[2020.05.17-01.15.23:269][  0]LogConfig: Setting CVar [[s.TimeLimitExceededMinTime:0.005]]
[2020.05.17-01.15.23:269][  0]LogConfig: Setting CVar [[s.UseBackgroundLevelStreaming:1]]
[2020.05.17-01.15.23:269][  0]LogConfig: Setting CVar [[s.PriorityAsyncLoadingExtraTime:15.0]]
[2020.05.17-01.15.23:269][  0]LogConfig: Setting CVar [[s.LevelStreamingActorsUpdateTimeLimit:5.0]]
[2020.05.17-01.15.23:269][  0]LogConfig: Setting CVar [[s.PriorityLevelStreamingActorsUpdateExtraTime:5.0]]
[2020.05.17-01.15.23:269][  0]LogConfig: Setting CVar [[s.LevelStreamingComponentsRegistrationGranularity:10]]
[2020.05.17-01.15.23:269][  0]LogConfig: Setting CVar [[s.UnregisterComponentsTimeLimit:1.0]]
[2020.05.17-01.15.23:269][  0]LogConfig: Setting CVar [[s.LevelStreamingComponentsUnregistrationGranularity:5]]
[2020.05.17-01.15.23:269][  0]LogConfig: Setting CVar [[s.FlushStreamingOnExit:1]]
[2020.05.17-01.15.23:269][  0]LogConfig: Applying CVar settings from Section [/Script/Engine.GarbageCollectionSettings] File [C:/Users/adinh/source/repos/Crossyroad/Crossyroad/Saved/Config/Windows/Engine.ini]
[2020.05.17-01.15.23:269][  0]LogConfig: Setting CVar [[gc.MaxObjectsNotConsideredByGC:1]]
[2020.05.17-01.15.23:269][  0]LogConfig: Setting CVar [[gc.SizeOfPermanentObjectPool:0]]
[2020.05.17-01.15.23:269][  0]LogConfig: Setting CVar [[gc.FlushStreamingOnGC:0]]
[2020.05.17-01.15.23:269][  0]LogConfig: Setting CVar [[gc.NumRetriesBeforeForcingGC:10]]
[2020.05.17-01.15.23:269][  0]LogConfig: Setting CVar [[gc.AllowParallelGC:1]]
[2020.05.17-01.15.23:269][  0]LogConfig: Setting CVar [[gc.TimeBetweenPurgingPendingKillObjects:61.1]]
[2020.05.17-01.15.23:270][  0]LogConfig: Setting CVar [[gc.MaxObjectsInEditor:25165824]]
[2020.05.17-01.15.23:270][  0]LogConfig: Setting CVar [[gc.IncrementalBeginDestroyEnabled:1]]
[2020.05.17-01.15.23:270][  0]LogConfig: Setting CVar [[gc.CreateGCClusters:1]]
[2020.05.17-01.15.23:270][  0]LogConfig: Setting CVar [[gc.MinGCClusterSize:5]]
[2020.05.17-01.15.23:270][  0]LogConfig: Setting CVar [[gc.ActorClusteringEnabled:0]]
[2020.05.17-01.15.23:270][  0]LogConfig: Setting CVar [[gc.BlueprintClusteringEnabled:0]]
[2020.05.17-01.15.23:270][  0]LogConfig: Setting CVar [[gc.UseDisregardForGCOnDedicatedServers:0]]
[2020.05.17-01.15.23:270][  0]LogConfig: Applying CVar settings from Section [/Script/Engine.NetworkSettings] File [C:/Users/adinh/source/repos/Crossyroad/Crossyroad/Saved/Config/Windows/Engine.ini]
[2020.05.17-01.15.23:270][  0]LogConfig: Applying CVar settings from Section [/Script/UnrealEd.CookerSettings] File [C:/Users/adinh/source/repos/Crossyroad/Crossyroad/Saved/Config/Windows/Engine.ini]
[2020.05.17-01.15.23:328][  0]LogConfig: Applying CVar settings from Section [ViewDistanceQuality@3] File [C:/Users/adinh/source/repos/Crossyroad/Crossyroad/Saved/Config/Windows/Scalability.ini]
[2020.05.17-01.15.23:328][  0]LogConfig: Setting CVar [[r.SkeletalMeshLODBias:0]]
[2020.05.17-01.15.23:328][  0]LogConfig: Setting CVar [[r.ViewDistanceScale:1.0]]
[2020.05.17-01.15.23:328][  0]LogConfig: Applying CVar settings from Section [AntiAliasingQuality@3] File [C:/Users/adinh/source/repos/Crossyroad/Crossyroad/Saved/Config/Windows/Scalability.ini]
[2020.05.17-01.15.23:328][  0]LogConfig: Setting CVar [[r.PostProcessAAQuality:4]]
[2020.05.17-01.15.23:328][  0]LogConfig: Applying CVar settings from Section [ShadowQuality@3] File [C:/Users/adinh/source/repos/Crossyroad/Crossyroad/Saved/Config/Windows/Scalability.ini]
[2020.05.17-01.15.23:328][  0]LogConfig: Setting CVar [[r.LightFunctionQuality:1]]
[2020.05.17-01.15.23:328][  0]LogConfig: Setting CVar [[r.ShadowQuality:5]]
[2020.05.17-01.15.23:328][  0]LogConfig: Setting CVar [[r.Shadow.CSM.MaxCascades:10]]
[2020.05.17-01.15.23:328][  0]LogConfig: Setting CVar [[r.Shadow.MaxResolution:2048]]
[2020.05.17-01.15.23:328][  0]LogConfig: Setting CVar [[r.Shadow.MaxCSMResolution:2048]]
[2020.05.17-01.15.23:328][  0]LogConfig: Setting CVar [[r.Shadow.RadiusThreshold:0.01]]
[2020.05.17-01.15.23:328][  0]LogConfig: Setting CVar [[r.Shadow.DistanceScale:1.0]]
[2020.05.17-01.15.23:328][  0]LogConfig: Setting CVar [[r.Shadow.CSM.TransitionScale:1.0]]
[2020.05.17-01.15.23:328][  0]LogConfig: Setting CVar [[r.Shadow.PreShadowResolutionFactor:1.0]]
[2020.05.17-01.15.23:328][  0]LogConfig: Setting CVar [[r.DistanceFieldShadowing:1]]
[2020.05.17-01.15.23:328][  0]LogConfig: Setting CVar [[r.DistanceFieldAO:1]]
[2020.05.17-01.15.23:328][  0]LogConfig: Setting CVar [[r.AOQuality:2]]
[2020.05.17-01.15.23:328][  0]LogConfig: Setting CVar [[r.VolumetricFog:1]]
[2020.05.17-01.15.23:328][  0]LogConfig: Setting CVar [[r.VolumetricFog.GridPixelSize:8]]
[2020.05.17-01.15.23:328][  0]LogConfig: Setting CVar [[r.VolumetricFog.GridSizeZ:128]]
[2020.05.17-01.15.23:328][  0]LogConfig: Setting CVar [[r.VolumetricFog.HistoryMissSupersampleCount:4]]
[2020.05.17-01.15.23:328][  0]LogConfig: Setting CVar [[r.LightMaxDrawDistanceScale:1]]
[2020.05.17-01.15.23:328][  0]LogConfig: Setting CVar [[r.CapsuleShadows:1]]
[2020.05.17-01.15.23:328][  0]LogConfig: Applying CVar settings from Section [PostProcessQuality@3] File [C:/Users/adinh/source/repos/Crossyroad/Crossyroad/Saved/Config/Windows/Scalability.ini]
[2020.05.17-01.15.23:328][  0]LogConfig: Setting CVar [[r.MotionBlurQuality:4]]
[2020.05.17-01.15.23:328][  0]LogConfig: Setting CVar [[r.AmbientOcclusionMipLevelFactor:0.4]]
[2020.05.17-01.15.23:328][  0]LogConfig: Setting CVar [[r.AmbientOcclusionMaxQuality:100]]
[2020.05.17-01.15.23:328][  0]LogConfig: Setting CVar [[r.AmbientOcclusionLevels:-1]]
[2020.05.17-01.15.23:328][  0]LogConfig: Setting CVar [[r.AmbientOcclusionRadiusScale:1.0]]
[2020.05.17-01.15.23:328][  0]LogConfig: Setting CVar [[r.DepthOfFieldQuality:2]]
[2020.05.17-01.15.23:328][  0]LogConfig: Setting CVar [[r.RenderTargetPoolMin:400]]
[2020.05.17-01.15.23:328][  0]LogConfig: Setting CVar [[r.LensFlareQuality:2]]
[2020.05.17-01.15.23:328][  0]LogConfig: Setting CVar [[r.SceneColorFringeQuality:1]]
[2020.05.17-01.15.23:328][  0]LogConfig: Setting CVar [[r.EyeAdaptationQuality:2]]
[2020.05.17-01.15.23:328][  0]LogConfig: Setting CVar [[r.BloomQuality:5]]
[2020.05.17-01.15.23:328][  0]LogConfig: Setting CVar [[r.FastBlurThreshold:100]]
[2020.05.17-01.15.23:328][  0]LogConfig: Setting CVar [[r.Upscale.Quality:3]]
[2020.05.17-01.15.23:329][  0]LogConfig: Setting CVar [[r.Tonemapper.GrainQuantization:1]]
[2020.05.17-01.15.23:329][  0]LogConfig: Setting CVar [[r.LightShaftQuality:1]]
[2020.05.17-01.15.23:329][  0]LogConfig: Setting CVar [[r.Filter.SizeScale:1]]
[2020.05.17-01.15.23:329][  0]LogConfig: Setting CVar [[r.Tonemapper.Quality:5]]
[2020.05.17-01.15.23:329][  0]LogConfig: Setting CVar [[r.DOF.Gather.AccumulatorQuality:1        ; higher gathering accumulator quality]]
[2020.05.17-01.15.23:329][  0]LogConfig: Setting CVar [[r.DOF.Gather.PostfilterMethod:1          ; Median3x3 postfilering method]]
[2020.05.17-01.15.23:329][  0]LogConfig: Setting CVar [[r.DOF.Gather.EnableBokehSettings:0       ; no bokeh simulation when gathering]]
[2020.05.17-01.15.23:329][  0]LogConfig: Setting CVar [[r.DOF.Gather.RingCount:4                 ; medium number of samples when gathering]]
[2020.05.17-01.15.23:329][  0]LogConfig: Setting CVar [[r.DOF.Scatter.ForegroundCompositing:1    ; additive foreground scattering]]
[2020.05.17-01.15.23:329][  0]LogConfig: Setting CVar [[r.DOF.Scatter.BackgroundCompositing:2    ; additive background scattering]]
[2020.05.17-01.15.23:329][  0]LogConfig: Setting CVar [[r.DOF.Scatter.EnableBokehSettings:1      ; bokeh simulation when scattering]]
[2020.05.17-01.15.23:329][  0]LogConfig: Setting CVar [[r.DOF.Scatter.MaxSpriteRatio:0.1         ; only a maximum of 10% of scattered bokeh]]
[2020.05.17-01.15.23:329][  0]LogConfig: Setting CVar [[r.DOF.Recombine.Quality:1                ; cheap slight out of focus]]
[2020.05.17-01.15.23:329][  0]LogConfig: Setting CVar [[r.DOF.Recombine.EnableBokehSettings:0    ; no bokeh simulation on slight out of focus]]
[2020.05.17-01.15.23:329][  0]LogConfig: Setting CVar [[r.DOF.TemporalAAQuality:1                ; more stable temporal accumulation]]
[2020.05.17-01.15.23:329][  0]LogConfig: Setting CVar [[r.DOF.Kernel.MaxForegroundRadius:0.025]]
[2020.05.17-01.15.23:329][  0]LogConfig: Setting CVar [[r.DOF.Kernel.MaxBackgroundRadius:0.025]]
[2020.05.17-01.15.23:329][  0]LogConfig: Applying CVar settings from Section [TextureQuality@3] File [C:/Users/adinh/source/repos/Crossyroad/Crossyroad/Saved/Config/Windows/Scalability.ini]
[2020.05.17-01.15.23:329][  0]LogConfig: Setting CVar [[r.Streaming.MipBias:0]]
[2020.05.17-01.15.23:329][  0]LogConfig: Setting CVar [[r.Streaming.AmortizeCPUToGPUCopy:0]]
[2020.05.17-01.15.23:329][  0]LogConfig: Setting CVar [[r.Streaming.MaxNumTexturesToStreamPerFrame:0]]
[2020.05.17-01.15.23:329][  0]LogConfig: Setting CVar [[r.Streaming.Boost:1]]
[2020.05.17-01.15.23:329][  0]LogConfig: Setting CVar [[r.MaxAnisotropy:8]]
[2020.05.17-01.15.23:329][  0]LogConfig: Setting CVar [[r.VT.MaxAnisotropy:8]]
[2020.05.17-01.15.23:329][  0]LogConfig: Setting CVar [[r.Streaming.LimitPoolSizeToVRAM:0]]
[2020.05.17-01.15.23:329][  0]LogConfig: Setting CVar [[r.Streaming.PoolSize:1000]]
[2020.05.17-01.15.23:329][  0]LogConfig: Setting CVar [[r.Streaming.MaxEffectiveScreenSize:0]]
[2020.05.17-01.15.23:329][  0]LogConfig: Applying CVar settings from Section [EffectsQuality@3] File [C:/Users/adinh/source/repos/Crossyroad/Crossyroad/Saved/Config/Windows/Scalability.ini]
[2020.05.17-01.15.23:329][  0]LogConfig: Setting CVar [[r.TranslucencyLightingVolumeDim:64]]
[2020.05.17-01.15.23:329][  0]LogConfig: Setting CVar [[r.RefractionQuality:2]]
[2020.05.17-01.15.23:329][  0]LogConfig: Setting CVar [[r.SSR.Quality:3]]
[2020.05.17-01.15.23:329][  0]LogConfig: Setting CVar [[r.SSR.HalfResSceneColor:0]]
[2020.05.17-01.15.23:329][  0]LogConfig: Setting CVar [[r.SceneColorFormat:4]]
[2020.05.17-01.15.23:329][  0]LogConfig: Setting CVar [[r.DetailMode:2]]
[2020.05.17-01.15.23:329][  0]LogConfig: Setting CVar [[r.TranslucencyVolumeBlur:1]]
[2020.05.17-01.15.23:329][  0]LogConfig: Setting CVar [[r.MaterialQualityLevel:1 ; High quality]]
[2020.05.17-01.15.23:329][  0]LogConfig: Setting CVar [[r.SSS.Scale:1]]
[2020.05.17-01.15.23:329][  0]LogConfig: Setting CVar [[r.SSS.SampleSet:2]]
[2020.05.17-01.15.23:329][  0]LogConfig: Setting CVar [[r.SSS.Quality:1]]
[2020.05.17-01.15.23:329][  0]LogConfig: Setting CVar [[r.SSS.HalfRes:1]]
[2020.05.17-01.15.23:329][  0]LogConfig: Setting CVar [[r.SSGI.Quality:3]]
[2020.05.17-01.15.23:329][  0]LogConfig: Setting CVar [[r.EmitterSpawnRateScale:1.0]]
[2020.05.17-01.15.23:329][  0]LogConfig: Setting CVar [[r.ParticleLightQuality:2]]
[2020.05.17-01.15.23:329][  0]LogConfig: Setting CVar [[r.SkyAtmosphere.AerialPerspectiveLUT.FastApplyOnOpaque:1 ; Always have FastSkyLUT 1 in this case to avoid wrong sky]]
[2020.05.17-01.15.23:329][  0]LogConfig: Setting CVar [[r.SkyAtmosphere.AerialPerspectiveLUT.SampleCountPerSlice:1]]
[2020.05.17-01.15.23:329][  0]LogConfig: Setting CVar [[r.SkyAtmosphere.AerialPerspectiveLUT.DepthResolution:16.0]]
[2020.05.17-01.15.23:329][  0]LogConfig: Setting CVar [[r.SkyAtmosphere.FastSkyLUT:1]]
[2020.05.17-01.15.23:329][  0]LogConfig: Setting CVar [[r.SkyAtmosphere.FastSkyLUT.SampleCountMin:4.0]]
[2020.05.17-01.15.23:329][  0]LogConfig: Setting CVar [[r.SkyAtmosphere.FastSkyLUT.SampleCountMax:32.0]]
[2020.05.17-01.15.23:329][  0]LogConfig: Setting CVar [[r.SkyAtmosphere.SampleCountMin:4.0]]
[2020.05.17-01.15.23:329][  0]LogConfig: Setting CVar [[r.SkyAtmosphere.SampleCountMax:32.0]]
[2020.05.17-01.15.23:329][  0]LogConfig: Setting CVar [[r.SkyAtmosphere.TransmittanceLUT.UseSmallFormat:0]]
[2020.05.17-01.15.23:329][  0]LogConfig: Setting CVar [[r.SkyAtmosphere.TransmittanceLUT.SampleCount:10.0]]
[2020.05.17-01.15.23:329][  0]LogConfig: Setting CVar [[r.SkyAtmosphere.MultiScatteringLUT.SampleCount:15.0]]
[2020.05.17-01.15.23:329][  0]LogConfig: Applying CVar settings from Section [FoliageQuality@3] File [C:/Users/adinh/source/repos/Crossyroad/Crossyroad/Saved/Config/Windows/Scalability.ini]
[2020.05.17-01.15.23:329][  0]LogConfig: Setting CVar [[foliage.DensityScale:1.0]]
[2020.05.17-01.15.23:329][  0]LogConfig: Setting CVar [[grass.DensityScale:1.0]]
[2020.05.17-01.15.23:329][  0]LogConfig: Applying CVar settings from Section [ShadingQuality@3] File [C:/Users/adinh/source/repos/Crossyroad/Crossyroad/Saved/Config/Windows/Scalability.ini]
[2020.05.17-01.15.23:329][  0]LogConfig: Setting CVar [[r.HairStrands.SkyLighting.SampleCount:16]]
[2020.05.17-01.15.23:329][  0]LogConfig: Setting CVar [[r.HairStrands.SkyLighting.JitterIntegration:0]]
[2020.05.17-01.15.23:329][  0]LogConfig: Setting CVar [[r.HairStrands.SkyAO.SampleCount:16]]
[2020.05.17-01.15.23:333][  0]LogInit: Selected Device Profile: [Windows]
[2020.05.17-01.15.23:333][  0]LogInit: Applying CVar settings loaded from the selected device profile: [Windows]
[2020.05.17-01.15.23:381][  0]LogHAL: Display: Platform has ~ 16 GB [17145421824 / 17179869184 / 16], which maps to Larger [LargestMinGB=32, LargerMinGB=12, DefaultMinGB=8, SmallerMinGB=6, SmallestMinGB=0)
[2020.05.17-01.15.23:381][  0]LogInit: Going up to parent DeviceProfile []
[2020.05.17-01.15.23:381][  0]LogConfig: Applying CVar settings from Section [ViewDistanceQuality@3] File [C:/Users/adinh/source/repos/Crossyroad/Crossyroad/Saved/Config/Windows/Scalability.ini]
[2020.05.17-01.15.23:381][  0]LogConfig: Setting CVar [[r.SkeletalMeshLODBias:0]]
[2020.05.17-01.15.23:381][  0]LogConfig: Setting CVar [[r.ViewDistanceScale:1.0]]
[2020.05.17-01.15.23:381][  0]LogConfig: Applying CVar settings from Section [AntiAliasingQuality@3] File [C:/Users/adinh/source/repos/Crossyroad/Crossyroad/Saved/Config/Windows/Scalability.ini]
[2020.05.17-01.15.23:381][  0]LogConfig: Setting CVar [[r.PostProcessAAQuality:4]]
[2020.05.17-01.15.23:381][  0]LogConfig: Applying CVar settings from Section [ShadowQuality@3] File [C:/Users/adinh/source/repos/Crossyroad/Crossyroad/Saved/Config/Windows/Scalability.ini]
[2020.05.17-01.15.23:381][  0]LogConfig: Setting CVar [[r.LightFunctionQuality:1]]
[2020.05.17-01.15.23:381][  0]LogConfig: Setting CVar [[r.ShadowQuality:5]]
[2020.05.17-01.15.23:381][  0]LogConfig: Setting CVar [[r.Shadow.CSM.MaxCascades:10]]
[2020.05.17-01.15.23:381][  0]LogConfig: Setting CVar [[r.Shadow.MaxResolution:2048]]
[2020.05.17-01.15.23:381][  0]LogConfig: Setting CVar [[r.Shadow.MaxCSMResolution:2048]]
[2020.05.17-01.15.23:381][  0]LogConfig: Setting CVar [[r.Shadow.RadiusThreshold:0.01]]
[2020.05.17-01.15.23:381][  0]LogConfig: Setting CVar [[r.Shadow.DistanceScale:1.0]]
[2020.05.17-01.15.23:381][  0]LogConfig: Setting CVar [[r.Shadow.CSM.TransitionScale:1.0]]
[2020.05.17-01.15.23:381][  0]LogConfig: Setting CVar [[r.Shadow.PreShadowResolutionFactor:1.0]]
[2020.05.17-01.15.23:381][  0]LogConfig: Setting CVar [[r.DistanceFieldShadowing:1]]
[2020.05.17-01.15.23:381][  0]LogConfig: Setting CVar [[r.DistanceFieldAO:1]]
[2020.05.17-01.15.23:381][  0]LogConfig: Setting CVar [[r.AOQuality:2]]
[2020.05.17-01.15.23:381][  0]LogConfig: Setting CVar [[r.VolumetricFog:1]]
[2020.05.17-01.15.23:381][  0]LogConfig: Setting CVar [[r.VolumetricFog.GridPixelSize:8]]
[2020.05.17-01.15.23:381][  0]LogConfig: Setting CVar [[r.VolumetricFog.GridSizeZ:128]]
[2020.05.17-01.15.23:381][  0]LogConfig: Setting CVar [[r.VolumetricFog.HistoryMissSupersampleCount:4]]
[2020.05.17-01.15.23:381][  0]LogConfig: Setting CVar [[r.LightMaxDrawDistanceScale:1]]
[2020.05.17-01.15.23:381][  0]LogConfig: Setting CVar [[r.CapsuleShadows:1]]
[2020.05.17-01.15.23:381][  0]LogConfig: Applying CVar settings from Section [PostProcessQuality@3] File [C:/Users/adinh/source/repos/Crossyroad/Crossyroad/Saved/Config/Windows/Scalability.ini]
[2020.05.17-01.15.23:381][  0]LogConfig: Setting CVar [[r.MotionBlurQuality:4]]
[2020.05.17-01.15.23:381][  0]LogConfig: Setting CVar [[r.AmbientOcclusionMipLevelFactor:0.4]]
[2020.05.17-01.15.23:381][  0]LogConfig: Setting CVar [[r.AmbientOcclusionMaxQuality:100]]
[2020.05.17-01.15.23:381][  0]LogConfig: Setting CVar [[r.AmbientOcclusionLevels:-1]]
[2020.05.17-01.15.23:381][  0]LogConfig: Setting CVar [[r.AmbientOcclusionRadiusScale:1.0]]
[2020.05.17-01.15.23:381][  0]LogConfig: Setting CVar [[r.DepthOfFieldQuality:2]]
[2020.05.17-01.15.23:381][  0]LogConfig: Setting CVar [[r.RenderTargetPoolMin:400]]
[2020.05.17-01.15.23:381][  0]LogConfig: Setting CVar [[r.LensFlareQuality:2]]
[2020.05.17-01.15.23:381][  0]LogConfig: Setting CVar [[r.SceneColorFringeQuality:1]]
[2020.05.17-01.15.23:381][  0]LogConfig: Setting CVar [[r.EyeAdaptationQuality:2]]
[2020.05.17-01.15.23:381][  0]LogConfig: Setting CVar [[r.BloomQuality:5]]
[2020.05.17-01.15.23:381][  0]LogConfig: Setting CVar [[r.FastBlurThreshold:100]]
[2020.05.17-01.15.23:381][  0]LogConfig: Setting CVar [[r.Upscale.Quality:3]]
[2020.05.17-01.15.23:381][  0]LogConfig: Setting CVar [[r.Tonemapper.GrainQuantization:1]]
[2020.05.17-01.15.23:381][  0]LogConfig: Setting CVar [[r.LightShaftQuality:1]]
[2020.05.17-01.15.23:381][  0]LogConfig: Setting CVar [[r.Filter.SizeScale:1]]
[2020.05.17-01.15.23:381][  0]LogConfig: Setting CVar [[r.Tonemapper.Quality:5]]
[2020.05.17-01.15.23:381][  0]LogConfig: Setting CVar [[r.DOF.Gather.AccumulatorQuality:1        ; higher gathering accumulator quality]]
[2020.05.17-01.15.23:381][  0]LogConfig: Setting CVar [[r.DOF.Gather.PostfilterMethod:1          ; Median3x3 postfilering method]]
[2020.05.17-01.15.23:381][  0]LogConfig: Setting CVar [[r.DOF.Gather.EnableBokehSettings:0       ; no bokeh simulation when gathering]]
[2020.05.17-01.15.23:381][  0]LogConfig: Setting CVar [[r.DOF.Gather.RingCount:4                 ; medium number of samples when gathering]]
[2020.05.17-01.15.23:381][  0]LogConfig: Setting CVar [[r.DOF.Scatter.ForegroundCompositing:1    ; additive foreground scattering]]
[2020.05.17-01.15.23:381][  0]LogConfig: Setting CVar [[r.DOF.Scatter.BackgroundCompositing:2    ; additive background scattering]]
[2020.05.17-01.15.23:381][  0]LogConfig: Setting CVar [[r.DOF.Scatter.EnableBokehSettings:1      ; bokeh simulation when scattering]]
[2020.05.17-01.15.23:381][  0]LogConfig: Setting CVar [[r.DOF.Scatter.MaxSpriteRatio:0.1         ; only a maximum of 10% of scattered bokeh]]
[2020.05.17-01.15.23:381][  0]LogConfig: Setting CVar [[r.DOF.Recombine.Quality:1                ; cheap slight out of focus]]
[2020.05.17-01.15.23:381][  0]LogConfig: Setting CVar [[r.DOF.Recombine.EnableBokehSettings:0    ; no bokeh simulation on slight out of focus]]
[2020.05.17-01.15.23:381][  0]LogConfig: Setting CVar [[r.DOF.TemporalAAQuality:1                ; more stable temporal accumulation]]
[2020.05.17-01.15.23:381][  0]LogConfig: Setting CVar [[r.DOF.Kernel.MaxForegroundRadius:0.025]]
[2020.05.17-01.15.23:381][  0]LogConfig: Setting CVar [[r.DOF.Kernel.MaxBackgroundRadius:0.025]]
[2020.05.17-01.15.23:381][  0]LogConfig: Applying CVar settings from Section [TextureQuality@3] File [C:/Users/adinh/source/repos/Crossyroad/Crossyroad/Saved/Config/Windows/Scalability.ini]
[2020.05.17-01.15.23:381][  0]LogConfig: Setting CVar [[r.Streaming.MipBias:0]]
[2020.05.17-01.15.23:381][  0]LogConfig: Setting CVar [[r.Streaming.AmortizeCPUToGPUCopy:0]]
[2020.05.17-01.15.23:382][  0]LogConfig: Setting CVar [[r.Streaming.MaxNumTexturesToStreamPerFrame:0]]
[2020.05.17-01.15.23:382][  0]LogConfig: Setting CVar [[r.Streaming.Boost:1]]
[2020.05.17-01.15.23:382][  0]LogConfig: Setting CVar [[r.MaxAnisotropy:8]]
[2020.05.17-01.15.23:382][  0]LogConfig: Setting CVar [[r.VT.MaxAnisotropy:8]]
[2020.05.17-01.15.23:382][  0]LogConfig: Setting CVar [[r.Streaming.LimitPoolSizeToVRAM:0]]
[2020.05.17-01.15.23:382][  0]LogConfig: Setting CVar [[r.Streaming.PoolSize:1000]]
[2020.05.17-01.15.23:382][  0]LogConfig: Setting CVar [[r.Streaming.MaxEffectiveScreenSize:0]]
[2020.05.17-01.15.23:382][  0]LogConfig: Applying CVar settings from Section [EffectsQuality@3] File [C:/Users/adinh/source/repos/Crossyroad/Crossyroad/Saved/Config/Windows/Scalability.ini]
[2020.05.17-01.15.23:382][  0]LogConfig: Setting CVar [[r.TranslucencyLightingVolumeDim:64]]
[2020.05.17-01.15.23:382][  0]LogConfig: Setting CVar [[r.RefractionQuality:2]]
[2020.05.17-01.15.23:382][  0]LogConfig: Setting CVar [[r.SSR.Quality:3]]
[2020.05.17-01.15.23:382][  0]LogConfig: Setting CVar [[r.SSR.HalfResSceneColor:0]]
[2020.05.17-01.15.23:382][  0]LogConfig: Setting CVar [[r.SceneColorFormat:4]]
[2020.05.17-01.15.23:382][  0]LogConfig: Setting CVar [[r.DetailMode:2]]
[2020.05.17-01.15.23:382][  0]LogConfig: Setting CVar [[r.TranslucencyVolumeBlur:1]]
[2020.05.17-01.15.23:382][  0]LogConfig: Setting CVar [[r.MaterialQualityLevel:1 ; High quality]]
[2020.05.17-01.15.23:382][  0]LogConfig: Setting CVar [[r.SSS.Scale:1]]
[2020.05.17-01.15.23:382][  0]LogConfig: Setting CVar [[r.SSS.SampleSet:2]]
[2020.05.17-01.15.23:382][  0]LogConfig: Setting CVar [[r.SSS.Quality:1]]
[2020.05.17-01.15.23:382][  0]LogConfig: Setting CVar [[r.SSS.HalfRes:1]]
[2020.05.17-01.15.23:382][  0]LogConfig: Setting CVar [[r.SSGI.Quality:3]]
[2020.05.17-01.15.23:382][  0]LogConfig: Setting CVar [[r.EmitterSpawnRateScale:1.0]]
[2020.05.17-01.15.23:382][  0]LogConfig: Setting CVar [[r.ParticleLightQuality:2]]
[2020.05.17-01.15.23:382][  0]LogConfig: Setting CVar [[r.SkyAtmosphere.AerialPerspectiveLUT.FastApplyOnOpaque:1 ; Always have FastSkyLUT 1 in this case to avoid wrong sky]]
[2020.05.17-01.15.23:382][  0]LogConfig: Setting CVar [[r.SkyAtmosphere.AerialPerspectiveLUT.SampleCountPerSlice:1]]
[2020.05.17-01.15.23:382][  0]LogConfig: Setting CVar [[r.SkyAtmosphere.AerialPerspectiveLUT.DepthResolution:16.0]]
[2020.05.17-01.15.23:382][  0]LogConfig: Setting CVar [[r.SkyAtmosphere.FastSkyLUT:1]]
[2020.05.17-01.15.23:382][  0]LogConfig: Setting CVar [[r.SkyAtmosphere.FastSkyLUT.SampleCountMin:4.0]]
[2020.05.17-01.15.23:382][  0]LogConfig: Setting CVar [[r.SkyAtmosphere.FastSkyLUT.SampleCountMax:32.0]]
[2020.05.17-01.15.23:382][  0]LogConfig: Setting CVar [[r.SkyAtmosphere.SampleCountMin:4.0]]
[2020.05.17-01.15.23:382][  0]LogConfig: Setting CVar [[r.SkyAtmosphere.SampleCountMax:32.0]]
[2020.05.17-01.15.23:382][  0]LogConfig: Setting CVar [[r.SkyAtmosphere.TransmittanceLUT.UseSmallFormat:0]]
[2020.05.17-01.15.23:382][  0]LogConfig: Setting CVar [[r.SkyAtmosphere.TransmittanceLUT.SampleCount:10.0]]
[2020.05.17-01.15.23:382][  0]LogConfig: Setting CVar [[r.SkyAtmosphere.MultiScatteringLUT.SampleCount:15.0]]
[2020.05.17-01.15.23:382][  0]LogConfig: Applying CVar settings from Section [FoliageQuality@3] File [C:/Users/adinh/source/repos/Crossyroad/Crossyroad/Saved/Config/Windows/Scalability.ini]
[2020.05.17-01.15.23:382][  0]LogConfig: Setting CVar [[foliage.DensityScale:1.0]]
[2020.05.17-01.15.23:382][  0]LogConfig: Setting CVar [[grass.DensityScale:1.0]]
[2020.05.17-01.15.23:382][  0]LogConfig: Applying CVar settings from Section [ShadingQuality@3] File [C:/Users/adinh/source/repos/Crossyroad/Crossyroad/Saved/Config/Windows/Scalability.ini]
[2020.05.17-01.15.23:382][  0]LogConfig: Setting CVar [[r.HairStrands.SkyLighting.SampleCount:16]]
[2020.05.17-01.15.23:382][  0]LogConfig: Setting CVar [[r.HairStrands.SkyLighting.JitterIntegration:0]]
[2020.05.17-01.15.23:382][  0]LogConfig: Setting CVar [[r.HairStrands.SkyAO.SampleCount:16]]
[2020.05.17-01.15.23:382][  0]LogConfig: Applying CVar settings from Section [Startup] File [../../../Engine/Config/ConsoleVariables.ini]
[2020.05.17-01.15.23:398][  0]LogConfig: Setting CVar [[net.UseAdaptiveNetUpdateFrequency:0]]
[2020.05.17-01.15.23:398][  0]LogConfig: Setting CVar [[p.chaos.AllowCreatePhysxBodies:1]]
[2020.05.17-01.15.23:398][  0]LogConfig: Applying CVar settings from Section [ConsoleVariables] File [C:/Users/adinh/source/repos/Crossyroad/Crossyroad/Saved/Config/Windows/Engine.ini]
[2020.05.17-01.15.23:434][  0]LogInit: Computer: WAR-MACHINE
[2020.05.17-01.15.23:434][  0]LogInit: User: AndrewDinh
[2020.05.17-01.15.23:434][  0]LogInit: CPU Page size=4096, Cores=4
[2020.05.17-01.15.23:434][  0]LogInit: High frequency timer resolution =10.000000 MHz
[2020.05.17-01.15.23:435][  0]LogMemory: Memory total: Physical=16.0GB (16GB approx)
[2020.05.17-01.15.23:435][  0]LogMemory: Platform Memory Stats for Windows
[2020.05.17-01.15.23:435][  0]LogMemory: Process Physical Memory: 105.19 MB used, 105.19 MB peak
[2020.05.17-01.15.23:435][  0]LogMemory: Process Virtual Memory: 100.18 MB used, 100.18 MB peak
[2020.05.17-01.15.23:435][  0]LogMemory: Physical Memory: 4460.29 MB used,  11890.86 MB free, 16351.15 MB total
[2020.05.17-01.15.23:435][  0]LogMemory: Virtual Memory: 5137.64 MB used,  134212592.00 MB free, 134217728.00 MB total
[2020.05.17-01.15.23:502][  0]LogWindows: WindowsPlatformFeatures enabled
[2020.05.17-01.15.24:399][  0]LogInit: Using OS detected language (en-US).
[2020.05.17-01.15.24:399][  0]LogInit: Using OS detected locale (en-US).
[2020.05.17-01.15.24:420][  0]LogTextLocalizationManager: No specific localization for 'en-US' exists, so the 'en' localization will be used.
[2020.05.17-01.15.25:161][  0]LogInit: Setting process to per monitor DPI aware
[2020.05.17-01.15.25:718][  0]LogSlate: New Slate User Created.  User Index 0, Is Virtual User: 0
[2020.05.17-01.15.25:718][  0]LogSlate: Slate User Registered.  User Index 0, Is Virtual User: 0
[2020.05.17-01.15.28:999][  0]LogHMD: Failed to initialize OpenVR with code 110
[2020.05.17-01.15.28:999][  0]LogD3D11RHI: D3D11 min allowed feature level: 11_0
[2020.05.17-01.15.28:999][  0]LogD3D11RHI: D3D11 max allowed feature level: 11_0
[2020.05.17-01.15.28:999][  0]LogD3D11RHI: D3D11 adapters:
[2020.05.17-01.15.29:078][  0]LogD3D11RHI:    0. 'NVIDIA GeForce GTX 780' (Feature Level 11_0)
[2020.05.17-01.15.29:078][  0]LogD3D11RHI:       3029/0/8175 MB DedicatedVideo/DedicatedSystem/SharedSystem, Outputs:1, VendorId:0x10de
[2020.05.17-01.15.29:080][  0]LogD3D11RHI:    1. 'Microsoft Basic Render Driver' (Feature Level 11_0)
[2020.05.17-01.15.29:080][  0]LogD3D11RHI:       0/0/8175 MB DedicatedVideo/DedicatedSystem/SharedSystem, Outputs:0, VendorId:0x1414
[2020.05.17-01.15.29:080][  0]LogD3D11RHI: Chosen D3D11 Adapter: 0
[2020.05.17-01.15.29:096][  0]LogD3D11RHI: Creating new Direct3DDevice
[2020.05.17-01.15.29:097][  0]LogD3D11RHI:     GPU DeviceId: 0x1004 (for the marketing name, search the web for "GPU Device Id")
[2020.05.17-01.15.29:097][  0]LogWindows: EnumDisplayDevices:
[2020.05.17-01.15.29:097][  0]LogWindows:    0. 'NVIDIA GeForce GTX 780' (P:1 D:1)
[2020.05.17-01.15.29:098][  0]LogWindows:    1. 'NVIDIA GeForce GTX 780' (P:0 D:0)
[2020.05.17-01.15.29:098][  0]LogWindows:    2. 'NVIDIA GeForce GTX 780' (P:0 D:0)
[2020.05.17-01.15.29:098][  0]LogWindows:    3. 'NVIDIA GeForce GTX 780' (P:0 D:0)
[2020.05.17-01.15.29:099][  0]LogWindows: DebugString: FoundDriverCount:4 
[2020.05.17-01.15.29:099][  0]LogD3D11RHI:     Adapter Name: NVIDIA GeForce GTX 780
[2020.05.17-01.15.29:099][  0]LogD3D11RHI:   Driver Version: 445.75 (internal:26.21.14.4575, unified:445.75)
[2020.05.17-01.15.29:099][  0]LogD3D11RHI:      Driver Date: 3-17-2020
[2020.05.17-01.15.29:099][  0]LogRHI: Texture pool is 2120 MB (70% of 3029 MB)
[2020.05.17-01.15.29:149][  0]LogD3D11RHI: RHI does not have support for 64 bit atomics
[2020.05.17-01.15.29:150][  0]LogD3D11RHI: Async texture creation enabled
[2020.05.17-01.15.29:291][  0]LogD3D11RHI: GPU Timing Frequency: 1000.000000 (Debug: 2 1)
[2020.05.17-01.15.30:090][  0]LogTargetPlatformManager: Display: Loaded TargetPlatform 'AllDesktop'
[2020.05.17-01.15.30:186][  0]LogTargetPlatformManager: Display: Loaded TargetPlatform 'Android'
[2020.05.17-01.15.30:186][  0]LogTargetPlatformManager: Display: Loaded TargetPlatform 'Android_ASTC'
[2020.05.17-01.15.30:186][  0]LogTargetPlatformManager: Display: Loaded TargetPlatform 'Android_ATC'
[2020.05.17-01.15.30:186][  0]LogTargetPlatformManager: Display: Loaded TargetPlatform 'Android_DXT'
[2020.05.17-01.15.30:186][  0]LogTargetPlatformManager: Display: Loaded TargetPlatform 'Android_ETC1'
[2020.05.17-01.15.30:186][  0]LogTargetPlatformManager: Display: Loaded TargetPlatform 'Android_ETC1a'
[2020.05.17-01.15.30:186][  0]LogTargetPlatformManager: Display: Loaded TargetPlatform 'Android_ETC2'
[2020.05.17-01.15.30:186][  0]LogTargetPlatformManager: Display: Loaded TargetPlatform 'Android_PVRTC'
[2020.05.17-01.15.30:186][  0]LogTargetPlatformManager: Display: Loaded TargetPlatform 'AndroidClient'
[2020.05.17-01.15.30:186][  0]LogTargetPlatformManager: Display: Loaded TargetPlatform 'Android_ASTCClient'
[2020.05.17-01.15.30:186][  0]LogTargetPlatformManager: Display: Loaded TargetPlatform 'Android_ATCClient'
[2020.05.17-01.15.30:186][  0]LogTargetPlatformManager: Display: Loaded TargetPlatform 'Android_DXTClient'
[2020.05.17-01.15.30:186][  0]LogTargetPlatformManager: Display: Loaded TargetPlatform 'Android_ETC1Client'
[2020.05.17-01.15.30:186][  0]LogTargetPlatformManager: Display: Loaded TargetPlatform 'Android_ETC1aClient'
[2020.05.17-01.15.30:186][  0]LogTargetPlatformManager: Display: Loaded TargetPlatform 'Android_ETC2Client'
[2020.05.17-01.15.30:186][  0]LogTargetPlatformManager: Display: Loaded TargetPlatform 'Android_PVRTCClient'
[2020.05.17-01.15.30:186][  0]LogTargetPlatformManager: Display: Loaded TargetPlatform 'Android_Multi'
[2020.05.17-01.15.30:186][  0]LogTargetPlatformManager: Display: Loaded TargetPlatform 'Android_MultiClient'
[2020.05.17-01.15.30:317][  0]LogTargetPlatformManager: Display: Loaded TargetPlatform 'IOSClient'
[2020.05.17-01.15.30:317][  0]LogTargetPlatformManager: Display: Loaded TargetPlatform 'IOS'
[2020.05.17-01.15.30:359][  0]LogTargetPlatformManager: Display: Loaded TargetPlatform 'LinuxNoEditor'
[2020.05.17-01.15.30:391][  0]LogTargetPlatformManager: Display: Loaded TargetPlatform 'LinuxClient'
[2020.05.17-01.15.30:421][  0]LogTargetPlatformManager: Display: Loaded TargetPlatform 'LinuxServer'
[2020.05.17-01.15.30:449][  0]LogTargetPlatformManager: Display: Loaded TargetPlatform 'LinuxAArch64NoEditor'
[2020.05.17-01.15.30:480][  0]LogTargetPlatformManager: Display: Loaded TargetPlatform 'LinuxAArch64Client'
[2020.05.17-01.15.30:511][  0]LogTargetPlatformManager: Display: Loaded TargetPlatform 'LinuxAArch64Server'
[2020.05.17-01.15.30:555][  0]LogTargetPlatformManager: Display: Loaded TargetPlatform 'Lumin'
[2020.05.17-01.15.30:555][  0]LogTargetPlatformManager: Display: Loaded TargetPlatform 'LuminClient'
[2020.05.17-01.15.30:607][  0]LogTargetPlatformManager: Display: Loaded TargetPlatform 'TVOSClient'
[2020.05.17-01.15.30:607][  0]LogTargetPlatformManager: Display: Loaded TargetPlatform 'TVOS'
[2020.05.17-01.15.30:674][  0]LogTargetPlatformManager: Display: Loaded TargetPlatform 'WindowsNoEditor'
[2020.05.17-01.15.30:700][  0]LogTargetPlatformManager: Display: Loaded TargetPlatform 'Windows'
[2020.05.17-01.15.30:725][  0]LogTargetPlatformManager: Display: Loaded TargetPlatform 'WindowsClient'
[2020.05.17-01.15.30:749][  0]LogTargetPlatformManager: Display: Loaded TargetPlatform 'WindowsServer'
[2020.05.17-01.15.30:749][  0]LogTargetPlatformManager: Display: Building Assets For Windows
[2020.05.17-01.15.30:932][  0]LogAudioDebug: Display: Lib vorbis DLL was dynamically loaded.
[2020.05.17-01.15.31:666][  0]LogShaderCompilers: Guid format shader working directory is -3 characters bigger than the processId version (C:/Users/adinh/source/repos/Crossyroad/Crossyroad/Intermediate/Shaders/WorkingDirectory/4356/).
[2020.05.17-01.15.31:667][  0]LogShaderCompilers: Cleaned the shader compiler working directory 'C:/Users/adinh/AppData/Local/Temp/UnrealShaderWorkingDir/3CA9C6AB4C73AD100878978AD41C84DB/'.
[2020.05.17-01.15.31:677][  0]LogXGEController: Cleaning working directory: C:/Users/adinh/AppData/Local/Temp/UnrealXGEWorkingDir/
[2020.05.17-01.15.31:677][  0]LogXGEController: Cannot use XGE Controller as Incredibuild is not installed on this machine.
[2020.05.17-01.15.31:678][  0]LogShaderCompilers: Cannot use XGE Shader Compiler as Incredibuild is not installed on this machine.
[2020.05.17-01.15.31:678][  0]LogShaderCompilers: Display: Using Local Shader Compiler.
[2020.05.17-01.15.36:107][  0]LogDerivedDataCache: Display: Max Cache Size: 512 MB
[2020.05.17-01.15.36:441][  0]LogDerivedDataCache: Loaded boot cache 0.33s 78MB C:/Users/adinh/AppData/Local/UnrealEngine/4.24/DerivedDataCache/Boot.ddc.
[2020.05.17-01.15.36:441][  0]LogDerivedDataCache: Display: Loaded Boot cache: C:/Users/adinh/AppData/Local/UnrealEngine/4.24/DerivedDataCache/Boot.ddc
[2020.05.17-01.15.36:441][  0]LogDerivedDataCache: FDerivedDataBackendGraph:  Pak pak cache file C:/Users/adinh/source/repos/Crossyroad/Crossyroad/DerivedDataCache/DDC.ddp not found, will not use a pak cache.
[2020.05.17-01.15.36:441][  0]LogDerivedDataCache: Unable to find inner node Pak for hierarchical cache Hierarchy.
[2020.05.17-01.15.36:441][  0]LogDerivedDataCache: FDerivedDataBackendGraph:  CompressedPak pak cache file C:/Users/adinh/source/repos/Crossyroad/Crossyroad/DerivedDataCache/Compressed.ddp not found, will not use a pak cache.
[2020.05.17-01.15.36:441][  0]LogDerivedDataCache: Unable to find inner node CompressedPak for hierarchical cache Hierarchy.
[2020.05.17-01.15.36:501][  0]LogDerivedDataCache: Display: Pak cache opened for reading ../../../Engine/DerivedDataCache/Compressed.ddp.
[2020.05.17-01.15.36:501][  0]LogDerivedDataCache: FDerivedDataBackendGraph:  EnterprisePak pak cache file ../../../Enterprise/DerivedDataCache/Compressed.ddp not found, will not use a pak cache.
[2020.05.17-01.15.36:501][  0]LogDerivedDataCache: Unable to find inner node EnterprisePak for hierarchical cache Hierarchy.
[2020.05.17-01.15.36:502][  0]LogDerivedDataCache: Using Local data cache path C:/Users/adinh/AppData/Local/UnrealEngine/Common/DerivedDataCache: Writable
[2020.05.17-01.15.36:502][  0]LogDerivedDataCache: Shared data cache path not found in *engine.ini, will not use an Shared cache.
[2020.05.17-01.15.36:502][  0]LogDerivedDataCache: Unable to find inner node Shared for hierarchical cache Hierarchy.
[2020.05.17-01.15.36:580][  0]LogMaterial: Verifying Global Shaders for PCD3D_SM5
[2020.05.17-01.15.36:657][  0]LogSlate: Using FreeType 2.10.0
[2020.05.17-01.15.36:756][  0]LogSlate: SlateFontServices - WITH_FREETYPE: 1, WITH_HARFBUZZ: 1
[2020.05.17-01.15.37:386][  0]LogAssetRegistry: FAssetRegistry took 0.0204 seconds to start up
[2020.05.17-01.15.41:513][  0]LogInit: Selected Device Profile: [Windows]
[2020.05.17-01.15.43:015][  0]LogMeshReduction: Using QuadricMeshReduction for automatic static mesh reduction
[2020.05.17-01.15.43:015][  0]LogMeshReduction: Using SimplygonMeshReduction for automatic skeletal mesh reduction
[2020.05.17-01.15.43:015][  0]LogMeshReduction: Using ProxyLODMeshReduction for automatic mesh merging
[2020.05.17-01.15.43:015][  0]LogMeshReduction: No distributed automatic mesh merging module available
[2020.05.17-01.15.43:015][  0]LogMeshMerging: No distributed automatic mesh merging module available
[2020.05.17-01.15.43:324][  0]LogNetVersion: CrossyRoads 1.0.0, NetCL: 10570792, EngineNetVer: 13, GameNetVer: 0 (Checksum: 947931348)
[2020.05.17-01.15.55:868][  0]LogPackageLocalizationCache: Processed 10 localized package path(s) for 1 prioritized culture(s) in 0.102679 seconds
[2020.05.17-01.15.55:896][  0]LogUObjectArray: 46746 objects as part of root set at end of initial load.
[2020.05.17-01.15.55:896][  0]LogUObjectAllocator: 8135816 out of 0 bytes used by permanent object pool.
[2020.05.17-01.15.55:896][  0]LogUObjectArray: CloseDisregardForGC: 0/0 objects in disregard for GC pool
[2020.05.17-01.16.00:474][  0]LogTcpMessaging: Initializing TcpMessaging bridge
[2020.05.17-01.16.00:529][  0]LogUdpMessaging: Initializing bridge on interface 0.0.0.0:0 to multicast group 230.0.0.1:6666.
[2020.05.17-01.16.01:507][  0]SourceControl: Source control is disabled
[2020.05.17-01.16.01:519][  0]SourceControl: Source control is disabled
[2020.05.17-01.16.01:618][  0]SourceControl: Source control is disabled
[2020.05.17-01.16.01:652][  0]SourceControl: Source control is disabled
[2020.05.17-01.16.01:688][  0]SourceControl: Source control is disabled
[2020.05.17-01.16.02:953][  0]LogAndroidPermission: UAndroidPermissionCallbackProxy::GetInstance
[2020.05.17-01.16.03:101][  0]LogAudioCaptureCore: Display: No Audio Capture implementations found. Audio input will be silent.
[2020.05.17-01.16.03:101][  0]LogAudioCaptureCore: Display: No Audio Capture implementations found. Audio input will be silent.
[2020.05.17-01.16.03:602][  0]LogOcInput: OculusInput pre-init called
[2020.05.17-01.16.03:668][  0]LogWindows: Failed to load 'OVRPlugin.dll' (GetLastError=126)
[2020.05.17-01.16.03:668][  0]LogWindows: File 'OVRPlugin.dll' does not exist
[2020.05.17-01.16.04:524][  0]LogEngine: Initializing Engine...
[2020.05.17-01.16.04:565][  0]LogHMD: Failed to initialize OpenVR with code 110
[2020.05.17-01.16.04:621][  0]LogStats: UGameplayTagsManager::InitializeManager -  0.017 s
[2020.05.17-01.16.05:560][  0]LogInit: Initializing FReadOnlyCVARCache
[2020.05.17-01.16.05:854][  0]LogAIModule: Creating AISystem for world Untitled
[2020.05.17-01.16.06:060][  0]LogAudioMixer: Display: Audio Mixer Platform Settings:
[2020.05.17-01.16.06:060][  0]LogAudioMixer: Display: 	Sample Rate:						  48000
[2020.05.17-01.16.06:060][  0]LogAudioMixer: Display: 	Callback Buffer Frame Size Requested: 256
[2020.05.17-01.16.06:060][  0]LogAudioMixer: Display: 	Callback Buffer Frame Size To Use:	  256
[2020.05.17-01.16.06:060][  0]LogAudioMixer: Display: 	Number of buffers to queue:			  7
[2020.05.17-01.16.06:060][  0]LogAudioMixer: Display: 	Max Channels (voices):				  32
[2020.05.17-01.16.06:060][  0]LogAudioMixer: Display: 	Number of Async Source Workers:		  0
[2020.05.17-01.16.06:060][  0]LogAudio: Display: AudioDevice MaxSources: 32
[2020.05.17-01.16.06:065][  0]LogAudio: Display: Using built-in audio occlusion.
[2020.05.17-01.16.06:065][  0]LogAudioMixer: Display: Initializing audio mixer.
[2020.05.17-01.16.06:202][  0]LogAudioMixer: Display: Audio Device Output Speaker Info:
[2020.05.17-01.16.06:202][  0]LogAudioMixer: Display: Name: Speakers (3- USB PnP Sound Device)
[2020.05.17-01.16.06:202][  0]LogAudioMixer: Display: Is Default: Yes
[2020.05.17-01.16.06:202][  0]LogAudioMixer: Display: Sample Rate: 48000
[2020.05.17-01.16.06:202][  0]LogAudioMixer: Display: Channel Count Used: 2
[2020.05.17-01.16.06:202][  0]LogAudioMixer: Display: Device Channel Count: 2
[2020.05.17-01.16.06:202][  0]LogAudioMixer: Display: Channel Order:
[2020.05.17-01.16.06:203][  0]LogAudioMixer: Display: 0: FrontLeft
[2020.05.17-01.16.06:203][  0]LogAudioMixer: Display: 1: FrontRight
[2020.05.17-01.16.06:229][  0]LogAudioMixer: Display: Using Audio Device Speakers (3- USB PnP Sound Device)
[2020.05.17-01.16.06:240][  0]LogInit: FAudioDevice initialized.
[2020.05.17-01.16.06:241][  0]LogNetVersion: Set ProjectVersion to 1.0.0.0. Version Checksum will be recalculated on next use.
[2020.05.17-01.16.06:341][  0]LogDerivedDataCache: Saved boot cache 0.10s 78MB C:/Users/adinh/AppData/Local/UnrealEngine/4.24/DerivedDataCache/Boot.ddc.
[2020.05.17-01.16.06:347][  0]LogInit: Texture streaming: Enabled
[2020.05.17-01.16.06:447][  0]LogEngineSessionManager: EngineSessionManager initialized
[2020.05.17-01.16.06:447][  0]LogEditorSessionSummary: Verbose: Initializing EditorSessionSummaryWriter for editor session tracking
[2020.05.17-01.16.06:450][  0]LogEditorSessionSummary: EditorSessionSummaryWriter initialized
[2020.05.17-01.16.06:902][  0]LogInit: Transaction tracking system initialized
[2020.05.17-01.16.07:492][  0]BlueprintLog: New page: Editor Load
[2020.05.17-01.16.09:018][  0]LocalizationService: Localization service is disabled
[2020.05.17-01.16.12:451][  0]LogFileCache: Scanning file cache for directory 'C:/Users/adinh/source/repos/Crossyroad/Crossyroad/Content/' took 0.01s
[2020.05.17-01.16.12:451][  0]LogCook: Display: Max memory allowance for cook 16384mb min free memory 0mb
[2020.05.17-01.16.12:451][  0]LogCook: Display: Mobile HDR setting 1
[2020.05.17-01.16.15:119][  0]SourceControl: Source control is disabled
[2020.05.17-01.16.15:167][  0]Cmd: MAP LOAD FILE="C:/Users/adinh/source/repos/Crossyroad/Crossyroad/Content/Maps/CrossyRoads.umap" TEMPLATE=0 SHOWPROGRESS=1 FEATURELEVEL=3
[2020.05.17-01.16.15:182][  0]LightingResults: New page: Lighting Build
[2020.05.17-01.16.15:269][  0]LogWorld: UWorld::CleanupWorld for Untitled, bSessionEnded=true, bCleanupResources=true
[2020.05.17-01.16.15:289][  0]LogSlate: InvalidateAllWidgets triggered.  All widgets were invalidated
[2020.05.17-01.16.15:297][  0]MapCheck: New page: Map Check
[2020.05.17-01.16.15:297][  0]LightingResults: New page: Lighting Build
[2020.05.17-01.16.15:465][  0]LogUObjectHash: Compacting FUObjectHashTables data took   1.83ms
[2020.05.17-01.16.16:200][  0]LogClass: Warning: Type mismatch in FloorSize of BP_Floor_Base_C - Previous (BoolProperty) Current(FloatProperty) for package:  FObjectReader
[2020.05.17-01.16.16:874][  0]LogMaterial: Display: Missing cached shader map for material palette, compiling. 
[2020.05.17-01.16.16:884][  0]LogMaterial: Warning: C:\Users\adinh\source\repos\Crossyroad\Crossyroad\Content\Blueprints\Environment\palette.uasset: Failed to compile Material for platform PCD3D_SM5, Default Material will be used in game.
[2020.05.17-01.16.16:884][  0]LogMaterial: Display: 	(Node TextureSample) Texture Sample> Missing input texture
[2020.05.17-01.16.16:944][  0]LogAIModule: Creating AISystem for world CrossyRoads
[2020.05.17-01.16.17:327][  0]LogEditorServer: Finished looking for orphan Actors (0.000 secs)
[2020.05.17-01.16.17:432][  0]LogUObjectHash: Compacting FUObjectHashTables data took   2.58ms
[2020.05.17-01.16.17:433][  0]Cmd: MAP CHECKDEP NOCLEARLOG
[2020.05.17-01.16.17:440][  0]MapCheck: Map check complete: 0 Error(s), 0 Warning(s), took 6.738ms to complete.
[2020.05.17-01.16.17:440][  0]LogFileHelpers: Loading map 'CrossyRoads' took 2.298
[2020.05.17-01.16.18:601][  0]LogSlate: Updating window title bar state: overlay mode, drag disabled, window buttons hidden, title bar hidden
[2020.05.17-01.16.18:624][  0]LogSlate: Updating window title bar state: overlay mode, drag disabled, window buttons hidden, title bar hidden
[2020.05.17-01.16.18:630][  0]LogSlate: Updating window title bar state: overlay mode, drag disabled, window buttons hidden, title bar hidden
[2020.05.17-01.16.18:637][  0]LogSlate: Updating window title bar state: overlay mode, drag disabled, window buttons hidden, title bar hidden
[2020.05.17-01.16.18:744][  0]LogCollectionManager: Loaded 0 collections in 0.000880 seconds
[2020.05.17-01.16.18:842][  0]LogFileCache: Scanning file cache for directory 'C:/Users/adinh/source/repos/Crossyroad/Crossyroad/Saved/Collections/' took 0.00s
[2020.05.17-01.16.18:842][  0]LogFileCache: Scanning file cache for directory 'C:/Users/adinh/source/repos/Crossyroad/Crossyroad/Content/Developers/AndrewDinh/Collections/' took 0.00s
[2020.05.17-01.16.18:842][  0]LogFileCache: Scanning file cache for directory 'C:/Users/adinh/source/repos/Crossyroad/Crossyroad/Content/Collections/' took 0.00s
[2020.05.17-01.16.18:842][  0]LogContentBrowser: Native class hierarchy populated in 0.0090 seconds. Added 3015 classes and 717 folders.
[2020.05.17-01.16.18:894][  0]LogContentBrowser: Native class hierarchy updated for 'WidgetCarousel' in 0.0003 seconds. Added 0 classes and 0 folders.
[2020.05.17-01.16.19:948][  0]LogContentBrowser: Native class hierarchy updated for 'AddContentDialog' in 0.0002 seconds. Added 0 classes and 0 folders.
[2020.05.17-01.16.19:997][  0]LogContentBrowser: Native class hierarchy updated for 'SceneOutliner' in 0.0003 seconds. Added 2 classes and 3 folders.
[2020.05.17-01.16.20:503][  0]LogContentBrowser: Native class hierarchy updated for 'HierarchicalLODOutliner' in 0.0003 seconds. Added 0 classes and 0 folders.
[2020.05.17-01.16.20:504][  0]LogLoad: (Engine Initialization) Total time: 75.54 seconds
[2020.05.17-01.16.20:504][  0]LogLoad: (Engine Initialization) Total Blueprint compile time: 0.00 seconds
[2020.05.17-01.16.20:697][  0]LogContentStreaming: Texture pool size now 1000 MB
[2020.05.17-01.16.20:749][  0]LogSlate: Took 0.032539 seconds to synchronously load lazily loaded font '../../../Engine/Content/Slate/Fonts/Roboto-Regular.ttf' (155K)
[2020.05.17-01.16.20:769][  0]LogSlate: Took 0.012382 seconds to synchronously load lazily loaded font '../../../Engine/Content/Slate/Fonts/Roboto-Bold.ttf' (160K)
[2020.05.17-01.16.20:806][  0]LogSlate: Took 0.021466 seconds to synchronously load lazily loaded font '../../../Engine/Content/Editor/Slate/Fonts/FontAwesome.ttf' (139K)
[2020.05.17-01.16.21:251][  0]LogSlate: Took 0.011413 seconds to synchronously load lazily loaded font '../../../Engine/Content/Slate/Fonts/Roboto-Light.ttf' (167K)
[2020.05.17-01.16.21:357][  1]LogRenderer: Reallocating scene render targets to support 844x492 Format 10 NumSamples 1 (Frame:1).
[2020.05.17-01.16.21:403][  1]LogFileCache: Retrieving MD5 hashes for directory 'C:/Users/adinh/source/repos/Crossyroad/Crossyroad/Content/' took 0.84s
[2020.05.17-01.16.22:869][ 19]LogAssetRegistry: Asset discovery search completed in 45.4840 seconds
[2020.05.17-01.16.22:884][ 19]LogCollectionManager: Fixed up redirectors for 0 collections in 0.000017 seconds (updated 0 objects)
[2020.05.17-01.16.23:851][ 22]LogSlate: Took 0.000146 seconds to synchronously load lazily loaded font '../../../Engine/Content/Slate/Fonts/Roboto-Light.ttf' (167K)
[2020.05.17-01.20.08:313][734]LogRenderer: Reallocating scene render targets to support 1208x600 Format 10 NumSamples 1 (Frame:57).
[2020.05.17-01.20.30:485][970]AssetReimport: New page: Outstanding source content changes 11:20:30 AM
[2020.05.17-01.20.30:552][971]LogFactory: FactoryCreateFile: SoundWave with ReimportSoundFactory (0 0 C:/Users/adinh/source/repos/Crossyroad/Crossyroad/Content/Blueprints/Audio/coinCollected.wav)
[2020.05.17-01.20.30:701][972]LogAudioEditor: Performing atomic reimport of [C:/Users/adinh/source/repos/Crossyroad/Crossyroad/Content/Blueprints/Audio/ChickenDying.wav]
[2020.05.17-01.20.30:702][972]LogFactory: FactoryCreateFile: SoundWave with ReimportSoundFactory (0 0 C:/Users/adinh/source/repos/Crossyroad/Crossyroad/Content/Blueprints/Audio/ChickenDying.wav)
[2020.05.17-01.20.30:702][972]LogAudioEditor: Stopping Sound Resources of Existing Sound
[2020.05.17-01.20.30:719][972]LogAudioEditor: -- imported successfully
[2020.05.17-01.20.30:868][973]Cmd: OBJ SAVEPACKAGE PACKAGE="/Game/Blueprints/Audio/coinCollected" FILE="C:/Users/adinh/source/repos/Crossyroad/Crossyroad/Content/Blueprints/Audio/coinCollected.uasset" SILENT=true
[2020.05.17-01.20.30:908][973]LogSavePackage: Moving 'C:/Users/adinh/source/repos/Crossyroad/Crossyroad/Saved/coinCollected009949754D2E9F1B1E860D9824BCDA04.tmp' to 'C:/Users/adinh/source/repos/Crossyroad/Crossyroad/Content/Blueprints/Audio/coinCollected.uasset'
[2020.05.17-01.20.30:914][973]Cmd: OBJ SAVEPACKAGE PACKAGE="/Game/Blueprints/Audio/ChickenDying" FILE="C:/Users/adinh/source/repos/Crossyroad/Crossyroad/Content/Blueprints/Audio/ChickenDying.uasset" SILENT=true
[2020.05.17-01.20.31:127][973]LogSavePackage: Moving 'C:/Users/adinh/source/repos/Crossyroad/Crossyroad/Saved/ChickenDying799C0BDB4C36B3977BA402B990342656.tmp' to 'C:/Users/adinh/source/repos/Crossyroad/Crossyroad/Content/Blueprints/Audio/ChickenDying.uasset'
[2020.05.17-01.20.31:127][973]LogFileManager: Warning: DeleteFile was unable to delete 'C:/Users/adinh/source/repos/Crossyroad/Crossyroad/Content/Blueprints/Audio/ChickenDying.uasset', retrying in .5s...
[2020.05.17-01.20.31:629][973]LogFileManager: Error: Error deleting file 'C:/Users/adinh/source/repos/Crossyroad/Crossyroad/Content/Blueprints/Audio/ChickenDying.uasset'.
[2020.05.17-01.20.31:629][973]LogSavePackage: Error: Error saving 'C:/Users/adinh/source/repos/Crossyroad/Crossyroad/Content/Blueprints/Audio/ChickenDying.uasset'
[2020.05.17-01.20.33:414][973]LogSlate: Window 'Message' being destroyed
[2020.05.17-01.20.33:456][973]EditorErrors: New page: Save Output
[2020.05.17-01.20.33:456][973]EditorErrors: Warning: Error saving 'C:/Users/adinh/source/repos/Crossyroad/Crossyroad/Content/Blueprints/Audio/ChickenDying.uasset'
[2020.05.17-01.20.33:539][974]AssetCheck: New page: Asset Save: coinCollected
[2020.05.17-01.20.33:539][974]LogContentValidation: Display: Validating SoundWave /Game/Blueprints/Audio/coinCollected.coinCollected
[2020.05.17-01.20.34:397][ 66]LogSlate: Window 'Message Log' being destroyed
[2020.05.17-01.20.34:401][ 66]LogSlate: Window 'Message Log' being destroyed
[2020.05.17-01.20.36:523][253]AssetReimport: Importing new asset /Game/Blueprints/Audio/coinCollected.
[2020.05.17-01.20.36:523][253]AssetReimport: Reimported asset ChickenDying from C:/Users/adinh/source/repos/Crossyroad/Crossyroad/Content/Blueprints/Audio/ChickenDying.wav.
[2020.05.17-01.21.38:672][323]LogAssetEditorSubsystem: Opening Asset editor for Blueprint /Game/Blueprints/Environment/BP_Floor_Grass.BP_Floor_Grass
[2020.05.17-01.21.39:141][323]LogContentBrowser: Native class hierarchy updated for 'BlueprintGraph' in 0.0006 seconds. Added 121 classes and 0 folders.
[2020.05.17-01.21.40:849][323]LogSlate: Took 0.019786 seconds to synchronously load lazily loaded font '../../../Engine/Content/Slate/Fonts/Roboto-BoldCondensed.ttf' (158K)
[2020.05.17-01.21.41:217][324]LogSlate: Took 0.013577 seconds to synchronously load lazily loaded font '../../../Engine/Content/Slate/Fonts/Roboto-Italic.ttf' (157K)
[2020.05.17-01.21.47:029][942]LogAssetEditorSubsystem: Opening Asset editor for Blueprint /Game/Blueprints/Environment/BP_Floor_Grass_2.BP_Floor_Grass_2
[2020.05.17-01.21.53:831][398]LogTemp: Repeating last play command: Selected Viewport
[2020.05.17-01.21.53:862][398]LogPlayLevel: PlayLevel: No blueprints needed recompiling
[2020.05.17-01.21.53:876][398]PIE: New page: PIE session: CrossyRoads (May 16, 2020, 11:21:53 AM)
[2020.05.17-01.21.53:910][398]LogOnline: OSS: Creating online subsystem instance for: NULL
[2020.05.17-01.21.53:911][398]LogOnline: OSS: TryLoadSubsystemAndSetDefault: Loaded subsystem for module [NULL]
[2020.05.17-01.21.53:911][398]LogPlayLevel: Creating play world package: /Game/Maps/UEDPIE_0_CrossyRoads
[2020.05.17-01.21.53:930][398]LogPlayLevel: PIE: StaticDuplicateObject took: (0.018894s)
[2020.05.17-01.21.53:942][398]LogAIModule: Creating AISystem for world CrossyRoads
[2020.05.17-01.21.53:942][398]LogPlayLevel: PIE: World Init took: (0.000990s)
[2020.05.17-01.21.53:942][398]LogPlayLevel: PIE: Created PIE world by copying editor world from /Game/Maps/CrossyRoads.CrossyRoads to /Game/Maps/UEDPIE_0_CrossyRoads.CrossyRoads (0.031528s)
[2020.05.17-01.21.53:975][398]LogUObjectHash: Compacting FUObjectHashTables data took   3.36ms
[2020.05.17-01.21.53:977][398]LogAudioMixer: Display: Audio Mixer Platform Settings:
[2020.05.17-01.21.53:977][398]LogAudioMixer: Display: 	Sample Rate:						  48000
[2020.05.17-01.21.53:977][398]LogAudioMixer: Display: 	Callback Buffer Frame Size Requested: 256
[2020.05.17-01.21.53:977][398]LogAudioMixer: Display: 	Callback Buffer Frame Size To Use:	  256
[2020.05.17-01.21.53:977][398]LogAudioMixer: Display: 	Number of buffers to queue:			  7
[2020.05.17-01.21.53:977][398]LogAudioMixer: Display: 	Max Channels (voices):				  32
[2020.05.17-01.21.53:978][398]LogAudioMixer: Display: 	Number of Async Source Workers:		  0
[2020.05.17-01.21.53:978][398]LogAudio: Display: AudioDevice MaxSources: 32
[2020.05.17-01.21.53:978][398]LogAudio: Display: Using built-in audio occlusion.
[2020.05.17-01.21.53:978][398]LogAudioMixer: Display: Initializing audio mixer.
[2020.05.17-01.21.54:028][398]LogAudioMixer: Display: Audio Device Output Speaker Info:
[2020.05.17-01.21.54:028][398]LogAudioMixer: Display: Name: Speakers (3- USB PnP Sound Device)
[2020.05.17-01.21.54:028][398]LogAudioMixer: Display: Is Default: Yes
[2020.05.17-01.21.54:028][398]LogAudioMixer: Display: Sample Rate: 48000
[2020.05.17-01.21.54:028][398]LogAudioMixer: Display: Channel Count Used: 2
[2020.05.17-01.21.54:028][398]LogAudioMixer: Display: Device Channel Count: 2
[2020.05.17-01.21.54:028][398]LogAudioMixer: Display: Channel Order:
[2020.05.17-01.21.54:028][398]LogAudioMixer: Display: 0: FrontLeft
[2020.05.17-01.21.54:028][398]LogAudioMixer: Display: 1: FrontRight
[2020.05.17-01.21.54:044][398]LogAudioMixer: Display: Using Audio Device Speakers (3- USB PnP Sound Device)
[2020.05.17-01.21.54:046][398]LogInit: FAudioDevice initialized.
[2020.05.17-01.21.54:061][398]LogLoad: Game class is 'GM_CrossyRoad_C'
[2020.05.17-01.21.54:087][398]LogWorld: Bringing World /Game/Maps/UEDPIE_0_CrossyRoads.CrossyRoads up for play (max tick rate 0) at 2020.05.16-18.21.54
[2020.05.17-01.21.54:095][398]LogWorld: Bringing up level for play took: 0.011446
[2020.05.17-01.21.54:095][398]LogOnline: OSS: Creating online subsystem instance for: :Context_10
[2020.05.17-01.21.54:122][398]LogSpawn: Warning: SpawnActor failed because no class was specified
[2020.05.17-01.21.54:142][398]LogContentBrowser: Native class hierarchy updated for 'MovieSceneCapture' in 0.0004 seconds. Added 20 classes and 0 folders.
[2020.05.17-01.21.54:271][398]PIE: Play in editor start time for /Game/Maps/UEDPIE_0_CrossyRoads 0.556
[2020.05.17-01.22.00:505][785]LogEditorViewport: Clicking on Actor (LMB): BP_Coin_C (BP_Coin2)
[2020.05.17-01.22.11:962][486]LogAudioMixer: Display: No commands were queued while flushing the source manager.
[2020.05.17-01.22.11:962][486]LogAudioMixer: Display: No commands were queued while flushing the source manager.
[2020.05.17-01.22.11:962][486]LogSlate: Updating window title bar state: overlay mode, drag disabled, window buttons hidden, title bar hidden
[2020.05.17-01.22.11:962][486]LogWorld: BeginTearingDown for /Game/Maps/UEDPIE_0_CrossyRoads
[2020.05.17-01.22.11:964][486]LogAudioMixer: Display: No commands were queued while flushing the source manager.
[2020.05.17-01.22.11:978][486]LogWorld: UWorld::CleanupWorld for CrossyRoads, bSessionEnded=true, bCleanupResources=true
[2020.05.17-01.22.11:979][486]LogSlate: InvalidateAllWidgets triggered.  All widgets were invalidated
[2020.05.17-01.22.12:009][486]LogPlayLevel: Display: Shutting down PIE online subsystems
[2020.05.17-01.22.12:025][486]LogSlate: InvalidateAllWidgets triggered.  All widgets were invalidated
[2020.05.17-01.22.12:057][486]LogAudioMixer: Display: No commands were queued while flushing the source manager.
[2020.05.17-01.22.12:059][486]LogSlate: Updating window title bar state: overlay mode, drag disabled, window buttons hidden, title bar hidden
[2020.05.17-01.22.12:112][486]LogUObjectHash: Compacting FUObjectHashTables data took   4.25ms
[2020.05.17-01.22.12:143][487]LogPlayLevel: Display: Destroying online subsystem :Context_10
[2020.05.17-01.22.13:413][597]LogSlate: Window 'BP_Floor_Grass_2' being destroyed
[2020.05.17-01.22.13:416][597]LogSlate: Window 'BP_Floor_Grass_2' being destroyed
[2020.05.17-01.22.13:423][597]LogWorld: UWorld::CleanupWorld for World_8, bSessionEnded=true, bCleanupResources=true
[2020.05.17-01.22.13:423][597]LogSlate: InvalidateAllWidgets triggered.  All widgets were invalidated
[2020.05.17-01.22.36:886][ 43]LogAssetEditorSubsystem: Opening Asset editor for Blueprint /Game/Blueprints/Environment/BP_Floor_Railroad.BP_Floor_Railroad
[2020.05.17-01.23.11:095][760]LogAssetEditorSubsystem: Opening Asset editor for Blueprint /Game/Blueprints/Entities/coin_assets/BP_Coin.BP_Coin
[2020.05.17-01.23.42:481][209]LogAssetEditorSubsystem: Opening Asset editor for Blueprint /Game/Blueprints/BP_Floor.BP_Floor
[2020.05.17-01.23.47:516][643]LogWorld: UWorld::CleanupWorld for World_12, bSessionEnded=true, bCleanupResources=true
[2020.05.17-01.23.47:516][643]LogSlate: InvalidateAllWidgets triggered.  All widgets were invalidated
[2020.05.17-01.23.49:761][807]LogAssetEditorSubsystem: Opening Asset editor for Blueprint /Game/Blueprints/Environment/BP_Floor_Base.BP_Floor_Base
[2020.05.17-01.23.56:533][401]LogSlate: Prevented a slow task dialog from being summoned while a context menu was open
[2020.05.17-01.24.00:541][790]BlueprintLog: New page: Compile BP_Coin
[2020.05.17-01.24.00:928][790]LogUObjectHash: Compacting FUObjectHashTables data took   4.72ms
[2020.05.17-01.24.20:600][558]LogSlate: Took 0.015431 seconds to synchronously load lazily loaded font '../../../Engine/Content/Slate/Fonts/Roboto-BoldCondensedItalic.ttf' (160K)
[2020.05.17-01.24.35:279][ 85]Cmd: OBJ SAVEPACKAGE PACKAGE="/Game/Blueprints/Entities/coin_assets/BP_Coin" FILE="C:/Users/adinh/source/repos/Crossyroad/Crossyroad/Content/Blueprints/Entities/coin_assets/BP_Coin.uasset" SILENT=true
[2020.05.17-01.24.35:393][ 85]LogSavePackage: Moving 'C:/Users/adinh/source/repos/Crossyroad/Crossyroad/Saved/BP_CoinC115EB4945C939A0FEF739A98E04B932.tmp' to 'C:/Users/adinh/source/repos/Crossyroad/Crossyroad/Content/Blueprints/Entities/coin_assets/BP_Coin.uasset'
[2020.05.17-01.24.35:394][ 85]LogFileManager: Warning: DeleteFile was unable to delete 'C:/Users/adinh/source/repos/Crossyroad/Crossyroad/Content/Blueprints/Entities/coin_assets/BP_Coin.uasset', retrying in .5s...
[2020.05.17-01.24.35:895][ 85]LogFileManager: Error: Error deleting file 'C:/Users/adinh/source/repos/Crossyroad/Crossyroad/Content/Blueprints/Entities/coin_assets/BP_Coin.uasset'.
[2020.05.17-01.24.35:895][ 85]LogSavePackage: Error: Error saving 'C:/Users/adinh/source/repos/Crossyroad/Crossyroad/Content/Blueprints/Entities/coin_assets/BP_Coin.uasset'
[2020.05.17-01.24.40:285][ 85]LogSlate: Window 'Message' being destroyed
[2020.05.17-01.24.40:322][ 85]EditorErrors: New page: Save Output
[2020.05.17-01.24.40:322][ 85]EditorErrors: Warning: Error saving 'C:/Users/adinh/source/repos/Crossyroad/Crossyroad/Content/Blueprints/Entities/coin_assets/BP_Coin.uasset'
[2020.05.17-01.24.41:093][ 85]LogSlate: Window 'Packages Failed To Save' being destroyed
[2020.05.17-01.24.42:163][177]LogSlate: Window 'Message Log' being destroyed
[2020.05.17-01.24.42:168][177]LogSlate: Window 'Message Log' being destroyed
[2020.05.17-01.24.42:837][236]BlueprintLog: New page: Compile BP_Coin
[2020.05.17-01.24.43:140][236]LogUObjectHash: Compacting FUObjectHashTables data took   4.87ms
[2020.05.17-01.24.44:345][335]Cmd: OBJ SAVEPACKAGE PACKAGE="/Game/Blueprints/Entities/coin_assets/BP_Coin" FILE="C:/Users/adinh/source/repos/Crossyroad/Crossyroad/Content/Blueprints/Entities/coin_assets/BP_Coin.uasset" SILENT=true
[2020.05.17-01.24.44:435][335]LogSavePackage: Moving 'C:/Users/adinh/source/repos/Crossyroad/Crossyroad/Saved/BP_Coin8A6DD8AB40EF6C1B22E1F9B0CE8E7F1D.tmp' to 'C:/Users/adinh/source/repos/Crossyroad/Crossyroad/Content/Blueprints/Entities/coin_assets/BP_Coin.uasset'
[2020.05.17-01.24.44:435][335]LogFileManager: Warning: DeleteFile was unable to delete 'C:/Users/adinh/source/repos/Crossyroad/Crossyroad/Content/Blueprints/Entities/coin_assets/BP_Coin.uasset', retrying in .5s...
[2020.05.17-01.24.44:936][335]LogFileManager: Error: Error deleting file 'C:/Users/adinh/source/repos/Crossyroad/Crossyroad/Content/Blueprints/Entities/coin_assets/BP_Coin.uasset'.
[2020.05.17-01.24.44:936][335]LogSavePackage: Error: Error saving 'C:/Users/adinh/source/repos/Crossyroad/Crossyroad/Content/Blueprints/Entities/coin_assets/BP_Coin.uasset'
[2020.05.17-01.24.46:159][335]LogSlate: Window 'Message' being destroyed
[2020.05.17-01.24.46:188][335]EditorErrors: New page: Save Output
[2020.05.17-01.24.46:188][335]EditorErrors: Warning: Error saving 'C:/Users/adinh/source/repos/Crossyroad/Crossyroad/Content/Blueprints/Entities/coin_assets/BP_Coin.uasset'
[2020.05.17-01.24.47:638][453]LogSlate: Window 'Message Log' being destroyed
[2020.05.17-01.24.47:642][453]LogSlate: Window 'Message Log' being destroyed
[2020.05.17-01.24.49:911][566]LogWorld: UWorld::CleanupWorld for World_7, bSessionEnded=true, bCleanupResources=true
[2020.05.17-01.24.49:911][566]LogSlate: InvalidateAllWidgets triggered.  All widgets were invalidated
[2020.05.17-01.24.50:378][606]LogActorComponent: UnregisterComponent: (/Engine/Transient.EditorFloorComp) Not registered. Aborting.
[2020.05.17-01.24.50:378][606]LogWorld: UWorld::CleanupWorld for World_9, bSessionEnded=true, bCleanupResources=true
[2020.05.17-01.24.50:378][606]LogSlate: InvalidateAllWidgets triggered.  All widgets were invalidated
[2020.05.17-01.24.52:442][740]Cmd: OBJ SAVEPACKAGE PACKAGE="/Game/Blueprints/Entities/coin_assets/BP_Coin" FILE="C:/Users/adinh/source/repos/Crossyroad/Crossyroad/Content/Blueprints/Entities/coin_assets/BP_Coin.uasset" SILENT=true
[2020.05.17-01.24.52:524][740]LogSavePackage: Moving 'C:/Users/adinh/source/repos/Crossyroad/Crossyroad/Saved/BP_Coin2F89030B42D8EE3206FBE4872E5E9AF5.tmp' to 'C:/Users/adinh/source/repos/Crossyroad/Crossyroad/Content/Blueprints/Entities/coin_assets/BP_Coin.uasset'
[2020.05.17-01.24.52:524][740]LogFileManager: Warning: DeleteFile was unable to delete 'C:/Users/adinh/source/repos/Crossyroad/Crossyroad/Content/Blueprints/Entities/coin_assets/BP_Coin.uasset', retrying in .5s...
[2020.05.17-01.24.53:025][740]LogFileManager: Error: Error deleting file 'C:/Users/adinh/source/repos/Crossyroad/Crossyroad/Content/Blueprints/Entities/coin_assets/BP_Coin.uasset'.
[2020.05.17-01.24.53:025][740]LogSavePackage: Error: Error saving 'C:/Users/adinh/source/repos/Crossyroad/Crossyroad/Content/Blueprints/Entities/coin_assets/BP_Coin.uasset'
[2020.05.17-01.24.55:102][740]LogSlate: Window 'Message' being destroyed
[2020.05.17-01.24.55:134][740]EditorErrors: New page: Save Output
[2020.05.17-01.24.55:134][740]EditorErrors: Warning: Error saving 'C:/Users/adinh/source/repos/Crossyroad/Crossyroad/Content/Blueprints/Entities/coin_assets/BP_Coin.uasset'
[2020.05.17-01.24.56:473][852]LogSlate: Window 'Message Log' being destroyed
[2020.05.17-01.24.56:479][852]LogSlate: Window 'Message Log' being destroyed
[2020.05.17-01.24.59:699][124]LogSlate: Window 'BP_Floor_Base' being destroyed
[2020.05.17-01.24.59:701][124]LogSlate: Window 'BP_Floor_Base' being destroyed
[2020.05.17-01.24.59:719][124]LogActorComponent: UnregisterComponent: (/Engine/Transient.EditorFloorComp) Not registered. Aborting.
[2020.05.17-01.24.59:719][124]LogWorld: UWorld::CleanupWorld for World_10, bSessionEnded=true, bCleanupResources=true
[2020.05.17-01.24.59:719][124]LogSlate: InvalidateAllWidgets triggered.  All widgets were invalidated
[2020.05.17-01.24.59:792][124]LogActorComponent: UnregisterComponent: (/Engine/Transient.EditorFloorComp) Not registered. Aborting.
[2020.05.17-01.24.59:792][124]LogWorld: UWorld::CleanupWorld for World_13, bSessionEnded=true, bCleanupResources=true
[2020.05.17-01.24.59:792][124]LogSlate: InvalidateAllWidgets triggered.  All widgets were invalidated
[2020.05.17-01.25.01:672][264]LogUObjectHash: Compacting FUObjectHashTables data took   4.29ms
[2020.05.17-01.25.02:890][264]LogSlate: Window 'Save Content' being destroyed
[2020.05.17-01.25.02:909][264]Cmd: OBJ SAVEPACKAGE PACKAGE="/Game/Blueprints/Audio/ChickenDying" FILE="C:/Users/adinh/source/repos/Crossyroad/Crossyroad/Content/Blueprints/Audio/ChickenDying.uasset" SILENT=true
[2020.05.17-01.25.02:981][264]LogSavePackage: Moving 'C:/Users/adinh/source/repos/Crossyroad/Crossyroad/Saved/ChickenDyingD80FCD00420DE5D9630C978C48751350.tmp' to 'C:/Users/adinh/source/repos/Crossyroad/Crossyroad/Content/Blueprints/Audio/ChickenDying.uasset'
[2020.05.17-01.25.02:981][264]LogFileManager: Warning: DeleteFile was unable to delete 'C:/Users/adinh/source/repos/Crossyroad/Crossyroad/Content/Blueprints/Audio/ChickenDying.uasset', retrying in .5s...
[2020.05.17-01.25.03:482][264]LogFileManager: Error: Error deleting file 'C:/Users/adinh/source/repos/Crossyroad/Crossyroad/Content/Blueprints/Audio/ChickenDying.uasset'.
[2020.05.17-01.25.03:482][264]LogSavePackage: Error: Error saving 'C:/Users/adinh/source/repos/Crossyroad/Crossyroad/Content/Blueprints/Audio/ChickenDying.uasset'
[2020.05.17-01.25.05:606][264]LogSlate: Window 'Message' being destroyed
[2020.05.17-01.25.05:609][264]Cmd: OBJ SAVEPACKAGE PACKAGE="/Game/Blueprints/Audio/ChickenDying" FILE="C:/Users/adinh/source/repos/Crossyroad/Crossyroad/Content/Blueprints/Audio/ChickenDying.uasset" SILENT=true
[2020.05.17-01.25.05:701][264]LogSavePackage: Moving 'C:/Users/adinh/source/repos/Crossyroad/Crossyroad/Saved/ChickenDyingF8F287554669AF9E9980CCA5E03E4AC0.tmp' to 'C:/Users/adinh/source/repos/Crossyroad/Crossyroad/Content/Blueprints/Audio/ChickenDying.uasset'
[2020.05.17-01.25.05:701][264]LogFileManager: Warning: DeleteFile was unable to delete 'C:/Users/adinh/source/repos/Crossyroad/Crossyroad/Content/Blueprints/Audio/ChickenDying.uasset', retrying in .5s...
[2020.05.17-01.25.06:202][264]LogFileManager: Error: Error deleting file 'C:/Users/adinh/source/repos/Crossyroad/Crossyroad/Content/Blueprints/Audio/ChickenDying.uasset'.
[2020.05.17-01.25.06:202][264]LogSavePackage: Error: Error saving 'C:/Users/adinh/source/repos/Crossyroad/Crossyroad/Content/Blueprints/Audio/ChickenDying.uasset'
[2020.05.17-01.25.07:134][264]LogSlate: Window 'Message' being destroyed
[2020.05.17-01.25.07:145][264]Cmd: OBJ SAVEPACKAGE PACKAGE="/Game/Blueprints/Entities/coin_assets/BP_Coin" FILE="C:/Users/adinh/source/repos/Crossyroad/Crossyroad/Content/Blueprints/Entities/coin_assets/BP_Coin.uasset" SILENT=true
[2020.05.17-01.25.07:227][264]LogSavePackage: Moving 'C:/Users/adinh/source/repos/Crossyroad/Crossyroad/Saved/BP_Coin2C6A48014822AEB37076F181806B0D2F.tmp' to 'C:/Users/adinh/source/repos/Crossyroad/Crossyroad/Content/Blueprints/Entities/coin_assets/BP_Coin.uasset'
[2020.05.17-01.25.07:228][264]LogFileManager: Warning: DeleteFile was unable to delete 'C:/Users/adinh/source/repos/Crossyroad/Crossyroad/Content/Blueprints/Entities/coin_assets/BP_Coin.uasset', retrying in .5s...
[2020.05.17-01.25.07:728][264]LogFileManager: Error: Error deleting file 'C:/Users/adinh/source/repos/Crossyroad/Crossyroad/Content/Blueprints/Entities/coin_assets/BP_Coin.uasset'.
[2020.05.17-01.25.07:728][264]LogSavePackage: Error: Error saving 'C:/Users/adinh/source/repos/Crossyroad/Crossyroad/Content/Blueprints/Entities/coin_assets/BP_Coin.uasset'
[2020.05.17-01.25.08:615][264]LogSlate: Window 'Message' being destroyed
[2020.05.17-01.25.08:625][264]Cmd: OBJ SAVEPACKAGE PACKAGE="/Game/Maps/CrossyRoads" FILE="C:/Users/adinh/source/repos/Crossyroad/Crossyroad/Content/Maps/CrossyRoads.umap" SILENT=true AUTOSAVING=false KEEPDIRTY=false
[2020.05.17-01.25.08:693][264]LogUObjectHash: Compacting FUObjectHashTables data took   2.83ms
[2020.05.17-01.25.08:790][264]LogSavePackage: Moving 'C:/Users/adinh/source/repos/Crossyroad/Crossyroad/Saved/CrossyRoads0AD3688744D47F2E6101D7A872A083DC.tmp' to 'C:/Users/adinh/source/repos/Crossyroad/Crossyroad/Content/Maps/CrossyRoads.umap'
[2020.05.17-01.25.08:790][264]LogFileManager: Warning: DeleteFile was unable to delete 'C:/Users/adinh/source/repos/Crossyroad/Crossyroad/Content/Maps/CrossyRoads.umap', retrying in .5s...
[2020.05.17-01.25.09:291][264]LogFileManager: Error: Error deleting file 'C:/Users/adinh/source/repos/Crossyroad/Crossyroad/Content/Maps/CrossyRoads.umap'.
[2020.05.17-01.25.09:291][264]LogSavePackage: Error: Error saving 'C:/Users/adinh/source/repos/Crossyroad/Crossyroad/Content/Maps/CrossyRoads.umap'
[2020.05.17-01.25.09:307][264]EditorErrors: New page: Save Output
[2020.05.17-01.25.09:307][264]EditorErrors: Warning: Error saving 'C:/Users/adinh/source/repos/Crossyroad/Crossyroad/Content/Maps/CrossyRoads.umap'
[2020.05.17-01.25.09:349][264]LogFileHelpers: Saving map 'CrossyRoads' took 0.724
[2020.05.17-01.25.12:157][264]LogSlate: Window 'Message' being destroyed
[2020.05.17-01.25.12:187][264]EditorErrors: New page: Save Output
[2020.05.17-01.25.12:187][264]EditorErrors: Warning: Error saving 'C:/Users/adinh/source/repos/Crossyroad/Crossyroad/Content/Blueprints/Audio/ChickenDying.uasset'
[2020.05.17-01.25.12:187][264]EditorErrors: Warning: Error saving 'C:/Users/adinh/source/repos/Crossyroad/Crossyroad/Content/Blueprints/Audio/ChickenDying.uasset'
[2020.05.17-01.25.12:187][264]EditorErrors: Warning: Error saving 'C:/Users/adinh/source/repos/Crossyroad/Crossyroad/Content/Blueprints/Entities/coin_assets/BP_Coin.uasset'
[2020.05.17-01.25.13:976][264]LogSlate: Window 'Packages Failed To Save' being destroyed
[2020.05.17-01.25.16:383][526]LogSlate: Window 'Message Log' being destroyed
[2020.05.17-01.25.16:387][526]LogSlate: Window 'Message Log' being destroyed
[2020.05.17-01.25.20:255][840]LogUObjectHash: Compacting FUObjectHashTables data took   3.27ms
[2020.05.17-01.25.23:071][840]LogSlate: Window 'Save Content' being destroyed
[2020.05.17-01.25.25:682][118]Cmd: OBJ SAVEPACKAGE PACKAGE="/Game/Blueprints/Audio/ChickenDying" FILE="C:/Users/adinh/source/repos/Crossyroad/Crossyroad/Content/Blueprints/Audio/ChickenDying.uasset" SILENT=true
[2020.05.17-01.25.25:755][118]LogSavePackage: Moving 'C:/Users/adinh/source/repos/Crossyroad/Crossyroad/Saved/ChickenDying8CD3E10942563ABDD99B6F84E0210BB0.tmp' to 'C:/Users/adinh/source/repos/Crossyroad/Crossyroad/Content/Blueprints/Audio/ChickenDying.uasset'
[2020.05.17-01.25.25:755][118]LogFileManager: Warning: DeleteFile was unable to delete 'C:/Users/adinh/source/repos/Crossyroad/Crossyroad/Content/Blueprints/Audio/ChickenDying.uasset', retrying in .5s...
[2020.05.17-01.25.26:256][118]LogFileManager: Error: Error deleting file 'C:/Users/adinh/source/repos/Crossyroad/Crossyroad/Content/Blueprints/Audio/ChickenDying.uasset'.
[2020.05.17-01.25.26:256][118]LogSavePackage: Error: Error saving 'C:/Users/adinh/source/repos/Crossyroad/Crossyroad/Content/Blueprints/Audio/ChickenDying.uasset'
[2020.05.17-01.25.27:496][118]LogSlate: Window 'Message' being destroyed
[2020.05.17-01.25.27:521][118]EditorErrors: New page: Save Output
[2020.05.17-01.25.27:521][118]EditorErrors: Warning: Error saving 'C:/Users/adinh/source/repos/Crossyroad/Crossyroad/Content/Blueprints/Audio/ChickenDying.uasset'
[2020.05.17-01.25.31:118][543]LogSlate: Window 'Message Log' being destroyed
[2020.05.17-01.25.31:122][543]LogSlate: Window 'Message Log' being destroyed
[2020.05.17-01.25.32:788][734]Cmd: OBJ SAVEPACKAGE PACKAGE="/Game/Blueprints/Audio/ChickenDying" FILE="C:/Users/adinh/source/repos/Crossyroad/Crossyroad/Content/Blueprints/Audio/ChickenDying.uasset" SILENT=true
[2020.05.17-01.25.32:866][734]LogSavePackage: Moving 'C:/Users/adinh/source/repos/Crossyroad/Crossyroad/Saved/ChickenDying344C4AD9466B6276147E4BB374F80D0E.tmp' to 'C:/Users/adinh/source/repos/Crossyroad/Crossyroad/Content/Blueprints/Audio/ChickenDying.uasset'
[2020.05.17-01.25.32:866][734]LogFileManager: Warning: DeleteFile was unable to delete 'C:/Users/adinh/source/repos/Crossyroad/Crossyroad/Content/Blueprints/Audio/ChickenDying.uasset', retrying in .5s...
[2020.05.17-01.25.33:368][734]LogFileManager: Error: Error deleting file 'C:/Users/adinh/source/repos/Crossyroad/Crossyroad/Content/Blueprints/Audio/ChickenDying.uasset'.
[2020.05.17-01.25.33:368][734]LogSavePackage: Error: Error saving 'C:/Users/adinh/source/repos/Crossyroad/Crossyroad/Content/Blueprints/Audio/ChickenDying.uasset'
[2020.05.17-01.25.35:706][734]LogSlate: Window 'Message' being destroyed
[2020.05.17-01.25.35:733][734]EditorErrors: New page: Save Output
[2020.05.17-01.25.35:733][734]EditorErrors: Warning: Error saving 'C:/Users/adinh/source/repos/Crossyroad/Crossyroad/Content/Blueprints/Audio/ChickenDying.uasset'
[2020.05.17-01.25.39:591][191]LogSlate: Window 'Message Log' being destroyed
[2020.05.17-01.25.39:595][191]LogSlate: Window 'Message Log' being destroyed
[2020.05.17-01.25.40:334][275]LogUObjectHash: Compacting FUObjectHashTables data took   0.85ms
[2020.05.17-01.25.42:300][275]LogSlate: Window 'Save Content' being destroyed
[2020.05.17-01.25.49:010][913]LogUObjectHash: Compacting FUObjectHashTables data took   0.84ms
[2020.05.17-01.25.52:331][913]LogSlate: Window 'Save Content' being destroyed
[2020.05.17-01.25.52:433][913]LogSlate: Window 'CrossyRoads - Unreal Editor' being destroyed
[2020.05.17-01.25.52:586][914]Cmd: QUIT_EDITOR
[2020.05.17-01.25.52:586][914]LogCore: Engine exit requested (reason: UUnrealEdEngine::CloseEditor())
[2020.05.17-01.25.52:595][914]LogCore: Engine exit requested (reason: EngineExit() was called; note: exit was already requested)
[2020.05.17-01.25.52:596][914]LogAudioMixer: Display: No commands were queued while flushing the source manager.
