Log file open, 05/15/20 01:50:35
LogWindows: Failed to load 'aqProf.dll' (GetLastError=126)
LogWindows: File 'aqProf.dll' does not exist
LogWindows: Failed to load 'VtuneApi.dll' (GetLastError=126)
LogWindows: File 'VtuneApi.dll' does not exist
LogWindows: Failed to load 'VtuneApi32e.dll' (GetLastError=126)
LogWindows: File 'VtuneApi32e.dll' does not exist
LogConsoleResponse: Display: Failed to find resolution value strings in scalability ini. Falling back to default.
LogInit: Display: Running engine for game: CrossyRoads
LogPlatformFile: Not using cached read wrapper
LogTaskGraph: Started task graph with 5 named threads and 23 total threads with 3 sets of task threads.
LogStats: Stats thread started at 0.195124
LogD3D11RHI: Loaded GFSDK_Aftermath_Lib.x64.dll
LogICUInternationalization: ICU TimeZone Detection - Raw Offset: -8:00, Platform Override: ''
LogPluginManager: Mounting plugin Paper2D
LogPluginManager: Mounting plugin AISupport
LogPluginManager: Mounting plugin LightPropagationVolume
LogPluginManager: Mounting plugin ActorLayerUtilities
LogPluginManager: Mounting plugin AnimationSharing
LogPluginManager: Mounting plugin CLionSourceCodeAccess
LogPluginManager: Mounting plugin CodeLiteSourceCodeAccess
LogPluginManager: Mounting plugin GitSourceControl
LogPluginManager: Mounting plugin KDevelopSourceCodeAccess
LogPluginManager: Mounting plugin NullSourceCodeAccess
LogPluginManager: Mounting plugin PerforceSourceControl
LogPluginManager: Mounting plugin PlasticSourceControl
LogPluginManager: Mounting plugin SubversionSourceControl
LogPluginManager: Mounting plugin UObjectPlugin
LogPluginManager: Mounting plugin VisualStudioCodeSourceCodeAccess
LogPluginManager: Mounting plugin VisualStudioSourceCodeAccess
LogPluginManager: Mounting plugin XCodeSourceCodeAccess
LogPluginManager: Mounting plugin AssetManagerEditor
LogPluginManager: Mounting plugin CryptoKeys
LogPluginManager: Mounting plugin CurveEditorTools
LogPluginManager: Mounting plugin DataValidation
LogPluginManager: Mounting plugin FacialAnimation
LogPluginManager: Mounting plugin GameplayTagsEditor
LogPluginManager: Mounting plugin MacGraphicsSwitching
LogPluginManager: Mounting plugin MaterialAnalyzer
LogPluginManager: Mounting plugin MobileLauncherProfileWizard
LogPluginManager: Mounting plugin PluginBrowser
LogPluginManager: Mounting plugin SpeedTreeImporter
LogPluginManager: Mounting plugin DatasmithContent
LogPluginManager: Mounting plugin VariantManagerContent
LogPluginManager: Mounting plugin AlembicImporter
LogPluginManager: Mounting plugin AutomationUtils
LogPluginManager: Mounting plugin BackChannel
LogPluginManager: Mounting plugin CharacterAI
LogPluginManager: Mounting plugin GeometryCache
LogPluginManager: Mounting plugin PlatformCrypto
LogPluginManager: Mounting plugin ProxyLODPlugin
LogPluginManager: Mounting plugin SkeletalReduction
LogPluginManager: Mounting plugin MagicLeap
LogPluginManager: Mounting plugin MagicLeapMedia
LogPluginManager: Mounting plugin MLSDK
LogPluginManager: Mounting plugin AndroidMedia
LogPluginManager: Mounting plugin AvfMedia
LogPluginManager: Mounting plugin ImgMedia
LogPluginManager: Mounting plugin MediaCompositing
LogPluginManager: Mounting plugin MediaPlayerEditor
LogPluginManager: Mounting plugin WebMMedia
LogPluginManager: Mounting plugin WmfMedia
LogPluginManager: Mounting plugin TcpMessaging
LogPluginManager: Mounting plugin UdpMessaging
LogPluginManager: Mounting plugin ActorSequence
LogPluginManager: Mounting plugin LevelSequenceEditor
LogPluginManager: Mounting plugin MatineeToLevelSequence
LogPluginManager: Mounting plugin NetcodeUnitTest
LogPluginManager: Mounting plugin NUTUnrealEngine4
LogPluginManager: Mounting plugin OnlineSubsystemGooglePlay
LogPluginManager: Mounting plugin OnlineSubsystemIOS
LogPluginManager: Mounting plugin OnlineSubsystem
LogPluginManager: Mounting plugin OnlineSubsystemNull
LogPluginManager: Mounting plugin OnlineSubsystemUtils
LogPluginManager: Mounting plugin LauncherChunkInstaller
LogPluginManager: Mounting plugin AndroidDeviceProfileSelector
LogPluginManager: Mounting plugin AndroidMoviePlayer
LogPluginManager: Mounting plugin AndroidPermission
LogPluginManager: Mounting plugin AppleImageUtils
LogPluginManager: Mounting plugin AppleMoviePlayer
LogPluginManager: Mounting plugin ArchVisCharacter
LogPluginManager: Mounting plugin AssetTags
LogPluginManager: Mounting plugin AudioCapture
LogPluginManager: Mounting plugin CableComponent
LogPluginManager: Mounting plugin CustomMeshComponent
LogPluginManager: Mounting plugin EditableMesh
LogPluginManager: Mounting plugin ExampleDeviceProfileSelector
LogPluginManager: Mounting plugin GoogleCloudMessaging
LogPluginManager: Mounting plugin IOSDeviceProfileSelector
LogPluginManager: Mounting plugin LinuxDeviceProfileSelector
LogPluginManager: Mounting plugin LocationServicesBPLibrary
LogPluginManager: Mounting plugin MobilePatchingUtils
LogPluginManager: Mounting plugin OculusVR
LogPluginManager: Mounting plugin PhysXVehicles
LogPluginManager: Mounting plugin PostSplashScreen
LogPluginManager: Mounting plugin ProceduralMeshComponent
LogPluginManager: Mounting plugin RuntimePhysXCooking
LogPluginManager: Mounting plugin SignificanceManager
LogPluginManager: Mounting plugin SteamVR
LogPluginManager: Mounting plugin WebMMoviePlayer
LogPluginManager: Mounting plugin WindowsMoviePlayer
LogPluginManager: Mounting plugin ScreenshotTools
LogInit: Using libcurl 7.55.1-DEV
LogInit:  - built for x86_64-pc-win32
LogInit:  - supports SSL with OpenSSL/1.1.1
LogInit:  - supports HTTP deflate (compression) using libz 1.2.8
LogInit:  - other features:
LogInit:      CURL_VERSION_SSL
LogInit:      CURL_VERSION_LIBZ
LogInit:      CURL_VERSION_IPV6
LogInit:      CURL_VERSION_ASYNCHDNS
LogInit:      CURL_VERSION_LARGEFILE
LogInit:      CURL_VERSION_IDN
LogInit:  CurlRequestOptions (configurable via config and command line):
LogInit:  - bVerifyPeer = true  - Libcurl will verify peer certificate
LogInit:  - bUseHttpProxy = false  - Libcurl will NOT use HTTP proxy
LogInit:  - bDontReuseConnections = false  - Libcurl will reuse connections
LogInit:  - MaxHostConnections = 16  - Libcurl will limit the number of connections to a host
LogInit:  - LocalHostAddr = Default
LogInit:  - BufferSize = 65536
LogOnline: OSS: Creating online subsystem instance for: NULL
LogInit: WinSock: version 1.1 (2.2), MaxSocks=32767, MaxUdp=65467
LogOnline: OSS: TryLoadSubsystemAndSetDefault: Loaded subsystem for module [NULL]
LogInit: Build: ++UE4+Release-4.24-CL-11590370
LogInit: Engine Version: 4.24.3-11590370+++UE4+Release-4.24
LogInit: Compatible Engine Version: 4.24.0-10570792+++UE4+Release-4.24
LogInit: Net CL: 10570792
LogInit: OS: Windows 10 (Release 1909) (), CPU: AMD Ryzen 5 2400G with Radeon Vega Graphics    , GPU: AMD Radeon(TM) RX Vega 11 Graphics
LogInit: Compiled (64-bit): Feb 24 2020 15:39:18
LogInit: Compiled with Visual C++: 19.16.27032.01
LogInit: Build Configuration: Development
LogInit: Branch Name: ++UE4+Release-4.24
LogInit: Command Line: 
LogInit: Base Directory: C:/Program Files/Epic Games/UE_4.24/Engine/Binaries/Win64/
LogInit: Installed Engine Build: 1
LogDevObjectVersion: Number of dev versions registered: 25
LogDevObjectVersion:   Dev-Blueprints (B0D832E4-1F89-4F0D-ACCF-7EB736FD4AA2): 10
LogDevObjectVersion:   Dev-Build (E1C64328-A22C-4D53-A36C-8E866417BD8C): 0
LogDevObjectVersion:   Dev-Core (375EC13C-06E4-48FB-B500-84F0262A717E): 3
LogDevObjectVersion:   Dev-Editor (E4B068ED-F494-42E9-A231-DA0B2E46BB41): 37
LogDevObjectVersion:   Dev-Framework (CFFC743F-43B0-4480-9391-14DF171D2073): 36
LogDevObjectVersion:   Dev-Mobile (B02B49B5-BB20-44E9-A304-32B752E40360): 2
LogDevObjectVersion:   Dev-Networking (A4E4105C-59A1-49B5-A7C5-40C4547EDFEE): 0
LogDevObjectVersion:   Dev-Online (39C831C9-5AE6-47DC-9A44-9C173E1C8E7C): 0
LogDevObjectVersion:   Dev-Physics (78F01B33-EBEA-4F98-B9B4-84EACCB95AA2): 2
LogDevObjectVersion:   Dev-Platform (6631380F-2D4D-43E0-8009-CF276956A95A): 0
LogDevObjectVersion:   Dev-Rendering (12F88B9F-8875-4AFC-A67C-D90C383ABD29): 36
LogDevObjectVersion:   Dev-Sequencer (7B5AE74C-D270-4C10-A958-57980B212A5A): 11
LogDevObjectVersion:   Dev-VR (D7296918-1DD6-4BDD-9DE2-64A83CC13884): 2
LogDevObjectVersion:   Dev-LoadTimes (C2A15278-BFE7-4AFE-6C17-90FF531DF755): 1
LogDevObjectVersion:   Private-Geometry (6EACA3D4-40EC-4CC1-B786-8BED09428FC5): 3
LogDevObjectVersion:   Dev-AnimPhys (29E575DD-E0A3-4627-9D10-D276232CDCEA): 17
LogDevObjectVersion:   Dev-Anim (AF43A65D-7FD3-4947-9873-3E8ED9C1BB05): 2
LogDevObjectVersion:   Dev-ReflectionCapture (6B266CEC-1EC7-4B8F-A30B-E4D90942FC07): 1
LogDevObjectVersion:   Dev-Automation (0DF73D61-A23F-47EA-B727-89E90C41499A): 1
LogDevObjectVersion:   FortniteMain (601D1886-AC64-4F84-AA16-D3DE0DEAC7D6): 31
LogDevObjectVersion:   Dev-Enterprise (9DFFBCD6-494F-0158-E221-12823C92A888): 8
LogDevObjectVersion:   Dev-Niagara (F2AED0AC-9AFE-416F-8664-AA7FFA26D6FC): 1
LogDevObjectVersion:   Dev-Destruction (174F1F0B-B4C6-45A5-B13F-2EE8D0FB917D): 9
LogDevObjectVersion:   Dev-Physics-Ext (35F94A83-E258-406C-A318-09F59610247C): 8
LogDevObjectVersion:   Dev-CineCamera (B2E18506-4273-CFC2-A54E-F4BB758BBA07): 1
LogInit: Presizing for max 25165824 objects, including 0 objects not considered by GC, pre-allocating 0 bytes for permanent pool.
LogInit: Object subsystem initialized
LogConfig: Setting CVar [[con.DebugEarlyDefault:1]]
LogConfig: Setting CVar [[r.setres:1280x720]]
[2020.05.15-08.50.36:548][  0]LogConfig: Setting CVar [[r.VSync:0]]
[2020.05.15-08.50.36:548][  0]LogConfig: Setting CVar [[r.RHICmdBypass:0]]
[2020.05.15-08.50.36:548][  0]LogConfig: Applying CVar settings from Section [/Script/Engine.RendererSettings] File [C:/Users/Ariosto/Desktop/Crossyroad/Saved/Config/Windows/Engine.ini]
[2020.05.15-08.50.36:548][  0]LogConfig: Setting CVar [[r.GPUCrashDebugging:0]]
[2020.05.15-08.50.36:549][  0]LogConfig: Setting CVar [[r.DefaultFeature.AutoExposure.ExtendDefaultLuminanceRange:1]]
[2020.05.15-08.50.36:549][  0]LogConfig: Applying CVar settings from Section [/Script/Engine.RendererOverrideSettings] File [C:/Users/Ariosto/Desktop/Crossyroad/Saved/Config/Windows/Engine.ini]
[2020.05.15-08.50.36:549][  0]LogConfig: Applying CVar settings from Section [/Script/Engine.StreamingSettings] File [C:/Users/Ariosto/Desktop/Crossyroad/Saved/Config/Windows/Engine.ini]
[2020.05.15-08.50.36:549][  0]LogConfig: Setting CVar [[s.MinBulkDataSizeForAsyncLoading:131072]]
[2020.05.15-08.50.36:549][  0]LogConfig: Setting CVar [[s.AsyncLoadingThreadEnabled:0]]
[2020.05.15-08.50.36:549][  0]LogConfig: Setting CVar [[s.EventDrivenLoaderEnabled:1]]
[2020.05.15-08.50.36:549][  0]LogConfig: Setting CVar [[s.WarnIfTimeLimitExceeded:0]]
[2020.05.15-08.50.36:549][  0]LogConfig: Setting CVar [[s.TimeLimitExceededMultiplier:1.5]]
[2020.05.15-08.50.36:549][  0]LogConfig: Setting CVar [[s.TimeLimitExceededMinTime:0.005]]
[2020.05.15-08.50.36:549][  0]LogConfig: Setting CVar [[s.UseBackgroundLevelStreaming:1]]
[2020.05.15-08.50.36:549][  0]LogConfig: Setting CVar [[s.PriorityAsyncLoadingExtraTime:15.0]]
[2020.05.15-08.50.36:549][  0]LogConfig: Setting CVar [[s.LevelStreamingActorsUpdateTimeLimit:5.0]]
[2020.05.15-08.50.36:549][  0]LogConfig: Setting CVar [[s.PriorityLevelStreamingActorsUpdateExtraTime:5.0]]
[2020.05.15-08.50.36:549][  0]LogConfig: Setting CVar [[s.LevelStreamingComponentsRegistrationGranularity:10]]
[2020.05.15-08.50.36:549][  0]LogConfig: Setting CVar [[s.UnregisterComponentsTimeLimit:1.0]]
[2020.05.15-08.50.36:549][  0]LogConfig: Setting CVar [[s.LevelStreamingComponentsUnregistrationGranularity:5]]
[2020.05.15-08.50.36:549][  0]LogConfig: Setting CVar [[s.FlushStreamingOnExit:1]]
[2020.05.15-08.50.36:549][  0]LogConfig: Applying CVar settings from Section [/Script/Engine.GarbageCollectionSettings] File [C:/Users/Ariosto/Desktop/Crossyroad/Saved/Config/Windows/Engine.ini]
[2020.05.15-08.50.36:549][  0]LogConfig: Setting CVar [[gc.MaxObjectsNotConsideredByGC:1]]
[2020.05.15-08.50.36:549][  0]LogConfig: Setting CVar [[gc.SizeOfPermanentObjectPool:0]]
[2020.05.15-08.50.36:549][  0]LogConfig: Setting CVar [[gc.FlushStreamingOnGC:0]]
[2020.05.15-08.50.36:549][  0]LogConfig: Setting CVar [[gc.NumRetriesBeforeForcingGC:10]]
[2020.05.15-08.50.36:549][  0]LogConfig: Setting CVar [[gc.AllowParallelGC:1]]
[2020.05.15-08.50.36:549][  0]LogConfig: Setting CVar [[gc.TimeBetweenPurgingPendingKillObjects:61.1]]
[2020.05.15-08.50.36:549][  0]LogConfig: Setting CVar [[gc.MaxObjectsInEditor:25165824]]
[2020.05.15-08.50.36:549][  0]LogConfig: Setting CVar [[gc.IncrementalBeginDestroyEnabled:1]]
[2020.05.15-08.50.36:549][  0]LogConfig: Setting CVar [[gc.CreateGCClusters:1]]
[2020.05.15-08.50.36:549][  0]LogConfig: Setting CVar [[gc.MinGCClusterSize:5]]
[2020.05.15-08.50.36:549][  0]LogConfig: Setting CVar [[gc.ActorClusteringEnabled:0]]
[2020.05.15-08.50.36:549][  0]LogConfig: Setting CVar [[gc.BlueprintClusteringEnabled:0]]
[2020.05.15-08.50.36:550][  0]LogConfig: Setting CVar [[gc.UseDisregardForGCOnDedicatedServers:0]]
[2020.05.15-08.50.36:550][  0]LogConfig: Applying CVar settings from Section [/Script/Engine.NetworkSettings] File [C:/Users/Ariosto/Desktop/Crossyroad/Saved/Config/Windows/Engine.ini]
[2020.05.15-08.50.36:550][  0]LogConfig: Applying CVar settings from Section [/Script/UnrealEd.CookerSettings] File [C:/Users/Ariosto/Desktop/Crossyroad/Saved/Config/Windows/Engine.ini]
[2020.05.15-08.50.36:555][  0]LogConfig: Applying CVar settings from Section [ViewDistanceQuality@3] File [C:/Users/Ariosto/Desktop/Crossyroad/Saved/Config/Windows/Scalability.ini]
[2020.05.15-08.50.36:555][  0]LogConfig: Setting CVar [[r.SkeletalMeshLODBias:0]]
[2020.05.15-08.50.36:555][  0]LogConfig: Setting CVar [[r.ViewDistanceScale:1.0]]
[2020.05.15-08.50.36:555][  0]LogConfig: Applying CVar settings from Section [AntiAliasingQuality@3] File [C:/Users/Ariosto/Desktop/Crossyroad/Saved/Config/Windows/Scalability.ini]
[2020.05.15-08.50.36:555][  0]LogConfig: Setting CVar [[r.PostProcessAAQuality:4]]
[2020.05.15-08.50.36:555][  0]LogConfig: Applying CVar settings from Section [ShadowQuality@3] File [C:/Users/Ariosto/Desktop/Crossyroad/Saved/Config/Windows/Scalability.ini]
[2020.05.15-08.50.36:555][  0]LogConfig: Setting CVar [[r.LightFunctionQuality:1]]
[2020.05.15-08.50.36:555][  0]LogConfig: Setting CVar [[r.ShadowQuality:5]]
[2020.05.15-08.50.36:556][  0]LogConfig: Setting CVar [[r.Shadow.CSM.MaxCascades:10]]
[2020.05.15-08.50.36:556][  0]LogConfig: Setting CVar [[r.Shadow.MaxResolution:2048]]
[2020.05.15-08.50.36:556][  0]LogConfig: Setting CVar [[r.Shadow.MaxCSMResolution:2048]]
[2020.05.15-08.50.36:556][  0]LogConfig: Setting CVar [[r.Shadow.RadiusThreshold:0.01]]
[2020.05.15-08.50.36:556][  0]LogConfig: Setting CVar [[r.Shadow.DistanceScale:1.0]]
[2020.05.15-08.50.36:556][  0]LogConfig: Setting CVar [[r.Shadow.CSM.TransitionScale:1.0]]
[2020.05.15-08.50.36:556][  0]LogConfig: Setting CVar [[r.Shadow.PreShadowResolutionFactor:1.0]]
[2020.05.15-08.50.36:556][  0]LogConfig: Setting CVar [[r.DistanceFieldShadowing:1]]
[2020.05.15-08.50.36:556][  0]LogConfig: Setting CVar [[r.DistanceFieldAO:1]]
[2020.05.15-08.50.36:556][  0]LogConfig: Setting CVar [[r.AOQuality:2]]
[2020.05.15-08.50.36:556][  0]LogConfig: Setting CVar [[r.VolumetricFog:1]]
[2020.05.15-08.50.36:556][  0]LogConfig: Setting CVar [[r.VolumetricFog.GridPixelSize:8]]
[2020.05.15-08.50.36:556][  0]LogConfig: Setting CVar [[r.VolumetricFog.GridSizeZ:128]]
[2020.05.15-08.50.36:556][  0]LogConfig: Setting CVar [[r.VolumetricFog.HistoryMissSupersampleCount:4]]
[2020.05.15-08.50.36:556][  0]LogConfig: Setting CVar [[r.LightMaxDrawDistanceScale:1]]
[2020.05.15-08.50.36:556][  0]LogConfig: Setting CVar [[r.CapsuleShadows:1]]
[2020.05.15-08.50.36:556][  0]LogConfig: Applying CVar settings from Section [PostProcessQuality@3] File [C:/Users/Ariosto/Desktop/Crossyroad/Saved/Config/Windows/Scalability.ini]
[2020.05.15-08.50.36:556][  0]LogConfig: Setting CVar [[r.MotionBlurQuality:4]]
[2020.05.15-08.50.36:556][  0]LogConfig: Setting CVar [[r.AmbientOcclusionMipLevelFactor:0.4]]
[2020.05.15-08.50.36:556][  0]LogConfig: Setting CVar [[r.AmbientOcclusionMaxQuality:100]]
[2020.05.15-08.50.36:556][  0]LogConfig: Setting CVar [[r.AmbientOcclusionLevels:-1]]
[2020.05.15-08.50.36:556][  0]LogConfig: Setting CVar [[r.AmbientOcclusionRadiusScale:1.0]]
[2020.05.15-08.50.36:556][  0]LogConfig: Setting CVar [[r.DepthOfFieldQuality:2]]
[2020.05.15-08.50.36:556][  0]LogConfig: Setting CVar [[r.RenderTargetPoolMin:400]]
[2020.05.15-08.50.36:556][  0]LogConfig: Setting CVar [[r.LensFlareQuality:2]]
[2020.05.15-08.50.36:556][  0]LogConfig: Setting CVar [[r.SceneColorFringeQuality:1]]
[2020.05.15-08.50.36:556][  0]LogConfig: Setting CVar [[r.EyeAdaptationQuality:2]]
[2020.05.15-08.50.36:556][  0]LogConfig: Setting CVar [[r.BloomQuality:5]]
[2020.05.15-08.50.36:556][  0]LogConfig: Setting CVar [[r.FastBlurThreshold:100]]
[2020.05.15-08.50.36:556][  0]LogConfig: Setting CVar [[r.Upscale.Quality:3]]
[2020.05.15-08.50.36:556][  0]LogConfig: Setting CVar [[r.Tonemapper.GrainQuantization:1]]
[2020.05.15-08.50.36:557][  0]LogConfig: Setting CVar [[r.LightShaftQuality:1]]
[2020.05.15-08.50.36:557][  0]LogConfig: Setting CVar [[r.Filter.SizeScale:1]]
[2020.05.15-08.50.36:557][  0]LogConfig: Setting CVar [[r.Tonemapper.Quality:5]]
[2020.05.15-08.50.36:557][  0]LogConfig: Setting CVar [[r.DOF.Gather.AccumulatorQuality:1        ; higher gathering accumulator quality]]
[2020.05.15-08.50.36:557][  0]LogConfig: Setting CVar [[r.DOF.Gather.PostfilterMethod:1          ; Median3x3 postfilering method]]
[2020.05.15-08.50.36:557][  0]LogConfig: Setting CVar [[r.DOF.Gather.EnableBokehSettings:0       ; no bokeh simulation when gathering]]
[2020.05.15-08.50.36:557][  0]LogConfig: Setting CVar [[r.DOF.Gather.RingCount:4                 ; medium number of samples when gathering]]
[2020.05.15-08.50.36:557][  0]LogConfig: Setting CVar [[r.DOF.Scatter.ForegroundCompositing:1    ; additive foreground scattering]]
[2020.05.15-08.50.36:557][  0]LogConfig: Setting CVar [[r.DOF.Scatter.BackgroundCompositing:2    ; additive background scattering]]
[2020.05.15-08.50.36:557][  0]LogConfig: Setting CVar [[r.DOF.Scatter.EnableBokehSettings:1      ; bokeh simulation when scattering]]
[2020.05.15-08.50.36:557][  0]LogConfig: Setting CVar [[r.DOF.Scatter.MaxSpriteRatio:0.1         ; only a maximum of 10% of scattered bokeh]]
[2020.05.15-08.50.36:557][  0]LogConfig: Setting CVar [[r.DOF.Recombine.Quality:1                ; cheap slight out of focus]]
[2020.05.15-08.50.36:557][  0]LogConfig: Setting CVar [[r.DOF.Recombine.EnableBokehSettings:0    ; no bokeh simulation on slight out of focus]]
[2020.05.15-08.50.36:557][  0]LogConfig: Setting CVar [[r.DOF.TemporalAAQuality:1                ; more stable temporal accumulation]]
[2020.05.15-08.50.36:557][  0]LogConfig: Setting CVar [[r.DOF.Kernel.MaxForegroundRadius:0.025]]
[2020.05.15-08.50.36:557][  0]LogConfig: Setting CVar [[r.DOF.Kernel.MaxBackgroundRadius:0.025]]
[2020.05.15-08.50.36:557][  0]LogConfig: Applying CVar settings from Section [TextureQuality@3] File [C:/Users/Ariosto/Desktop/Crossyroad/Saved/Config/Windows/Scalability.ini]
[2020.05.15-08.50.36:557][  0]LogConfig: Setting CVar [[r.Streaming.MipBias:0]]
[2020.05.15-08.50.36:557][  0]LogConfig: Setting CVar [[r.Streaming.AmortizeCPUToGPUCopy:0]]
[2020.05.15-08.50.36:557][  0]LogConfig: Setting CVar [[r.Streaming.MaxNumTexturesToStreamPerFrame:0]]
[2020.05.15-08.50.36:557][  0]LogConfig: Setting CVar [[r.Streaming.Boost:1]]
[2020.05.15-08.50.36:557][  0]LogConfig: Setting CVar [[r.MaxAnisotropy:8]]
[2020.05.15-08.50.36:557][  0]LogConfig: Setting CVar [[r.VT.MaxAnisotropy:8]]
[2020.05.15-08.50.36:557][  0]LogConfig: Setting CVar [[r.Streaming.LimitPoolSizeToVRAM:0]]
[2020.05.15-08.50.36:557][  0]LogConfig: Setting CVar [[r.Streaming.PoolSize:1000]]
[2020.05.15-08.50.36:557][  0]LogConfig: Setting CVar [[r.Streaming.MaxEffectiveScreenSize:0]]
[2020.05.15-08.50.36:557][  0]LogConfig: Applying CVar settings from Section [EffectsQuality@3] File [C:/Users/Ariosto/Desktop/Crossyroad/Saved/Config/Windows/Scalability.ini]
[2020.05.15-08.50.36:557][  0]LogConfig: Setting CVar [[r.TranslucencyLightingVolumeDim:64]]
[2020.05.15-08.50.36:557][  0]LogConfig: Setting CVar [[r.RefractionQuality:2]]
[2020.05.15-08.50.36:558][  0]LogConfig: Setting CVar [[r.SSR.Quality:3]]
[2020.05.15-08.50.36:558][  0]LogConfig: Setting CVar [[r.SSR.HalfResSceneColor:0]]
[2020.05.15-08.50.36:558][  0]LogConfig: Setting CVar [[r.SceneColorFormat:4]]
[2020.05.15-08.50.36:558][  0]LogConfig: Setting CVar [[r.DetailMode:2]]
[2020.05.15-08.50.36:558][  0]LogConfig: Setting CVar [[r.TranslucencyVolumeBlur:1]]
[2020.05.15-08.50.36:558][  0]LogConfig: Setting CVar [[r.MaterialQualityLevel:1 ; High quality]]
[2020.05.15-08.50.36:558][  0]LogConfig: Setting CVar [[r.SSS.Scale:1]]
[2020.05.15-08.50.36:558][  0]LogConfig: Setting CVar [[r.SSS.SampleSet:2]]
[2020.05.15-08.50.36:558][  0]LogConfig: Setting CVar [[r.SSS.Quality:1]]
[2020.05.15-08.50.36:558][  0]LogConfig: Setting CVar [[r.SSS.HalfRes:1]]
[2020.05.15-08.50.36:558][  0]LogConfig: Setting CVar [[r.SSGI.Quality:3]]
[2020.05.15-08.50.36:558][  0]LogConfig: Setting CVar [[r.EmitterSpawnRateScale:1.0]]
[2020.05.15-08.50.36:558][  0]LogConfig: Setting CVar [[r.ParticleLightQuality:2]]
[2020.05.15-08.50.36:558][  0]LogConfig: Setting CVar [[r.SkyAtmosphere.AerialPerspectiveLUT.FastApplyOnOpaque:1 ; Always have FastSkyLUT 1 in this case to avoid wrong sky]]
[2020.05.15-08.50.36:558][  0]LogConfig: Setting CVar [[r.SkyAtmosphere.AerialPerspectiveLUT.SampleCountPerSlice:1]]
[2020.05.15-08.50.36:558][  0]LogConfig: Setting CVar [[r.SkyAtmosphere.AerialPerspectiveLUT.DepthResolution:16.0]]
[2020.05.15-08.50.36:558][  0]LogConfig: Setting CVar [[r.SkyAtmosphere.FastSkyLUT:1]]
[2020.05.15-08.50.36:558][  0]LogConfig: Setting CVar [[r.SkyAtmosphere.FastSkyLUT.SampleCountMin:4.0]]
[2020.05.15-08.50.36:558][  0]LogConfig: Setting CVar [[r.SkyAtmosphere.FastSkyLUT.SampleCountMax:32.0]]
[2020.05.15-08.50.36:558][  0]LogConfig: Setting CVar [[r.SkyAtmosphere.SampleCountMin:4.0]]
[2020.05.15-08.50.36:558][  0]LogConfig: Setting CVar [[r.SkyAtmosphere.SampleCountMax:32.0]]
[2020.05.15-08.50.36:558][  0]LogConfig: Setting CVar [[r.SkyAtmosphere.TransmittanceLUT.UseSmallFormat:0]]
[2020.05.15-08.50.36:558][  0]LogConfig: Setting CVar [[r.SkyAtmosphere.TransmittanceLUT.SampleCount:10.0]]
[2020.05.15-08.50.36:558][  0]LogConfig: Setting CVar [[r.SkyAtmosphere.MultiScatteringLUT.SampleCount:15.0]]
[2020.05.15-08.50.36:558][  0]LogConfig: Applying CVar settings from Section [FoliageQuality@3] File [C:/Users/Ariosto/Desktop/Crossyroad/Saved/Config/Windows/Scalability.ini]
[2020.05.15-08.50.36:558][  0]LogConfig: Setting CVar [[foliage.DensityScale:1.0]]
[2020.05.15-08.50.36:558][  0]LogConfig: Setting CVar [[grass.DensityScale:1.0]]
[2020.05.15-08.50.36:558][  0]LogConfig: Applying CVar settings from Section [ShadingQuality@3] File [C:/Users/Ariosto/Desktop/Crossyroad/Saved/Config/Windows/Scalability.ini]
[2020.05.15-08.50.36:558][  0]LogConfig: Setting CVar [[r.HairStrands.SkyLighting.SampleCount:16]]
[2020.05.15-08.50.36:559][  0]LogConfig: Setting CVar [[r.HairStrands.SkyLighting.JitterIntegration:0]]
[2020.05.15-08.50.36:559][  0]LogConfig: Setting CVar [[r.HairStrands.SkyAO.SampleCount:16]]
[2020.05.15-08.50.36:559][  0]LogInit: Selected Device Profile: [Windows]
[2020.05.15-08.50.36:559][  0]LogInit: Applying CVar settings loaded from the selected device profile: [Windows]
[2020.05.15-08.50.36:565][  0]LogHAL: Display: Platform has ~ 7 GB [7462141952 / 8589934592 / 7], which maps to Smaller [LargestMinGB=32, LargerMinGB=12, DefaultMinGB=8, SmallerMinGB=6, SmallestMinGB=0)
[2020.05.15-08.50.36:565][  0]LogInit: Going up to parent DeviceProfile []
[2020.05.15-08.50.36:566][  0]LogConfig: Applying CVar settings from Section [ViewDistanceQuality@3] File [C:/Users/Ariosto/Desktop/Crossyroad/Saved/Config/Windows/Scalability.ini]
[2020.05.15-08.50.36:566][  0]LogConfig: Setting CVar [[r.SkeletalMeshLODBias:0]]
[2020.05.15-08.50.36:566][  0]LogConfig: Setting CVar [[r.ViewDistanceScale:1.0]]
[2020.05.15-08.50.36:566][  0]LogConfig: Applying CVar settings from Section [AntiAliasingQuality@3] File [C:/Users/Ariosto/Desktop/Crossyroad/Saved/Config/Windows/Scalability.ini]
[2020.05.15-08.50.36:566][  0]LogConfig: Setting CVar [[r.PostProcessAAQuality:4]]
[2020.05.15-08.50.36:566][  0]LogConfig: Applying CVar settings from Section [ShadowQuality@3] File [C:/Users/Ariosto/Desktop/Crossyroad/Saved/Config/Windows/Scalability.ini]
[2020.05.15-08.50.36:566][  0]LogConfig: Setting CVar [[r.LightFunctionQuality:1]]
[2020.05.15-08.50.36:566][  0]LogConfig: Setting CVar [[r.ShadowQuality:5]]
[2020.05.15-08.50.36:566][  0]LogConfig: Setting CVar [[r.Shadow.CSM.MaxCascades:10]]
[2020.05.15-08.50.36:566][  0]LogConfig: Setting CVar [[r.Shadow.MaxResolution:2048]]
[2020.05.15-08.50.36:566][  0]LogConfig: Setting CVar [[r.Shadow.MaxCSMResolution:2048]]
[2020.05.15-08.50.36:566][  0]LogConfig: Setting CVar [[r.Shadow.RadiusThreshold:0.01]]
[2020.05.15-08.50.36:566][  0]LogConfig: Setting CVar [[r.Shadow.DistanceScale:1.0]]
[2020.05.15-08.50.36:566][  0]LogConfig: Setting CVar [[r.Shadow.CSM.TransitionScale:1.0]]
[2020.05.15-08.50.36:566][  0]LogConfig: Setting CVar [[r.Shadow.PreShadowResolutionFactor:1.0]]
[2020.05.15-08.50.36:566][  0]LogConfig: Setting CVar [[r.DistanceFieldShadowing:1]]
[2020.05.15-08.50.36:566][  0]LogConfig: Setting CVar [[r.DistanceFieldAO:1]]
[2020.05.15-08.50.36:566][  0]LogConfig: Setting CVar [[r.AOQuality:2]]
[2020.05.15-08.50.36:566][  0]LogConfig: Setting CVar [[r.VolumetricFog:1]]
[2020.05.15-08.50.36:566][  0]LogConfig: Setting CVar [[r.VolumetricFog.GridPixelSize:8]]
[2020.05.15-08.50.36:566][  0]LogConfig: Setting CVar [[r.VolumetricFog.GridSizeZ:128]]
[2020.05.15-08.50.36:566][  0]LogConfig: Setting CVar [[r.VolumetricFog.HistoryMissSupersampleCount:4]]
[2020.05.15-08.50.36:566][  0]LogConfig: Setting CVar [[r.LightMaxDrawDistanceScale:1]]
[2020.05.15-08.50.36:566][  0]LogConfig: Setting CVar [[r.CapsuleShadows:1]]
[2020.05.15-08.50.36:566][  0]LogConfig: Applying CVar settings from Section [PostProcessQuality@3] File [C:/Users/Ariosto/Desktop/Crossyroad/Saved/Config/Windows/Scalability.ini]
[2020.05.15-08.50.36:566][  0]LogConfig: Setting CVar [[r.MotionBlurQuality:4]]
[2020.05.15-08.50.36:566][  0]LogConfig: Setting CVar [[r.AmbientOcclusionMipLevelFactor:0.4]]
[2020.05.15-08.50.36:566][  0]LogConfig: Setting CVar [[r.AmbientOcclusionMaxQuality:100]]
[2020.05.15-08.50.36:566][  0]LogConfig: Setting CVar [[r.AmbientOcclusionLevels:-1]]
[2020.05.15-08.50.36:567][  0]LogConfig: Setting CVar [[r.AmbientOcclusionRadiusScale:1.0]]
[2020.05.15-08.50.36:567][  0]LogConfig: Setting CVar [[r.DepthOfFieldQuality:2]]
[2020.05.15-08.50.36:567][  0]LogConfig: Setting CVar [[r.RenderTargetPoolMin:400]]
[2020.05.15-08.50.36:567][  0]LogConfig: Setting CVar [[r.LensFlareQuality:2]]
[2020.05.15-08.50.36:567][  0]LogConfig: Setting CVar [[r.SceneColorFringeQuality:1]]
[2020.05.15-08.50.36:567][  0]LogConfig: Setting CVar [[r.EyeAdaptationQuality:2]]
[2020.05.15-08.50.36:567][  0]LogConfig: Setting CVar [[r.BloomQuality:5]]
[2020.05.15-08.50.36:567][  0]LogConfig: Setting CVar [[r.FastBlurThreshold:100]]
[2020.05.15-08.50.36:567][  0]LogConfig: Setting CVar [[r.Upscale.Quality:3]]
[2020.05.15-08.50.36:567][  0]LogConfig: Setting CVar [[r.Tonemapper.GrainQuantization:1]]
[2020.05.15-08.50.36:567][  0]LogConfig: Setting CVar [[r.LightShaftQuality:1]]
[2020.05.15-08.50.36:567][  0]LogConfig: Setting CVar [[r.Filter.SizeScale:1]]
[2020.05.15-08.50.36:567][  0]LogConfig: Setting CVar [[r.Tonemapper.Quality:5]]
[2020.05.15-08.50.36:567][  0]LogConfig: Setting CVar [[r.DOF.Gather.AccumulatorQuality:1        ; higher gathering accumulator quality]]
[2020.05.15-08.50.36:567][  0]LogConfig: Setting CVar [[r.DOF.Gather.PostfilterMethod:1          ; Median3x3 postfilering method]]
[2020.05.15-08.50.36:567][  0]LogConfig: Setting CVar [[r.DOF.Gather.EnableBokehSettings:0       ; no bokeh simulation when gathering]]
[2020.05.15-08.50.36:567][  0]LogConfig: Setting CVar [[r.DOF.Gather.RingCount:4                 ; medium number of samples when gathering]]
[2020.05.15-08.50.36:567][  0]LogConfig: Setting CVar [[r.DOF.Scatter.ForegroundCompositing:1    ; additive foreground scattering]]
[2020.05.15-08.50.36:567][  0]LogConfig: Setting CVar [[r.DOF.Scatter.BackgroundCompositing:2    ; additive background scattering]]
[2020.05.15-08.50.36:567][  0]LogConfig: Setting CVar [[r.DOF.Scatter.EnableBokehSettings:1      ; bokeh simulation when scattering]]
[2020.05.15-08.50.36:567][  0]LogConfig: Setting CVar [[r.DOF.Scatter.MaxSpriteRatio:0.1         ; only a maximum of 10% of scattered bokeh]]
[2020.05.15-08.50.36:567][  0]LogConfig: Setting CVar [[r.DOF.Recombine.Quality:1                ; cheap slight out of focus]]
[2020.05.15-08.50.36:567][  0]LogConfig: Setting CVar [[r.DOF.Recombine.EnableBokehSettings:0    ; no bokeh simulation on slight out of focus]]
[2020.05.15-08.50.36:567][  0]LogConfig: Setting CVar [[r.DOF.TemporalAAQuality:1                ; more stable temporal accumulation]]
[2020.05.15-08.50.36:567][  0]LogConfig: Setting CVar [[r.DOF.Kernel.MaxForegroundRadius:0.025]]
[2020.05.15-08.50.36:567][  0]LogConfig: Setting CVar [[r.DOF.Kernel.MaxBackgroundRadius:0.025]]
[2020.05.15-08.50.36:567][  0]LogConfig: Applying CVar settings from Section [TextureQuality@3] File [C:/Users/Ariosto/Desktop/Crossyroad/Saved/Config/Windows/Scalability.ini]
[2020.05.15-08.50.36:567][  0]LogConfig: Setting CVar [[r.Streaming.MipBias:0]]
[2020.05.15-08.50.36:567][  0]LogConfig: Setting CVar [[r.Streaming.AmortizeCPUToGPUCopy:0]]
[2020.05.15-08.50.36:567][  0]LogConfig: Setting CVar [[r.Streaming.MaxNumTexturesToStreamPerFrame:0]]
[2020.05.15-08.50.36:568][  0]LogConfig: Setting CVar [[r.Streaming.Boost:1]]
[2020.05.15-08.50.36:568][  0]LogConfig: Setting CVar [[r.MaxAnisotropy:8]]
[2020.05.15-08.50.36:568][  0]LogConfig: Setting CVar [[r.VT.MaxAnisotropy:8]]
[2020.05.15-08.50.36:568][  0]LogConfig: Setting CVar [[r.Streaming.LimitPoolSizeToVRAM:0]]
[2020.05.15-08.50.36:568][  0]LogConfig: Setting CVar [[r.Streaming.PoolSize:1000]]
[2020.05.15-08.50.36:568][  0]LogConfig: Setting CVar [[r.Streaming.MaxEffectiveScreenSize:0]]
[2020.05.15-08.50.36:568][  0]LogConfig: Applying CVar settings from Section [EffectsQuality@3] File [C:/Users/Ariosto/Desktop/Crossyroad/Saved/Config/Windows/Scalability.ini]
[2020.05.15-08.50.36:568][  0]LogConfig: Setting CVar [[r.TranslucencyLightingVolumeDim:64]]
[2020.05.15-08.50.36:568][  0]LogConfig: Setting CVar [[r.RefractionQuality:2]]
[2020.05.15-08.50.36:568][  0]LogConfig: Setting CVar [[r.SSR.Quality:3]]
[2020.05.15-08.50.36:568][  0]LogConfig: Setting CVar [[r.SSR.HalfResSceneColor:0]]
[2020.05.15-08.50.36:568][  0]LogConfig: Setting CVar [[r.SceneColorFormat:4]]
[2020.05.15-08.50.36:568][  0]LogConfig: Setting CVar [[r.DetailMode:2]]
[2020.05.15-08.50.36:568][  0]LogConfig: Setting CVar [[r.TranslucencyVolumeBlur:1]]
[2020.05.15-08.50.36:568][  0]LogConfig: Setting CVar [[r.MaterialQualityLevel:1 ; High quality]]
[2020.05.15-08.50.36:568][  0]LogConfig: Setting CVar [[r.SSS.Scale:1]]
[2020.05.15-08.50.36:568][  0]LogConfig: Setting CVar [[r.SSS.SampleSet:2]]
[2020.05.15-08.50.36:568][  0]LogConfig: Setting CVar [[r.SSS.Quality:1]]
[2020.05.15-08.50.36:568][  0]LogConfig: Setting CVar [[r.SSS.HalfRes:1]]
[2020.05.15-08.50.36:568][  0]LogConfig: Setting CVar [[r.SSGI.Quality:3]]
[2020.05.15-08.50.36:568][  0]LogConfig: Setting CVar [[r.EmitterSpawnRateScale:1.0]]
[2020.05.15-08.50.36:568][  0]LogConfig: Setting CVar [[r.ParticleLightQuality:2]]
[2020.05.15-08.50.36:568][  0]LogConfig: Setting CVar [[r.SkyAtmosphere.AerialPerspectiveLUT.FastApplyOnOpaque:1 ; Always have FastSkyLUT 1 in this case to avoid wrong sky]]
[2020.05.15-08.50.36:568][  0]LogConfig: Setting CVar [[r.SkyAtmosphere.AerialPerspectiveLUT.SampleCountPerSlice:1]]
[2020.05.15-08.50.36:568][  0]LogConfig: Setting CVar [[r.SkyAtmosphere.AerialPerspectiveLUT.DepthResolution:16.0]]
[2020.05.15-08.50.36:568][  0]LogConfig: Setting CVar [[r.SkyAtmosphere.FastSkyLUT:1]]
[2020.05.15-08.50.36:568][  0]LogConfig: Setting CVar [[r.SkyAtmosphere.FastSkyLUT.SampleCountMin:4.0]]
[2020.05.15-08.50.36:568][  0]LogConfig: Setting CVar [[r.SkyAtmosphere.FastSkyLUT.SampleCountMax:32.0]]
[2020.05.15-08.50.36:568][  0]LogConfig: Setting CVar [[r.SkyAtmosphere.SampleCountMin:4.0]]
[2020.05.15-08.50.36:569][  0]LogConfig: Setting CVar [[r.SkyAtmosphere.SampleCountMax:32.0]]
[2020.05.15-08.50.36:569][  0]LogConfig: Setting CVar [[r.SkyAtmosphere.TransmittanceLUT.UseSmallFormat:0]]
[2020.05.15-08.50.36:569][  0]LogConfig: Setting CVar [[r.SkyAtmosphere.TransmittanceLUT.SampleCount:10.0]]
[2020.05.15-08.50.36:569][  0]LogConfig: Setting CVar [[r.SkyAtmosphere.MultiScatteringLUT.SampleCount:15.0]]
[2020.05.15-08.50.36:569][  0]LogConfig: Applying CVar settings from Section [FoliageQuality@3] File [C:/Users/Ariosto/Desktop/Crossyroad/Saved/Config/Windows/Scalability.ini]
[2020.05.15-08.50.36:569][  0]LogConfig: Setting CVar [[foliage.DensityScale:1.0]]
[2020.05.15-08.50.36:569][  0]LogConfig: Setting CVar [[grass.DensityScale:1.0]]
[2020.05.15-08.50.36:569][  0]LogConfig: Applying CVar settings from Section [ShadingQuality@3] File [C:/Users/Ariosto/Desktop/Crossyroad/Saved/Config/Windows/Scalability.ini]
[2020.05.15-08.50.36:569][  0]LogConfig: Setting CVar [[r.HairStrands.SkyLighting.SampleCount:16]]
[2020.05.15-08.50.36:569][  0]LogConfig: Setting CVar [[r.HairStrands.SkyLighting.JitterIntegration:0]]
[2020.05.15-08.50.36:569][  0]LogConfig: Setting CVar [[r.HairStrands.SkyAO.SampleCount:16]]
[2020.05.15-08.50.36:569][  0]LogConfig: Applying CVar settings from Section [Startup] File [../../../Engine/Config/ConsoleVariables.ini]
[2020.05.15-08.50.36:569][  0]LogConfig: Setting CVar [[net.UseAdaptiveNetUpdateFrequency:0]]
[2020.05.15-08.50.36:570][  0]LogConfig: Setting CVar [[p.chaos.AllowCreatePhysxBodies:1]]
[2020.05.15-08.50.36:570][  0]LogConfig: Applying CVar settings from Section [ConsoleVariables] File [C:/Users/Ariosto/Desktop/Crossyroad/Saved/Config/Windows/Engine.ini]
[2020.05.15-08.50.36:570][  0]LogInit: Computer: DESKTOP-QAEF8PM
[2020.05.15-08.50.36:570][  0]LogInit: User: Ariosto
[2020.05.15-08.50.36:570][  0]LogInit: CPU Page size=4096, Cores=4
[2020.05.15-08.50.36:570][  0]LogInit: High frequency timer resolution =10.000000 MHz
[2020.05.15-08.50.36:570][  0]LogMemory: Memory total: Physical=6.9GB (7GB approx)
[2020.05.15-08.50.36:570][  0]LogMemory: Platform Memory Stats for Windows
[2020.05.15-08.50.36:570][  0]LogMemory: Process Physical Memory: 105.71 MB used, 105.71 MB peak
[2020.05.15-08.50.36:570][  0]LogMemory: Process Virtual Memory: 100.54 MB used, 100.54 MB peak
[2020.05.15-08.50.36:570][  0]LogMemory: Physical Memory: 5064.15 MB used,  2052.30 MB free, 7116.45 MB total
[2020.05.15-08.50.36:570][  0]LogMemory: Virtual Memory: 5137.54 MB used,  134212592.00 MB free, 134217728.00 MB total
[2020.05.15-08.50.36:575][  0]LogWindows: WindowsPlatformFeatures enabled
[2020.05.15-08.50.36:607][  0]LogInit: Using OS detected language (en-US).
[2020.05.15-08.50.36:607][  0]LogInit: Using OS detected locale (en-US).
[2020.05.15-08.50.36:609][  0]LogTextLocalizationManager: No specific localization for 'en-US' exists, so the 'en' localization will be used.
[2020.05.15-08.50.37:005][  0]LogInit: Setting process to per monitor DPI aware
[2020.05.15-08.50.37:077][  0]LogSlate: New Slate User Created.  User Index 0, Is Virtual User: 0
[2020.05.15-08.50.37:077][  0]LogSlate: Slate User Registered.  User Index 0, Is Virtual User: 0
[2020.05.15-08.50.37:540][  0]LogHMD: Failed to initialize OpenVR with code 110
[2020.05.15-08.50.37:541][  0]LogD3D11RHI: D3D11 min allowed feature level: 11_0
[2020.05.15-08.50.37:541][  0]LogD3D11RHI: D3D11 max allowed feature level: 11_0
[2020.05.15-08.50.37:541][  0]LogD3D11RHI: D3D11 adapters:
[2020.05.15-08.50.37:611][  0]LogD3D11RHI:    0. 'AMD Radeon(TM) RX Vega 11 Graphics' (Feature Level 11_0)
[2020.05.15-08.50.37:611][  0]LogD3D11RHI:       1008/0/3558 MB DedicatedVideo/DedicatedSystem/SharedSystem, Outputs:1, VendorId:0x1002
[2020.05.15-08.50.37:618][  0]LogD3D11RHI:    1. 'Microsoft Basic Render Driver' (Feature Level 11_0)
[2020.05.15-08.50.37:618][  0]LogD3D11RHI:       0/0/3558 MB DedicatedVideo/DedicatedSystem/SharedSystem, Outputs:0, VendorId:0x1414
[2020.05.15-08.50.37:618][  0]LogD3D11RHI: Chosen D3D11 Adapter: 0
[2020.05.15-08.50.37:635][  0]LogD3D11RHI: Creating new Direct3DDevice
[2020.05.15-08.50.37:635][  0]LogD3D11RHI:     GPU DeviceId: 0x15dd (for the marketing name, search the web for "GPU Device Id")
[2020.05.15-08.50.37:635][  0]LogWindows: EnumDisplayDevices:
[2020.05.15-08.50.37:636][  0]LogWindows:    0. 'AMD Radeon(TM) RX Vega 11 Graphics' (P:1 D:1)
[2020.05.15-08.50.37:637][  0]LogWindows:    1. 'AMD Radeon(TM) RX Vega 11 Graphics' (P:0 D:0)
[2020.05.15-08.50.37:638][  0]LogWindows:    2. 'AMD Radeon(TM) RX Vega 11 Graphics' (P:0 D:0)
[2020.05.15-08.50.37:639][  0]LogWindows:    3. 'AMD Radeon(TM) RX Vega 11 Graphics' (P:0 D:0)
[2020.05.15-08.50.37:640][  0]LogWindows:    4. 'AMD Radeon(TM) RX Vega 11 Graphics' (P:0 D:0)
[2020.05.15-08.50.37:640][  0]LogWindows:    5. 'AMD Radeon(TM) RX Vega 11 Graphics' (P:0 D:0)
[2020.05.15-08.50.37:641][  0]LogWindows: DebugString: FoundDriverCount:6 
[2020.05.15-08.50.37:641][  0]LogD3D11RHI:     Adapter Name: AMD Radeon(TM) RX Vega 11 Graphics
[2020.05.15-08.50.37:641][  0]LogD3D11RHI:   Driver Version: Adrenalin 2020 19.12.2 (internal:26.20.15002.61, unified:26.20.15002.61)
[2020.05.15-08.50.37:641][  0]LogD3D11RHI:      Driver Date: 12-4-2019
[2020.05.15-08.50.37:641][  0]LogRHI: Texture pool is 705 MB (70% of 1008 MB)
[2020.05.15-08.50.37:753][  0]LogD3D11RHI: RHI does not have support for 64 bit atomics
[2020.05.15-08.50.37:753][  0]LogD3D11RHI: Async texture creation enabled
[2020.05.15-08.50.37:772][  0]LogD3D11RHI: GPU Timing Frequency: 25.000000 (Debug: 2 1)
[2020.05.15-08.50.38:494][  0]LogTargetPlatformManager: Display: Loaded TargetPlatform 'AllDesktop'
[2020.05.15-08.50.38:582][  0]LogTargetPlatformManager: Display: Loaded TargetPlatform 'Android'
[2020.05.15-08.50.38:582][  0]LogTargetPlatformManager: Display: Loaded TargetPlatform 'Android_ASTC'
[2020.05.15-08.50.38:582][  0]LogTargetPlatformManager: Display: Loaded TargetPlatform 'Android_ATC'
[2020.05.15-08.50.38:582][  0]LogTargetPlatformManager: Display: Loaded TargetPlatform 'Android_DXT'
[2020.05.15-08.50.38:582][  0]LogTargetPlatformManager: Display: Loaded TargetPlatform 'Android_ETC1'
[2020.05.15-08.50.38:582][  0]LogTargetPlatformManager: Display: Loaded TargetPlatform 'Android_ETC1a'
[2020.05.15-08.50.38:582][  0]LogTargetPlatformManager: Display: Loaded TargetPlatform 'Android_ETC2'
[2020.05.15-08.50.38:582][  0]LogTargetPlatformManager: Display: Loaded TargetPlatform 'Android_PVRTC'
[2020.05.15-08.50.38:582][  0]LogTargetPlatformManager: Display: Loaded TargetPlatform 'AndroidClient'
[2020.05.15-08.50.38:582][  0]LogTargetPlatformManager: Display: Loaded TargetPlatform 'Android_ASTCClient'
[2020.05.15-08.50.38:583][  0]LogTargetPlatformManager: Display: Loaded TargetPlatform 'Android_ATCClient'
[2020.05.15-08.50.38:583][  0]LogTargetPlatformManager: Display: Loaded TargetPlatform 'Android_DXTClient'
[2020.05.15-08.50.38:583][  0]LogTargetPlatformManager: Display: Loaded TargetPlatform 'Android_ETC1Client'
[2020.05.15-08.50.38:583][  0]LogTargetPlatformManager: Display: Loaded TargetPlatform 'Android_ETC1aClient'
[2020.05.15-08.50.38:583][  0]LogTargetPlatformManager: Display: Loaded TargetPlatform 'Android_ETC2Client'
[2020.05.15-08.50.38:583][  0]LogTargetPlatformManager: Display: Loaded TargetPlatform 'Android_PVRTCClient'
[2020.05.15-08.50.38:583][  0]LogTargetPlatformManager: Display: Loaded TargetPlatform 'Android_Multi'
[2020.05.15-08.50.38:583][  0]LogTargetPlatformManager: Display: Loaded TargetPlatform 'Android_MultiClient'
[2020.05.15-08.50.38:629][  0]LogTargetPlatformManager: Display: Loaded TargetPlatform 'IOSClient'
[2020.05.15-08.50.38:629][  0]LogTargetPlatformManager: Display: Loaded TargetPlatform 'IOS'
[2020.05.15-08.50.38:649][  0]LogTargetPlatformManager: Display: Loaded TargetPlatform 'LinuxNoEditor'
[2020.05.15-08.50.38:671][  0]LogTargetPlatformManager: Display: Loaded TargetPlatform 'LinuxClient'
[2020.05.15-08.50.38:689][  0]LogTargetPlatformManager: Display: Loaded TargetPlatform 'LinuxServer'
[2020.05.15-08.50.38:710][  0]LogTargetPlatformManager: Display: Loaded TargetPlatform 'LinuxAArch64NoEditor'
[2020.05.15-08.50.38:727][  0]LogTargetPlatformManager: Display: Loaded TargetPlatform 'LinuxAArch64Client'
[2020.05.15-08.50.38:745][  0]LogTargetPlatformManager: Display: Loaded TargetPlatform 'LinuxAArch64Server'
[2020.05.15-08.50.38:813][  0]LogTargetPlatformManager: Display: Loaded TargetPlatform 'Lumin'
[2020.05.15-08.50.38:813][  0]LogTargetPlatformManager: Display: Loaded TargetPlatform 'LuminClient'
[2020.05.15-08.50.38:848][  0]LogTargetPlatformManager: Display: Loaded TargetPlatform 'TVOSClient'
[2020.05.15-08.50.38:848][  0]LogTargetPlatformManager: Display: Loaded TargetPlatform 'TVOS'
[2020.05.15-08.50.38:867][  0]LogTargetPlatformManager: Display: Loaded TargetPlatform 'WindowsNoEditor'
[2020.05.15-08.50.38:886][  0]LogTargetPlatformManager: Display: Loaded TargetPlatform 'Windows'
[2020.05.15-08.50.38:904][  0]LogTargetPlatformManager: Display: Loaded TargetPlatform 'WindowsClient'
[2020.05.15-08.50.38:921][  0]LogTargetPlatformManager: Display: Loaded TargetPlatform 'WindowsServer'
[2020.05.15-08.50.38:921][  0]LogTargetPlatformManager: Display: Building Assets For Windows
[2020.05.15-08.50.38:928][  0]LogAudioDebug: Display: Lib vorbis DLL was dynamically loaded.
[2020.05.15-08.50.38:981][  0]LogShaderCompilers: Guid format shader working directory is -1 characters bigger than the processId version (../../../../../../Users/Ariosto/Desktop/Crossyroad/Intermediate/Shaders/WorkingDirectory/776/).
[2020.05.15-08.50.38:982][  0]LogShaderCompilers: Cleaned the shader compiler working directory 'C:/Users/Ariosto/AppData/Local/Temp/UnrealShaderWorkingDir/90F19ED44D5A6704B61F2F97CF77A902/'.
[2020.05.15-08.50.38:983][  0]LogXGEController: Cannot use XGE Controller as Incredibuild is not installed on this machine.
[2020.05.15-08.50.38:983][  0]LogShaderCompilers: Cannot use XGE Shader Compiler as Incredibuild is not installed on this machine.
[2020.05.15-08.50.38:983][  0]LogShaderCompilers: Display: Using Local Shader Compiler.
[2020.05.15-08.50.40:867][  0]LogDerivedDataCache: Display: Max Cache Size: 512 MB
[2020.05.15-08.50.40:977][  0]LogDerivedDataCache: Loaded boot cache 0.11s 78MB C:/Users/Ariosto/AppData/Local/UnrealEngine/4.24/DerivedDataCache/Boot.ddc.
[2020.05.15-08.50.40:977][  0]LogDerivedDataCache: Display: Loaded Boot cache: C:/Users/Ariosto/AppData/Local/UnrealEngine/4.24/DerivedDataCache/Boot.ddc
[2020.05.15-08.50.40:977][  0]LogDerivedDataCache: FDerivedDataBackendGraph:  Pak pak cache file ../../../../../../Users/Ariosto/Desktop/Crossyroad/DerivedDataCache/DDC.ddp not found, will not use a pak cache.
[2020.05.15-08.50.40:977][  0]LogDerivedDataCache: Unable to find inner node Pak for hierarchical cache Hierarchy.
[2020.05.15-08.50.40:977][  0]LogDerivedDataCache: FDerivedDataBackendGraph:  CompressedPak pak cache file ../../../../../../Users/Ariosto/Desktop/Crossyroad/DerivedDataCache/Compressed.ddp not found, will not use a pak cache.
[2020.05.15-08.50.40:977][  0]LogDerivedDataCache: Unable to find inner node CompressedPak for hierarchical cache Hierarchy.
[2020.05.15-08.50.41:004][  0]LogDerivedDataCache: Display: Pak cache opened for reading ../../../Engine/DerivedDataCache/Compressed.ddp.
[2020.05.15-08.50.41:004][  0]LogDerivedDataCache: FDerivedDataBackendGraph:  EnterprisePak pak cache file ../../../Enterprise/DerivedDataCache/Compressed.ddp not found, will not use a pak cache.
[2020.05.15-08.50.41:004][  0]LogDerivedDataCache: Unable to find inner node EnterprisePak for hierarchical cache Hierarchy.
[2020.05.15-08.50.41:007][  0]LogDerivedDataCache: Using Local data cache path C:/Users/Ariosto/AppData/Local/UnrealEngine/Common/DerivedDataCache: Writable
[2020.05.15-08.50.41:007][  0]LogDerivedDataCache: Shared data cache path not found in *engine.ini, will not use an Shared cache.
[2020.05.15-08.50.41:007][  0]LogDerivedDataCache: Unable to find inner node Shared for hierarchical cache Hierarchy.
[2020.05.15-08.50.41:053][  0]LogMaterial: Verifying Global Shaders for PCD3D_SM5
[2020.05.15-08.50.41:058][  0]LogSlate: Using FreeType 2.10.0
[2020.05.15-08.50.41:059][  0]LogSlate: SlateFontServices - WITH_FREETYPE: 1, WITH_HARFBUZZ: 1
[2020.05.15-08.50.41:143][  0]LogAssetRegistry: FAssetRegistry took 0.0043 seconds to start up
[2020.05.15-08.50.41:728][  0]LogInit: Selected Device Profile: [Windows]
[2020.05.15-08.50.42:063][  0]LogMeshReduction: Using QuadricMeshReduction for automatic static mesh reduction
[2020.05.15-08.50.42:063][  0]LogMeshReduction: Using SimplygonMeshReduction for automatic skeletal mesh reduction
[2020.05.15-08.50.42:063][  0]LogMeshReduction: Using ProxyLODMeshReduction for automatic mesh merging
[2020.05.15-08.50.42:063][  0]LogMeshReduction: No distributed automatic mesh merging module available
[2020.05.15-08.50.42:063][  0]LogMeshMerging: No distributed automatic mesh merging module available
[2020.05.15-08.50.42:092][  0]LogNetVersion: CrossyRoads 1.0.0, NetCL: 10570792, EngineNetVer: 13, GameNetVer: 0 (Checksum: 947931348)
[2020.05.15-08.50.44:597][  0]LogPackageLocalizationCache: Processed 10 localized package path(s) for 1 prioritized culture(s) in 0.096345 seconds
[2020.05.15-08.50.44:614][  0]LogUObjectArray: 46746 objects as part of root set at end of initial load.
[2020.05.15-08.50.44:614][  0]LogUObjectAllocator: 8135816 out of 0 bytes used by permanent object pool.
[2020.05.15-08.50.44:614][  0]LogUObjectArray: CloseDisregardForGC: 0/0 objects in disregard for GC pool
[2020.05.15-08.50.45:672][  0]LogTcpMessaging: Initializing TcpMessaging bridge
[2020.05.15-08.50.45:679][  0]LogUdpMessaging: Initializing bridge on interface 0.0.0.0:0 to multicast group 230.0.0.1:6666.
[2020.05.15-08.50.45:785][  0]SourceControl: Source control is disabled
[2020.05.15-08.50.45:785][  0]SourceControl: Source control is disabled
[2020.05.15-08.50.45:787][  0]SourceControl: Source control is disabled
[2020.05.15-08.50.45:789][  0]SourceControl: Source control is disabled
[2020.05.15-08.50.45:791][  0]SourceControl: Source control is disabled
[2020.05.15-08.50.45:993][  0]LogAndroidPermission: UAndroidPermissionCallbackProxy::GetInstance
[2020.05.15-08.50.46:022][  0]LogAudioCaptureCore: Display: No Audio Capture implementations found. Audio input will be silent.
[2020.05.15-08.50.46:022][  0]LogAudioCaptureCore: Display: No Audio Capture implementations found. Audio input will be silent.
[2020.05.15-08.50.46:266][  0]LogOcInput: OculusInput pre-init called
[2020.05.15-08.50.46:284][  0]LogWindows: Failed to load 'OVRPlugin.dll' (GetLastError=126)
[2020.05.15-08.50.46:284][  0]LogWindows: File 'OVRPlugin.dll' does not exist
[2020.05.15-08.50.46:463][  0]LogEngine: Initializing Engine...
[2020.05.15-08.50.46:465][  0]LogHMD: Failed to initialize OpenVR with code 110
[2020.05.15-08.50.46:467][  0]LogStats: UGameplayTagsManager::InitializeManager -  0.000 s
[2020.05.15-08.50.47:292][  0]LogInit: Initializing FReadOnlyCVARCache
[2020.05.15-08.50.47:309][  0]LogAIModule: Creating AISystem for world Untitled
[2020.05.15-08.50.47:321][  0]LogAudioMixer: Display: Audio Mixer Platform Settings:
[2020.05.15-08.50.47:321][  0]LogAudioMixer: Display: 	Sample Rate:						  48000
[2020.05.15-08.50.47:321][  0]LogAudioMixer: Display: 	Callback Buffer Frame Size Requested: 256
[2020.05.15-08.50.47:321][  0]LogAudioMixer: Display: 	Callback Buffer Frame Size To Use:	  256
[2020.05.15-08.50.47:321][  0]LogAudioMixer: Display: 	Number of buffers to queue:			  7
[2020.05.15-08.50.47:321][  0]LogAudioMixer: Display: 	Max Channels (voices):				  32
[2020.05.15-08.50.47:321][  0]LogAudioMixer: Display: 	Number of Async Source Workers:		  0
[2020.05.15-08.50.47:321][  0]LogAudio: Display: AudioDevice MaxSources: 32
[2020.05.15-08.50.47:322][  0]LogAudio: Display: Using built-in audio occlusion.
[2020.05.15-08.50.47:322][  0]LogAudioMixer: Display: Initializing audio mixer.
[2020.05.15-08.50.47:355][  0]LogAudioMixer: Display: Audio Device Output Speaker Info:
[2020.05.15-08.50.47:355][  0]LogAudioMixer: Display: Name: Speakers (Realtek(R) Audio)
[2020.05.15-08.50.47:355][  0]LogAudioMixer: Display: Is Default: Yes
[2020.05.15-08.50.47:355][  0]LogAudioMixer: Display: Sample Rate: 48000
[2020.05.15-08.50.47:355][  0]LogAudioMixer: Display: Channel Count Used: 2
[2020.05.15-08.50.47:355][  0]LogAudioMixer: Display: Device Channel Count: 2
[2020.05.15-08.50.47:355][  0]LogAudioMixer: Display: Channel Order:
[2020.05.15-08.50.47:355][  0]LogAudioMixer: Display: 0: FrontLeft
[2020.05.15-08.50.47:355][  0]LogAudioMixer: Display: 1: FrontRight
[2020.05.15-08.50.47:408][  0]LogAudioMixer: Display: Using Audio Device Speakers (Realtek(R) Audio)
[2020.05.15-08.50.47:418][  0]LogInit: FAudioDevice initialized.
[2020.05.15-08.50.47:419][  0]LogNetVersion: Set ProjectVersion to 1.0.0.0. Version Checksum will be recalculated on next use.
[2020.05.15-08.50.47:553][  0]LogDerivedDataCache: Saved boot cache 0.13s 78MB C:/Users/Ariosto/AppData/Local/UnrealEngine/4.24/DerivedDataCache/Boot.ddc.
[2020.05.15-08.50.47:564][  0]LogInit: Texture streaming: Enabled
[2020.05.15-08.50.47:588][  0]LogEngineSessionManager: EngineSessionManager initialized
[2020.05.15-08.50.47:588][  0]LogEditorSessionSummary: Verbose: Initializing EditorSessionSummaryWriter for editor session tracking
[2020.05.15-08.50.47:592][  0]LogEditorSessionSummary: EditorSessionSummaryWriter initialized
[2020.05.15-08.50.47:763][  0]LogInit: Transaction tracking system initialized
[2020.05.15-08.50.47:784][  0]BlueprintLog: New page: Editor Load
[2020.05.15-08.50.47:849][  0]LocalizationService: Localization service is disabled
[2020.05.15-08.50.48:600][  0]LogFileCache: Scanning file cache for directory 'C:/Users/Ariosto/Desktop/Crossyroad/Content/' took 0.01s
[2020.05.15-08.50.48:600][  0]LogCook: Display: Max memory allowance for cook 16384mb min free memory 0mb
[2020.05.15-08.50.48:600][  0]LogCook: Display: Mobile HDR setting 1
[2020.05.15-08.50.50:324][  0]SourceControl: Source control is disabled
[2020.05.15-08.50.50:324][  0]Cmd: MAP LOAD FILE="../../../../../../Users/Ariosto/Desktop/Crossyroad/Content/Maps/CrossyRoads.umap" TEMPLATE=0 SHOWPROGRESS=1 FEATURELEVEL=3
[2020.05.15-08.50.50:325][  0]LightingResults: New page: Lighting Build
[2020.05.15-08.50.50:326][  0]LogWorld: UWorld::CleanupWorld for Untitled, bSessionEnded=true, bCleanupResources=true
[2020.05.15-08.50.50:327][  0]LogSlate: InvalidateAllWidgets triggered.  All widgets were invalidated
[2020.05.15-08.50.50:327][  0]MapCheck: New page: Map Check
[2020.05.15-08.50.50:327][  0]LightingResults: New page: Lighting Build
[2020.05.15-08.50.50:368][  0]LogUObjectHash: Compacting FUObjectHashTables data took   5.91ms
[2020.05.15-08.50.51:096][  0]LogAIModule: Creating AISystem for world CrossyRoads
[2020.05.15-08.50.51:185][  0]LogEditorServer: Finished looking for orphan Actors (0.000 secs)
[2020.05.15-08.50.51:240][  0]LogUObjectHash: Compacting FUObjectHashTables data took   5.68ms
[2020.05.15-08.50.51:240][  0]Cmd: MAP CHECKDEP NOCLEARLOG
[2020.05.15-08.50.51:241][  0]MapCheck: Map check complete: 0 Error(s), 0 Warning(s), took 0.346ms to complete.
[2020.05.15-08.50.51:241][  0]LogFileHelpers: Loading map 'CrossyRoads' took 0.917
[2020.05.15-08.50.51:512][  0]LogSlate: Updating window title bar state: overlay mode, drag disabled, window buttons hidden, title bar hidden
[2020.05.15-08.50.51:527][  0]LogSlate: Updating window title bar state: overlay mode, drag disabled, window buttons hidden, title bar hidden
[2020.05.15-08.50.51:542][  0]LogSlate: Updating window title bar state: overlay mode, drag disabled, window buttons hidden, title bar hidden
[2020.05.15-08.50.51:557][  0]LogSlate: Updating window title bar state: overlay mode, drag disabled, window buttons hidden, title bar hidden
[2020.05.15-08.50.51:570][  0]LogCollectionManager: Loaded 0 collections in 0.004798 seconds
[2020.05.15-08.50.51:601][  0]LogFileCache: Scanning file cache for directory 'C:/Users/Ariosto/Desktop/Crossyroad/Saved/Collections/' took 0.00s
[2020.05.15-08.50.51:601][  0]LogFileCache: Scanning file cache for directory 'C:/Users/Ariosto/Desktop/Crossyroad/Content/Developers/Ariosto/Collections/' took 0.00s
[2020.05.15-08.50.51:601][  0]LogFileCache: Scanning file cache for directory 'C:/Users/Ariosto/Desktop/Crossyroad/Content/Collections/' took 0.00s
[2020.05.15-08.50.51:601][  0]LogContentBrowser: Native class hierarchy populated in 0.0219 seconds. Added 3015 classes and 717 folders.
[2020.05.15-08.50.51:608][  0]LogContentBrowser: Native class hierarchy updated for 'WidgetCarousel' in 0.0005 seconds. Added 0 classes and 0 folders.
[2020.05.15-08.50.52:104][  0]LogContentBrowser: Native class hierarchy updated for 'AddContentDialog' in 0.0005 seconds. Added 0 classes and 0 folders.
[2020.05.15-08.50.52:112][  0]LogContentBrowser: Native class hierarchy updated for 'SceneOutliner' in 0.0006 seconds. Added 2 classes and 3 folders.
[2020.05.15-08.50.52:301][  0]LogContentBrowser: Native class hierarchy updated for 'HierarchicalLODOutliner' in 0.0008 seconds. Added 0 classes and 0 folders.
[2020.05.15-08.50.52:301][  0]LogLoad: (Engine Initialization) Total time: 18.32 seconds
[2020.05.15-08.50.52:301][  0]LogLoad: (Engine Initialization) Total Blueprint compile time: 0.00 seconds
[2020.05.15-08.50.52:368][  0]LogContentStreaming: Texture pool size now 1000 MB
[2020.05.15-08.50.52:370][  0]LogSlate: Took 0.000341 seconds to synchronously load lazily loaded font '../../../Engine/Content/Slate/Fonts/Roboto-Regular.ttf' (155K)
[2020.05.15-08.50.52:375][  0]LogSlate: Took 0.000371 seconds to synchronously load lazily loaded font '../../../Engine/Content/Slate/Fonts/Roboto-Bold.ttf' (160K)
[2020.05.15-08.50.52:400][  0]LogSlate: Took 0.015671 seconds to synchronously load lazily loaded font '../../../Engine/Content/Editor/Slate/Fonts/FontAwesome.ttf' (139K)
[2020.05.15-08.50.52:596][  0]LogRenderer: Reallocating scene render targets to support 760x496 Format 10 NumSamples 1 (Frame:1).
[2020.05.15-08.50.52:597][  0]LogSlate: Took 0.000448 seconds to synchronously load lazily loaded font '../../../Engine/Content/Slate/Fonts/Roboto-Light.ttf' (167K)
[2020.05.15-08.50.52:878][  3]LogAssetRegistry: Asset discovery search completed in 11.7361 seconds
[2020.05.15-08.50.52:886][  3]LogCollectionManager: Fixed up redirectors for 0 collections in 0.000015 seconds (updated 0 objects)
[2020.05.15-08.51.05:683][748]LogTemp: Repeating last play command: Selected Viewport
[2020.05.15-08.51.05:734][748]LogPlayLevel: PlayLevel: No blueprints needed recompiling
[2020.05.15-08.51.05:735][748]PIE: New page: PIE session: CrossyRoads (May 14, 2020, 6:51:05 PM)
[2020.05.15-08.51.05:736][748]LogOnline: OSS: Creating online subsystem instance for: NULL
[2020.05.15-08.51.05:738][748]LogOnline: OSS: TryLoadSubsystemAndSetDefault: Loaded subsystem for module [NULL]
[2020.05.15-08.51.05:738][748]LogPlayLevel: Creating play world package: /Game/Maps/UEDPIE_0_CrossyRoads
[2020.05.15-08.51.05:750][748]LogPlayLevel: PIE: StaticDuplicateObject took: (0.011361s)
[2020.05.15-08.51.05:752][748]LogAIModule: Creating AISystem for world CrossyRoads
[2020.05.15-08.51.05:752][748]LogPlayLevel: PIE: World Init took: (0.002061s)
[2020.05.15-08.51.05:752][748]LogPlayLevel: PIE: Created PIE world by copying editor world from /Game/Maps/CrossyRoads.CrossyRoads to /Game/Maps/UEDPIE_0_CrossyRoads.CrossyRoads (0.013933s)
[2020.05.15-08.51.05:802][748]LogUObjectHash: Compacting FUObjectHashTables data took   3.55ms
[2020.05.15-08.51.05:803][748]LogAudioMixer: Display: Audio Mixer Platform Settings:
[2020.05.15-08.51.05:803][748]LogAudioMixer: Display: 	Sample Rate:						  48000
[2020.05.15-08.51.05:803][748]LogAudioMixer: Display: 	Callback Buffer Frame Size Requested: 256
[2020.05.15-08.51.05:803][748]LogAudioMixer: Display: 	Callback Buffer Frame Size To Use:	  256
[2020.05.15-08.51.05:803][748]LogAudioMixer: Display: 	Number of buffers to queue:			  7
[2020.05.15-08.51.05:803][748]LogAudioMixer: Display: 	Max Channels (voices):				  32
[2020.05.15-08.51.05:804][748]LogAudioMixer: Display: 	Number of Async Source Workers:		  0
[2020.05.15-08.51.05:804][748]LogAudio: Display: AudioDevice MaxSources: 32
[2020.05.15-08.51.05:804][748]LogAudio: Display: Using built-in audio occlusion.
[2020.05.15-08.51.05:804][748]LogAudioMixer: Display: Initializing audio mixer.
[2020.05.15-08.51.05:825][748]LogAudioMixer: Display: Audio Device Output Speaker Info:
[2020.05.15-08.51.05:825][748]LogAudioMixer: Display: Name: Speakers (Realtek(R) Audio)
[2020.05.15-08.51.05:825][748]LogAudioMixer: Display: Is Default: Yes
[2020.05.15-08.51.05:825][748]LogAudioMixer: Display: Sample Rate: 48000
[2020.05.15-08.51.05:825][748]LogAudioMixer: Display: Channel Count Used: 2
[2020.05.15-08.51.05:825][748]LogAudioMixer: Display: Device Channel Count: 2
[2020.05.15-08.51.05:825][748]LogAudioMixer: Display: Channel Order:
[2020.05.15-08.51.05:825][748]LogAudioMixer: Display: 0: FrontLeft
[2020.05.15-08.51.05:825][748]LogAudioMixer: Display: 1: FrontRight
[2020.05.15-08.51.05:862][748]LogAudioMixer: Display: Using Audio Device Speakers (Realtek(R) Audio)
[2020.05.15-08.51.05:865][748]LogInit: FAudioDevice initialized.
[2020.05.15-08.51.05:881][748]LogLoad: Game class is 'GM_CrossyRoad_C'
[2020.05.15-08.51.05:891][748]LogWorld: Bringing World /Game/Maps/UEDPIE_0_CrossyRoads.CrossyRoads up for play (max tick rate 0) at 2020.05.15-01.51.05
[2020.05.15-08.51.05:891][748]LogWorld: Bringing up level for play took: 0.008240
[2020.05.15-08.51.05:892][748]LogOnline: OSS: Creating online subsystem instance for: :Context_2
[2020.05.15-08.51.05:895][748]LogSpawn: Warning: SpawnActor failed because no class was specified
[2020.05.15-08.51.05:900][748]LogContentBrowser: Native class hierarchy updated for 'MovieSceneCapture' in 0.0007 seconds. Added 20 classes and 0 folders.
[2020.05.15-08.51.05:927][748]PIE: Play in editor start time for /Game/Maps/UEDPIE_0_CrossyRoads -0.236
[2020.05.15-08.51.10:385][933]LogBlueprintUserMessages: [BP_Player_C_0] DEATH
[2020.05.15-08.51.14:209][102]LogBlueprintUserMessages: [BP_Player_C_0] DEATH
[2020.05.15-08.51.30:216][838]LogBlueprintUserMessages: [BP_Player_C_0] DEATH
[2020.05.15-08.51.30:691][860]LogBlueprintUserMessages: [BP_Player_C_0] DEATH
[2020.05.15-08.51.30:823][866]LogBlueprintUserMessages: [BP_Player_C_0] DEATH
[2020.05.15-08.51.31:349][888]LogBlueprintUserMessages: [BP_Player_C_0] DEATH
[2020.05.15-08.51.31:489][894]LogBlueprintUserMessages: [BP_Player_C_0] DEATH
[2020.05.15-08.51.32:279][930]LogBlueprintUserMessages: [BP_Player_C_0] DEATH
[2020.05.15-08.51.32:577][940]LogBlueprintUserMessages: [BP_Player_C_0] DEATH
[2020.05.15-08.51.44:120][444]LogBlueprintUserMessages: [BP_Player_C_0] DEATH
[2020.05.15-08.52.11:982][633]LogBlueprintUserMessages: [BP_Player_C_0] DEATH
[2020.05.15-08.52.35:499][690]LogBlueprintUserMessages: [BP_Player_C_0] DEATH
[2020.05.15-08.52.36:652][751]LogBlueprintUserMessages: [BP_Player_C_0] DEATH
[2020.05.15-08.52.36:929][765]LogBlueprintUserMessages: [BP_Player_C_0] DEATH
[2020.05.15-08.52.37:293][783]LogBlueprintUserMessages: [BP_Player_C_0] DEATH
[2020.05.15-08.52.37:405][788]LogBlueprintUserMessages: [BP_Player_C_0] DEATH OUT OF BOUNDS
[2020.05.15-08.52.37:424][789]LogBlueprintUserMessages: [BP_Player_C_0] DEATH OUT OF BOUNDS
[2020.05.15-08.52.37:444][790]LogBlueprintUserMessages: [BP_Player_C_0] DEATH OUT OF BOUNDS
[2020.05.15-08.52.37:464][791]LogBlueprintUserMessages: [BP_Player_C_0] DEATH OUT OF BOUNDS
[2020.05.15-08.52.37:482][792]LogBlueprintUserMessages: [BP_Player_C_0] DEATH OUT OF BOUNDS
[2020.05.15-08.52.37:501][793]LogBlueprintUserMessages: [BP_Player_C_0] DEATH OUT OF BOUNDS
[2020.05.15-08.52.37:521][794]LogBlueprintUserMessages: [BP_Player_C_0] DEATH OUT OF BOUNDS
[2020.05.15-08.52.37:540][795]LogBlueprintUserMessages: [BP_Player_C_0] DEATH OUT OF BOUNDS
[2020.05.15-08.52.37:560][796]LogBlueprintUserMessages: [BP_Player_C_0] DEATH OUT OF BOUNDS
[2020.05.15-08.52.37:580][797]LogBlueprintUserMessages: [BP_Player_C_0] DEATH OUT OF BOUNDS
[2020.05.15-08.52.37:598][798]LogBlueprintUserMessages: [BP_Player_C_0] DEATH OUT OF BOUNDS
[2020.05.15-08.52.37:619][799]LogBlueprintUserMessages: [BP_Player_C_0] DEATH OUT OF BOUNDS
[2020.05.15-08.52.37:638][800]LogBlueprintUserMessages: [BP_Player_C_0] DEATH OUT OF BOUNDS
[2020.05.15-08.52.37:659][801]LogBlueprintUserMessages: [BP_Player_C_0] DEATH OUT OF BOUNDS
[2020.05.15-08.52.37:678][802]LogBlueprintUserMessages: [BP_Player_C_0] DEATH OUT OF BOUNDS
[2020.05.15-08.52.37:699][803]LogBlueprintUserMessages: [BP_Player_C_0] DEATH OUT OF BOUNDS
[2020.05.15-08.52.37:720][804]LogBlueprintUserMessages: [BP_Player_C_0] DEATH OUT OF BOUNDS
[2020.05.15-08.52.37:740][805]LogBlueprintUserMessages: [BP_Player_C_0] DEATH OUT OF BOUNDS
[2020.05.15-08.52.37:761][806]LogBlueprintUserMessages: [BP_Player_C_0] DEATH OUT OF BOUNDS
[2020.05.15-08.52.37:782][807]LogBlueprintUserMessages: [BP_Player_C_0] DEATH OUT OF BOUNDS
[2020.05.15-08.52.37:802][808]LogBlueprintUserMessages: [BP_Player_C_0] DEATH OUT OF BOUNDS
[2020.05.15-08.52.37:822][809]LogBlueprintUserMessages: [BP_Player_C_0] DEATH OUT OF BOUNDS
[2020.05.15-08.52.37:842][810]LogBlueprintUserMessages: [BP_Player_C_0] DEATH OUT OF BOUNDS
[2020.05.15-08.52.37:862][811]LogBlueprintUserMessages: [BP_Player_C_0] DEATH OUT OF BOUNDS
[2020.05.15-08.52.37:882][812]LogBlueprintUserMessages: [BP_Player_C_0] DEATH OUT OF BOUNDS
[2020.05.15-08.52.37:902][813]LogBlueprintUserMessages: [BP_Player_C_0] DEATH OUT OF BOUNDS
[2020.05.15-08.52.37:921][814]LogBlueprintUserMessages: [BP_Player_C_0] DEATH OUT OF BOUNDS
[2020.05.15-08.52.37:942][815]LogBlueprintUserMessages: [BP_Player_C_0] DEATH OUT OF BOUNDS
[2020.05.15-08.52.37:962][816]LogBlueprintUserMessages: [BP_Player_C_0] DEATH OUT OF BOUNDS
[2020.05.15-08.52.37:981][817]LogBlueprintUserMessages: [BP_Player_C_0] DEATH OUT OF BOUNDS
[2020.05.15-08.52.38:001][818]LogBlueprintUserMessages: [BP_Player_C_0] DEATH OUT OF BOUNDS
[2020.05.15-08.52.38:021][819]LogBlueprintUserMessages: [BP_Player_C_0] DEATH OUT OF BOUNDS
[2020.05.15-08.52.38:040][820]LogBlueprintUserMessages: [BP_Player_C_0] DEATH OUT OF BOUNDS
[2020.05.15-08.52.38:062][821]LogBlueprintUserMessages: [BP_Player_C_0] DEATH OUT OF BOUNDS
[2020.05.15-08.52.38:083][822]LogBlueprintUserMessages: [BP_Player_C_0] DEATH OUT OF BOUNDS
[2020.05.15-08.52.38:105][823]LogBlueprintUserMessages: [BP_Player_C_0] DEATH OUT OF BOUNDS
[2020.05.15-08.52.38:128][824]LogBlueprintUserMessages: [BP_Player_C_0] DEATH OUT OF BOUNDS
[2020.05.15-08.52.38:150][825]LogBlueprintUserMessages: [BP_Player_C_0] DEATH OUT OF BOUNDS
[2020.05.15-08.52.38:171][826]LogBlueprintUserMessages: [BP_Player_C_0] DEATH OUT OF BOUNDS
[2020.05.15-08.52.38:196][827]LogBlueprintUserMessages: [BP_Player_C_0] DEATH OUT OF BOUNDS
[2020.05.15-08.52.38:215][828]LogBlueprintUserMessages: [BP_Player_C_0] DEATH OUT OF BOUNDS
[2020.05.15-08.52.38:235][829]LogBlueprintUserMessages: [BP_Player_C_0] DEATH OUT OF BOUNDS
[2020.05.15-08.52.38:254][830]LogBlueprintUserMessages: [BP_Player_C_0] DEATH OUT OF BOUNDS
[2020.05.15-08.52.38:274][831]LogBlueprintUserMessages: [BP_Player_C_0] DEATH OUT OF BOUNDS
[2020.05.15-08.52.38:296][832]LogBlueprintUserMessages: [BP_Player_C_0] DEATH OUT OF BOUNDS
[2020.05.15-08.52.38:319][833]LogBlueprintUserMessages: [BP_Player_C_0] DEATH OUT OF BOUNDS
[2020.05.15-08.52.38:340][834]LogBlueprintUserMessages: [BP_Player_C_0] DEATH OUT OF BOUNDS
[2020.05.15-08.52.38:359][835]LogBlueprintUserMessages: [BP_Player_C_0] DEATH OUT OF BOUNDS
[2020.05.15-08.52.38:379][836]LogBlueprintUserMessages: [BP_Player_C_0] DEATH OUT OF BOUNDS
[2020.05.15-08.52.38:400][837]LogBlueprintUserMessages: [BP_Player_C_0] DEATH OUT OF BOUNDS
[2020.05.15-08.52.38:419][838]LogBlueprintUserMessages: [BP_Player_C_0] DEATH OUT OF BOUNDS
[2020.05.15-08.52.38:439][839]LogBlueprintUserMessages: [BP_Player_C_0] DEATH OUT OF BOUNDS
[2020.05.15-08.52.38:459][840]LogBlueprintUserMessages: [BP_Player_C_0] DEATH OUT OF BOUNDS
[2020.05.15-08.52.38:479][841]LogBlueprintUserMessages: [BP_Player_C_0] DEATH OUT OF BOUNDS
[2020.05.15-08.52.38:499][842]LogBlueprintUserMessages: [BP_Player_C_0] DEATH OUT OF BOUNDS
[2020.05.15-08.52.38:524][843]LogBlueprintUserMessages: [BP_Player_C_0] DEATH OUT OF BOUNDS
[2020.05.15-08.52.38:543][844]LogBlueprintUserMessages: [BP_Player_C_0] DEATH OUT OF BOUNDS
[2020.05.15-08.52.38:564][845]LogBlueprintUserMessages: [BP_Player_C_0] DEATH OUT OF BOUNDS
[2020.05.15-08.52.38:587][846]LogBlueprintUserMessages: [BP_Player_C_0] DEATH OUT OF BOUNDS
[2020.05.15-08.52.38:610][847]LogBlueprintUserMessages: [BP_Player_C_0] DEATH OUT OF BOUNDS
[2020.05.15-08.52.38:632][848]LogBlueprintUserMessages: [BP_Player_C_0] DEATH OUT OF BOUNDS
[2020.05.15-08.52.38:658][849]LogBlueprintUserMessages: [BP_Player_C_0] DEATH OUT OF BOUNDS
[2020.05.15-08.52.38:683][850]LogBlueprintUserMessages: [BP_Player_C_0] DEATH OUT OF BOUNDS
[2020.05.15-08.52.38:705][851]LogBlueprintUserMessages: [BP_Player_C_0] DEATH OUT OF BOUNDS
[2020.05.15-08.52.38:727][852]LogBlueprintUserMessages: [BP_Player_C_0] DEATH OUT OF BOUNDS
[2020.05.15-08.52.38:749][853]LogBlueprintUserMessages: [BP_Player_C_0] DEATH OUT OF BOUNDS
[2020.05.15-08.52.38:771][854]LogBlueprintUserMessages: [BP_Player_C_0] DEATH OUT OF BOUNDS
[2020.05.15-08.52.38:793][855]LogBlueprintUserMessages: [BP_Player_C_0] DEATH OUT OF BOUNDS
[2020.05.15-08.52.38:813][856]LogBlueprintUserMessages: [BP_Player_C_0] DEATH OUT OF BOUNDS
[2020.05.15-08.52.38:837][857]LogBlueprintUserMessages: [BP_Player_C_0] DEATH OUT OF BOUNDS
[2020.05.15-08.52.38:883][859]LogBlueprintUserMessages: [BP_Player_C_0] DEATH OUT OF BOUNDS
[2020.05.15-08.52.38:902][860]LogBlueprintUserMessages: [BP_Player_C_0] DEATH OUT OF BOUNDS
[2020.05.15-08.52.38:922][861]LogBlueprintUserMessages: [BP_Player_C_0] DEATH OUT OF BOUNDS
[2020.05.15-08.52.38:941][862]LogBlueprintUserMessages: [BP_Player_C_0] DEATH OUT OF BOUNDS
[2020.05.15-08.52.38:961][863]LogBlueprintUserMessages: [BP_Player_C_0] DEATH OUT OF BOUNDS
[2020.05.15-08.52.38:980][864]LogBlueprintUserMessages: [BP_Player_C_0] DEATH OUT OF BOUNDS
[2020.05.15-08.52.38:999][865]LogBlueprintUserMessages: [BP_Player_C_0] DEATH OUT OF BOUNDS
[2020.05.15-08.52.39:019][866]LogBlueprintUserMessages: [BP_Player_C_0] DEATH OUT OF BOUNDS
[2020.05.15-08.52.39:038][867]LogBlueprintUserMessages: [BP_Player_C_0] DEATH OUT OF BOUNDS
[2020.05.15-08.52.39:057][868]LogBlueprintUserMessages: [BP_Player_C_0] DEATH OUT OF BOUNDS
[2020.05.15-08.52.39:078][869]LogBlueprintUserMessages: [BP_Player_C_0] DEATH OUT OF BOUNDS
[2020.05.15-08.52.39:098][870]LogBlueprintUserMessages: [BP_Player_C_0] DEATH OUT OF BOUNDS
[2020.05.15-08.52.39:119][871]LogBlueprintUserMessages: [BP_Player_C_0] DEATH OUT OF BOUNDS
[2020.05.15-08.52.39:158][873]LogBlueprintUserMessages: [BP_Player_C_0] DEATH OUT OF BOUNDS
[2020.05.15-08.52.39:182][874]LogBlueprintUserMessages: [BP_Player_C_0] DEATH OUT OF BOUNDS
[2020.05.15-08.52.39:202][875]LogBlueprintUserMessages: [BP_Player_C_0] DEATH OUT OF BOUNDS
[2020.05.15-08.52.39:221][876]LogBlueprintUserMessages: [BP_Player_C_0] DEATH OUT OF BOUNDS
[2020.05.15-08.52.39:240][877]LogBlueprintUserMessages: [BP_Player_C_0] DEATH OUT OF BOUNDS
[2020.05.15-08.52.39:261][878]LogBlueprintUserMessages: [BP_Player_C_0] DEATH OUT OF BOUNDS
[2020.05.15-08.52.39:283][879]LogBlueprintUserMessages: [BP_Player_C_0] DEATH OUT OF BOUNDS
[2020.05.15-08.52.39:306][880]LogBlueprintUserMessages: [BP_Player_C_0] DEATH OUT OF BOUNDS
[2020.05.15-08.52.39:328][881]LogBlueprintUserMessages: [BP_Player_C_0] DEATH OUT OF BOUNDS
[2020.05.15-08.52.39:351][882]LogBlueprintUserMessages: [BP_Player_C_0] DEATH OUT OF BOUNDS
[2020.05.15-08.52.39:374][883]LogBlueprintUserMessages: [BP_Player_C_0] DEATH OUT OF BOUNDS
[2020.05.15-08.52.39:397][884]LogBlueprintUserMessages: [BP_Player_C_0] DEATH OUT OF BOUNDS
[2020.05.15-08.52.39:442][886]LogBlueprintUserMessages: [BP_Player_C_0] DEATH OUT OF BOUNDS
[2020.05.15-08.52.39:461][887]LogBlueprintUserMessages: [BP_Player_C_0] DEATH OUT OF BOUNDS
[2020.05.15-08.52.39:480][888]LogBlueprintUserMessages: [BP_Player_C_0] DEATH OUT OF BOUNDS
[2020.05.15-08.52.39:501][889]LogBlueprintUserMessages: [BP_Player_C_0] DEATH OUT OF BOUNDS
[2020.05.15-08.52.39:522][890]LogBlueprintUserMessages: [BP_Player_C_0] DEATH OUT OF BOUNDS
[2020.05.15-08.52.39:542][891]LogBlueprintUserMessages: [BP_Player_C_0] DEATH OUT OF BOUNDS
[2020.05.15-08.52.39:561][892]LogBlueprintUserMessages: [BP_Player_C_0] DEATH OUT OF BOUNDS
[2020.05.15-08.52.39:581][893]LogBlueprintUserMessages: [BP_Player_C_0] DEATH OUT OF BOUNDS
[2020.05.15-08.52.39:601][894]LogBlueprintUserMessages: [BP_Player_C_0] DEATH OUT OF BOUNDS
[2020.05.15-08.52.39:621][895]LogBlueprintUserMessages: [BP_Player_C_0] DEATH OUT OF BOUNDS
[2020.05.15-08.52.39:641][896]LogBlueprintUserMessages: [BP_Player_C_0] DEATH OUT OF BOUNDS
[2020.05.15-08.52.39:662][897]LogBlueprintUserMessages: [BP_Player_C_0] DEATH OUT OF BOUNDS
[2020.05.15-08.52.39:703][899]LogBlueprintUserMessages: [BP_Player_C_0] DEATH OUT OF BOUNDS
[2020.05.15-08.52.39:706][899]LogAudioMixer: Display: No commands were queued while flushing the source manager.
[2020.05.15-08.52.39:708][899]LogAudioMixer: Display: Flush succeeded in the source manager command queue (1).
[2020.05.15-08.52.39:719][899]LogAudioMixer: Display: Flush succeeded the source manager command queue (2).
[2020.05.15-08.52.39:720][899]LogSlate: Updating window title bar state: overlay mode, drag disabled, window buttons hidden, title bar hidden
[2020.05.15-08.52.39:720][899]LogWorld: BeginTearingDown for /Game/Maps/UEDPIE_0_CrossyRoads
[2020.05.15-08.52.39:720][899]LogAudioMixer: Display: No commands were queued while flushing the source manager.
[2020.05.15-08.52.39:721][899]LogWorld: UWorld::CleanupWorld for CrossyRoads, bSessionEnded=true, bCleanupResources=true
[2020.05.15-08.52.39:723][899]LogSlate: InvalidateAllWidgets triggered.  All widgets were invalidated
[2020.05.15-08.52.39:746][899]LogPlayLevel: Display: Shutting down PIE online subsystems
[2020.05.15-08.52.39:753][899]LogSlate: InvalidateAllWidgets triggered.  All widgets were invalidated
[2020.05.15-08.52.39:801][899]LogAudioMixer: Display: No commands were queued while flushing the source manager.
[2020.05.15-08.52.39:808][899]LogSlate: Updating window title bar state: overlay mode, drag disabled, window buttons hidden, title bar hidden
[2020.05.15-08.52.39:816][899]LogUObjectHash: Compacting FUObjectHashTables data took   4.02ms
[2020.05.15-08.52.39:856][900]LogPlayLevel: Display: Destroying online subsystem :Context_2
[2020.05.15-08.53.15:310][160]LogSlate: Took 0.000486 seconds to synchronously load lazily loaded font '../../../Engine/Content/Slate/Fonts/Roboto-Light.ttf' (167K)
[2020.05.15-08.53.15:358][160]LogFactory: FactoryCreateFile: StaticMesh with FbxFactory (0 0 ../../../../../../Users/Ariosto/Downloads/Vox/Coin.obj)
[2020.05.15-08.53.15:420][160]LogFbx: Loading FBX Scene from ../../../../../../Users/Ariosto/Downloads/Vox/Coin.obj
[2020.05.15-08.53.15:434][160]LogFbx: FBX Scene Loaded Succesfully
[2020.05.15-08.53.24:385][160]LogSlate: Window 'FBX Import Options' being destroyed
[2020.05.15-08.53.24:904][160]LogMaterial: Display: Missing cached shader map for material defaultMat, compiling. 
[2020.05.15-08.53.25:028][160]LogShaderCompilers: Display: Worker (1/5): shaders left to compile 15
[2020.05.15-08.53.25:028][160]LogShaderCompilers: Display: Worker (2/5): shaders left to compile 11
[2020.05.15-08.53.25:028][160]LogShaderCompilers: Display: Worker (3/5): shaders left to compile 7
[2020.05.15-08.53.25:028][160]LogShaderCompilers: Display: Worker (4/5): shaders left to compile 3
[2020.05.15-08.53.25:043][160]LogStaticMesh: Building static mesh Coin...
[2020.05.15-08.53.25:045][160]LogStaticMesh: Built static mesh [0.00s] /Game/Blueprints/Environment/sign_assets/Coin.Coin
[2020.05.15-08.53.25:048][160]LogStaticMesh: Warning: Coin has degenerate tangent bases which will result in incorrect shading.  MikkTSpace relies on tangent bases and may result in mesh corruption, consider disabling this option.
[2020.05.15-08.53.25:048][160]LogStaticMesh: Warning: Coin has some nearly zero bi-normals which can create some issues. (Tolerance of 1E-4)
[2020.05.15-08.53.25:071][160]FBXImport: Warning: No smoothing group information was found in this FBX scene.  Please make sure to enable the 'Export Smoothing Groups' option in the FBX Exporter plug-in before exporting the file.  Even for tools that don't support smoothing groups, the FBX Exporter will generate appropriate smoothing data at export-time so that correct vertex normals can be inferred while importing. 
[2020.05.15-08.53.25:072][160]FBXImport: Warning: Coin has degenerate tangent bases which will result in incorrect shading.  MikkTSpace relies on tangent bases and may result in mesh corruption, consider disabling this option. 
[2020.05.15-08.53.25:072][160]FBXImport: Warning: Coin has some nearly zero bi-normals which can create some issues. (Tolerance of 1E-4) 
[2020.05.15-08.53.26:561][205]LogSlate: Window 'Message Log' being destroyed
[2020.05.15-08.53.26:586][205]LogSlate: Window 'Message Log' being destroyed
[2020.05.15-08.53.28:401][247]LogAssetEditorSubsystem: Opening Asset editor for StaticMesh /Game/Blueprints/Environment/sign_assets/Coin.Coin
[2020.05.15-08.53.29:357][247]LogRenderer: Reallocating scene render targets to support 1068x808 Format 10 NumSamples 1 (Frame:1).
[2020.05.15-08.53.29:358][247]LogSlate: Took 0.000242 seconds to synchronously load lazily loaded font '../../../Engine/Content/Slate/Fonts/Roboto-Italic.ttf' (157K)
[2020.05.15-08.53.37:369][453]Cmd: OBJ SAVEPACKAGE PACKAGE="/Game/Blueprints/Environment/sign_assets/Coin" FILE="../../../../../../Users/Ariosto/Desktop/Crossyroad/Content/Blueprints/Environment/sign_assets/Coin.uasset" SILENT=true
[2020.05.15-08.53.37:410][453]LogSavePackage: Moving '../../../../../../Users/Ariosto/Desktop/Crossyroad/Saved/Coin0CF868F34AB9F1C00723438DF7CDB8EC.tmp' to '../../../../../../Users/Ariosto/Desktop/Crossyroad/Content/Blueprints/Environment/sign_assets/Coin.uasset'
[2020.05.15-08.53.37:443][453]AssetCheck: New page: Asset Save: Coin
[2020.05.15-08.53.37:444][453]LogContentValidation: Display: Validating StaticMesh /Game/Blueprints/Environment/sign_assets/Coin.Coin
[2020.05.15-08.53.38:630][489]LogSlate: Window 'Coin' being destroyed
[2020.05.15-08.53.38:662][489]LogSlate: Window 'Coin' being destroyed
[2020.05.15-08.53.38:721][489]LogWorld: UWorld::CleanupWorld for World_6, bSessionEnded=true, bCleanupResources=true
[2020.05.15-08.53.38:721][489]LogSlate: InvalidateAllWidgets triggered.  All widgets were invalidated
[2020.05.15-08.54.19:287][734]Cmd: OBJ SAVEPACKAGE PACKAGE="/Game/Maps/CrossyRoads" FILE="../../../../../../Users/Ariosto/Desktop/Crossyroad/Content/Maps/CrossyRoads.umap" SILENT=true AUTOSAVING=false KEEPDIRTY=false
[2020.05.15-08.54.19:343][734]LogUObjectHash: Compacting FUObjectHashTables data took   3.82ms
[2020.05.15-08.54.19:553][734]LogSavePackage: Moving '../../../../../../Users/Ariosto/Desktop/Crossyroad/Saved/CrossyRoads6E6C62164711B8C9335E1F98B49D17A3.tmp' to '../../../../../../Users/Ariosto/Desktop/Crossyroad/Content/Maps/CrossyRoads.umap'
[2020.05.15-08.54.19:669][734]Cmd: OBJ SAVEPACKAGE PACKAGE="/Game/Maps/CrossyRoads_BuiltData" FILE="../../../../../../Users/Ariosto/Desktop/Crossyroad/Content/Maps/CrossyRoads_BuiltData.uasset" SILENT=true
[2020.05.15-08.54.19:820][734]LogSavePackage: Moving '../../../../../../Users/Ariosto/Desktop/Crossyroad/Saved/CrossyRoads_BuiltData07B162B8409B347100479C9110367A07.tmp' to '../../../../../../Users/Ariosto/Desktop/Crossyroad/Content/Maps/CrossyRoads_BuiltData.uasset'
[2020.05.15-08.54.19:863][734]AssetCheck: New page: Asset Save: multiple assets
[2020.05.15-08.54.19:863][734]LogContentValidation: Display: Validating World /Game/Maps/CrossyRoads.CrossyRoads
[2020.05.15-08.54.19:863][734]LogContentValidation: Display: Validating MapBuildDataRegistry /Game/Maps/CrossyRoads_BuiltData.CrossyRoads_BuiltData
[2020.05.15-08.54.20:483][747]LogUObjectHash: Compacting FUObjectHashTables data took   3.95ms
[2020.05.15-08.54.22:452][747]LogSlate: Window 'Save Content' being destroyed
[2020.05.15-08.54.22:566][747]LogSavePackage: Moving '../../../../../../Users/Ariosto/Desktop/Crossyroad/Saved/defaultMat662AC0A34F2177D00A165486E3DE3AF1.tmp' to '../../../../../../Users/Ariosto/Desktop/Crossyroad/Content/Blueprints/Environment/sign_assets/defaultMat.uasset'
[2020.05.15-08.54.22:594][747]AssetCheck: New page: Asset Save: defaultMat
[2020.05.15-08.54.22:594][747]LogContentValidation: Display: Validating Material /Game/Blueprints/Environment/sign_assets/defaultMat.defaultMat
[2020.05.15-08.54.31:325][ 43]LogAssetEditorSubsystem: Opening Asset editor for WidgetBlueprint /Game/Blueprints/UI/Game_HUD.Game_HUD
[2020.05.15-08.54.31:759][ 43]LogContentBrowser: Native class hierarchy updated for 'BlueprintGraph' in 0.0012 seconds. Added 121 classes and 0 folders.
[2020.05.15-08.54.34:793][ 43]LogSlate: Took 0.000331 seconds to synchronously load lazily loaded font '../../../Engine/Content/Slate/Fonts/Roboto-BoldCondensed.ttf' (158K)
[2020.05.15-08.55.40:892][765]BlueprintLog: New page: Compile Game_HUD
[2020.05.15-08.55.41:043][765]LogUObjectHash: Compacting FUObjectHashTables data took  12.27ms
[2020.05.15-08.55.43:073][839]LogSlate: Window 'Game_HUD' being destroyed
[2020.05.15-08.55.43:087][839]LogSlate: Window 'Game_HUD' being destroyed
[2020.05.15-08.55.43:095][839]LogWorld: UWorld::CleanupWorld for World_8, bSessionEnded=true, bCleanupResources=true
[2020.05.15-08.55.43:095][839]LogSlate: InvalidateAllWidgets triggered.  All widgets were invalidated
[2020.05.15-08.55.43:170][839]LogWorld: UWorld::CleanupWorld for World_7, bSessionEnded=true, bCleanupResources=true
[2020.05.15-08.55.43:170][839]LogSlate: InvalidateAllWidgets triggered.  All widgets were invalidated
[2020.05.15-08.55.46:232][ 13]LogTemp: Repeating last play command: Selected Viewport
[2020.05.15-08.55.46:295][ 13]LogPlayLevel: PlayLevel: No blueprints needed recompiling
[2020.05.15-08.55.46:295][ 13]PIE: New page: PIE session: CrossyRoads (May 14, 2020, 6:55:46 PM)
[2020.05.15-08.55.46:295][ 13]LogPlayLevel: Creating play world package: /Game/Maps/UEDPIE_0_CrossyRoads
[2020.05.15-08.55.46:309][ 13]LogPlayLevel: PIE: StaticDuplicateObject took: (0.013946s)
[2020.05.15-08.55.46:312][ 13]LogAIModule: Creating AISystem for world CrossyRoads
[2020.05.15-08.55.46:312][ 13]LogPlayLevel: PIE: World Init took: (0.002643s)
[2020.05.15-08.55.46:312][ 13]LogPlayLevel: PIE: Created PIE world by copying editor world from /Game/Maps/CrossyRoads.CrossyRoads to /Game/Maps/UEDPIE_0_CrossyRoads.CrossyRoads (0.016999s)
[2020.05.15-08.55.46:426][ 13]LogUObjectHash: Compacting FUObjectHashTables data took   9.26ms
[2020.05.15-08.55.46:428][ 13]LogAudioMixer: Display: Audio Mixer Platform Settings:
[2020.05.15-08.55.46:428][ 13]LogAudioMixer: Display: 	Sample Rate:						  48000
[2020.05.15-08.55.46:428][ 13]LogAudioMixer: Display: 	Callback Buffer Frame Size Requested: 256
[2020.05.15-08.55.46:428][ 13]LogAudioMixer: Display: 	Callback Buffer Frame Size To Use:	  256
[2020.05.15-08.55.46:428][ 13]LogAudioMixer: Display: 	Number of buffers to queue:			  7
[2020.05.15-08.55.46:428][ 13]LogAudioMixer: Display: 	Max Channels (voices):				  32
[2020.05.15-08.55.46:428][ 13]LogAudioMixer: Display: 	Number of Async Source Workers:		  0
[2020.05.15-08.55.46:428][ 13]LogAudio: Display: AudioDevice MaxSources: 32
[2020.05.15-08.55.46:429][ 13]LogAudio: Display: Using built-in audio occlusion.
[2020.05.15-08.55.46:429][ 13]LogAudioMixer: Display: Initializing audio mixer.
[2020.05.15-08.55.46:448][ 13]LogAudioMixer: Display: Audio Device Output Speaker Info:
[2020.05.15-08.55.46:448][ 13]LogAudioMixer: Display: Name: Speakers (Realtek(R) Audio)
[2020.05.15-08.55.46:448][ 13]LogAudioMixer: Display: Is Default: Yes
[2020.05.15-08.55.46:448][ 13]LogAudioMixer: Display: Sample Rate: 48000
[2020.05.15-08.55.46:448][ 13]LogAudioMixer: Display: Channel Count Used: 2
[2020.05.15-08.55.46:448][ 13]LogAudioMixer: Display: Device Channel Count: 2
[2020.05.15-08.55.46:448][ 13]LogAudioMixer: Display: Channel Order:
[2020.05.15-08.55.46:448][ 13]LogAudioMixer: Display: 0: FrontLeft
[2020.05.15-08.55.46:448][ 13]LogAudioMixer: Display: 1: FrontRight
[2020.05.15-08.55.46:488][ 13]LogAudioMixer: Display: Using Audio Device Speakers (Realtek(R) Audio)
[2020.05.15-08.55.46:491][ 13]LogInit: FAudioDevice initialized.
[2020.05.15-08.55.46:506][ 13]LogLoad: Game class is 'GM_CrossyRoad_C'
[2020.05.15-08.55.46:514][ 13]LogWorld: Bringing World /Game/Maps/UEDPIE_0_CrossyRoads.CrossyRoads up for play (max tick rate 0) at 2020.05.15-01.55.46
[2020.05.15-08.55.46:515][ 13]LogWorld: Bringing up level for play took: 0.007200
[2020.05.15-08.55.46:515][ 13]LogOnline: OSS: Creating online subsystem instance for: :Context_11
[2020.05.15-08.55.46:518][ 13]LogSpawn: Warning: SpawnActor failed because no class was specified
[2020.05.15-08.55.46:543][ 13]PIE: Play in editor start time for /Game/Maps/UEDPIE_0_CrossyRoads 0.38
[2020.05.15-08.55.53:847][335]LogBlueprintUserMessages: [BP_Player_C_0] DEATH
[2020.05.15-08.55.54:446][363]LogBlueprintUserMessages: [BP_Player_C_0] DEATH
[2020.05.15-08.55.55:057][391]LogBlueprintUserMessages: [BP_Player_C_0] DEATH
[2020.05.15-08.55.55:188][397]LogBlueprintUserMessages: [BP_Player_C_0] DEATH
[2020.05.15-08.55.55:706][420]LogBlueprintUserMessages: [BP_Player_C_0] DEATH
[2020.05.15-08.55.55:842][426]LogBlueprintUserMessages: [BP_Player_C_0] DEATH
[2020.05.15-08.55.56:331][448]LogBlueprintUserMessages: [BP_Player_C_0] DEATH
[2020.05.15-08.55.56:463][454]LogBlueprintUserMessages: [BP_Player_C_0] DEATH
[2020.05.15-08.55.58:550][544]LogAudioMixer: Display: No commands were queued while flushing the source manager.
[2020.05.15-08.55.58:550][544]LogAudioMixer: Display: Flush succeeded in the source manager command queue (1).
[2020.05.15-08.55.58:560][544]LogAudioMixer: Display: Flush succeeded the source manager command queue (2).
[2020.05.15-08.55.58:561][544]LogSlate: Updating window title bar state: overlay mode, drag disabled, window buttons hidden, title bar hidden
[2020.05.15-08.55.58:561][544]LogWorld: BeginTearingDown for /Game/Maps/UEDPIE_0_CrossyRoads
[2020.05.15-08.55.58:562][544]LogAudioMixer: Display: No commands were queued while flushing the source manager.
[2020.05.15-08.55.58:562][544]LogWorld: UWorld::CleanupWorld for CrossyRoads, bSessionEnded=true, bCleanupResources=true
[2020.05.15-08.55.58:564][544]LogSlate: InvalidateAllWidgets triggered.  All widgets were invalidated
[2020.05.15-08.55.58:592][544]LogPlayLevel: Display: Shutting down PIE online subsystems
[2020.05.15-08.55.58:602][544]LogSlate: InvalidateAllWidgets triggered.  All widgets were invalidated
[2020.05.15-08.55.58:656][544]LogAudioMixer: Display: No commands were queued while flushing the source manager.
[2020.05.15-08.55.58:662][544]LogSlate: Updating window title bar state: overlay mode, drag disabled, window buttons hidden, title bar hidden
[2020.05.15-08.55.58:705][544]LogUObjectHash: Compacting FUObjectHashTables data took   8.42ms
[2020.05.15-08.55.58:740][545]LogPlayLevel: Display: Destroying online subsystem :Context_11
[2020.05.15-08.56.26:191][885]LogUObjectHash: Compacting FUObjectHashTables data took   3.40ms
[2020.05.15-08.56.27:541][885]LogSlate: Window 'Save Content' being destroyed
[2020.05.15-08.56.27:574][885]Cmd: OBJ SAVEPACKAGE PACKAGE="/Game/Blueprints/UI/Game_HUD" FILE="../../../../../../Users/Ariosto/Desktop/Crossyroad/Content/Blueprints/UI/Game_HUD.uasset" SILENT=true
[2020.05.15-08.56.27:744][885]LogSavePackage: Moving '../../../../../../Users/Ariosto/Desktop/Crossyroad/Saved/Game_HUDFB243E0346E2B9A740A4AF867AE0CC17.tmp' to '../../../../../../Users/Ariosto/Desktop/Crossyroad/Content/Blueprints/UI/Game_HUD.uasset'
[2020.05.15-08.56.27:770][885]AssetCheck: New page: Asset Save: Game_HUD
[2020.05.15-08.56.27:771][885]LogContentValidation: Display: Validating WidgetBlueprint /Game/Blueprints/UI/Game_HUD.Game_HUD
[2020.05.15-08.56.34:591][220]LogUObjectHash: Compacting FUObjectHashTables data took   2.11ms
[2020.05.15-08.56.34:807][220]LogSlate: Window 'CrossyRoads - Unreal Editor' being destroyed
[2020.05.15-08.56.34:808][220]LogWindowsTextInputMethodSystem: Display: IME system now deactivated.
[2020.05.15-08.56.35:032][221]Cmd: QUIT_EDITOR
[2020.05.15-08.56.35:032][221]LogCore: Engine exit requested (reason: UUnrealEdEngine::CloseEditor())
[2020.05.15-08.56.35:058][221]LogCore: Engine exit requested (reason: EngineExit() was called; note: exit was already requested)
[2020.05.15-08.56.35:058][221]LogAudioMixer: Display: No commands were queued while flushing the source manager.
